<?xml version="1.0" encoding="UTF-8"?>
<coverage generated="1606198998888" clover="3.2.0">
  <project timestamp="1606198998888" name="All files">
    <metrics statements="741" coveredstatements="670" conditionals="400" coveredconditionals="271" methods="237" coveredmethods="191" elements="1378" coveredelements="1132" complexity="0" loc="741" ncloc="741" packages="39" files="104" classes="104"/>
    <package name="atoms">
      <metrics statements="0" coveredstatements="0" conditionals="0" coveredconditionals="0" methods="0" coveredmethods="0"/>
      <file name="index.js" path="/Users/ravindras/Documents/fabric/codebase/copilot-ui-library/src/atoms/index.js">
        <metrics statements="0" coveredstatements="0" conditionals="0" coveredconditionals="0" methods="0" coveredmethods="0"/>
      </file>
    </package>
    <package name="atoms.button">
      <metrics statements="32" coveredstatements="30" conditionals="14" coveredconditionals="7" methods="11" coveredmethods="9"/>
      <file name="Button.js" path="/Users/ravindras/Documents/fabric/codebase/copilot-ui-library/src/atoms/button/Button.js">
        <metrics statements="4" coveredstatements="4" conditionals="0" coveredconditionals="0" methods="1" coveredmethods="1"/>
        <line num="5" count="4" type="stmt"/>
        <line num="6" count="14" type="stmt"/>
        <line num="9" count="4" type="stmt"/>
        <line num="16" count="4" type="stmt"/>
      </file>
      <file name="Button.styles.js" path="/Users/ravindras/Documents/fabric/codebase/copilot-ui-library/src/atoms/button/Button.styles.js">
        <metrics statements="28" coveredstatements="26" conditionals="14" coveredconditionals="7" methods="10" coveredmethods="8"/>
        <line num="4" count="4" type="stmt"/>
        <line num="16" count="4" type="stmt"/>
        <line num="31" count="7" type="cond" truecount="1" falsecount="1"/>
        <line num="36" count="4" type="stmt"/>
        <line num="53" count="0" type="cond" truecount="0" falsecount="2"/>
        <line num="60" count="4" type="stmt"/>
        <line num="80" count="0" type="cond" truecount="0" falsecount="2"/>
        <line num="87" count="4" type="stmt"/>
        <line num="88" count="4" type="stmt"/>
        <line num="89" count="4" type="stmt"/>
        <line num="90" count="4" type="stmt"/>
        <line num="91" count="4" type="stmt"/>
        <line num="92" count="4" type="stmt"/>
        <line num="94" count="4" type="stmt"/>
        <line num="105" count="6" type="stmt"/>
        <line num="107" count="4" type="stmt"/>
        <line num="116" count="8" type="stmt"/>
        <line num="118" count="4" type="stmt"/>
        <line num="120" count="13" type="cond" truecount="2" falsecount="0"/>
        <line num="124" count="4" type="stmt"/>
        <line num="126" count="1" type="cond" truecount="1" falsecount="1"/>
        <line num="130" count="4" type="stmt"/>
        <line num="131" count="4" type="stmt"/>
        <line num="132" count="4" type="stmt"/>
        <line num="134" count="4" type="stmt"/>
        <line num="139" count="14" type="stmt"/>
        <line num="142" count="14" type="cond" truecount="2" falsecount="0"/>
        <line num="144" count="14" type="cond" truecount="1" falsecount="1"/>
      </file>
    </package>
    <package name="atoms.buttonWithIcon">
      <metrics statements="43" coveredstatements="38" conditionals="36" coveredconditionals="22" methods="16" coveredmethods="11"/>
      <file name="ButtonWithIcon.js" path="/Users/ravindras/Documents/fabric/codebase/copilot-ui-library/src/atoms/buttonWithIcon/ButtonWithIcon.js">
        <metrics statements="8" coveredstatements="8" conditionals="12" coveredconditionals="12" methods="1" coveredmethods="1"/>
        <line num="5" count="2" type="stmt"/>
        <line num="6" count="2" type="stmt"/>
        <line num="13" count="6" type="stmt"/>
        <line num="15" count="6" type="cond" truecount="2" falsecount="0"/>
        <line num="16" count="3" type="stmt"/>
        <line num="21" count="3" type="stmt"/>
        <line num="34" count="2" type="stmt"/>
        <line num="42" count="2" type="stmt"/>
      </file>
      <file name="ButtonWithIcon.styles.js" path="/Users/ravindras/Documents/fabric/codebase/copilot-ui-library/src/atoms/buttonWithIcon/ButtonWithIcon.styles.js">
        <metrics statements="35" coveredstatements="30" conditionals="24" coveredconditionals="10" methods="15" coveredmethods="10"/>
        <line num="4" count="2" type="stmt"/>
        <line num="16" count="2" type="stmt"/>
        <line num="31" count="0" type="cond" truecount="0" falsecount="2"/>
        <line num="36" count="2" type="stmt"/>
        <line num="53" count="0" type="cond" truecount="0" falsecount="2"/>
        <line num="60" count="2" type="stmt"/>
        <line num="80" count="0" type="cond" truecount="0" falsecount="2"/>
        <line num="87" count="2" type="stmt"/>
        <line num="91" count="0" type="cond" truecount="0" falsecount="2"/>
        <line num="119" count="0" type="cond" truecount="0" falsecount="2"/>
        <line num="129" count="2" type="stmt"/>
        <line num="159" count="1" type="cond" truecount="1" falsecount="1"/>
        <line num="169" count="2" type="stmt"/>
        <line num="170" count="2" type="stmt"/>
        <line num="171" count="2" type="stmt"/>
        <line num="173" count="2" type="stmt"/>
        <line num="178" count="1" type="cond" truecount="1" falsecount="1"/>
        <line num="206" count="1" type="cond" truecount="1" falsecount="1"/>
        <line num="216" count="2" type="stmt"/>
        <line num="217" count="2" type="stmt"/>
        <line num="218" count="2" type="stmt"/>
        <line num="219" count="2" type="stmt"/>
        <line num="220" count="2" type="stmt"/>
        <line num="221" count="2" type="stmt"/>
        <line num="222" count="2" type="stmt"/>
        <line num="224" count="2" type="stmt"/>
        <line num="232" count="5" type="stmt"/>
        <line num="237" count="2" type="stmt"/>
        <line num="245" count="1" type="stmt"/>
        <line num="246" count="1" type="stmt"/>
        <line num="252" count="2" type="stmt"/>
        <line num="260" count="6" type="cond" truecount="2" falsecount="0"/>
        <line num="263" count="6" type="cond" truecount="2" falsecount="0"/>
        <line num="265" count="6" type="cond" truecount="1" falsecount="1"/>
        <line num="276" count="6" type="cond" truecount="2" falsecount="0"/>
      </file>
    </package>
    <package name="atoms.calendar">
      <metrics statements="38" coveredstatements="33" conditionals="14" coveredconditionals="7" methods="16" coveredmethods="10"/>
      <file name="Calendar.js" path="/Users/ravindras/Documents/fabric/codebase/copilot-ui-library/src/atoms/calendar/Calendar.js">
        <metrics statements="27" coveredstatements="23" conditionals="10" coveredconditionals="6" methods="14" coveredmethods="9"/>
        <line num="24" count="2" type="stmt"/>
        <line num="25" count="2" type="stmt"/>
        <line num="27" count="2" type="stmt"/>
        <line num="34" count="8" type="stmt"/>
        <line num="35" count="8" type="stmt"/>
        <line num="36" count="8" type="stmt"/>
        <line num="38" count="8" type="stmt"/>
        <line num="39" count="4" type="cond" truecount="1" falsecount="1"/>
        <line num="40" count="4" type="cond" truecount="1" falsecount="1"/>
        <line num="41" count="4" type="stmt"/>
        <line num="43" count="40" type="stmt"/>
        <line num="46" count="0" type="stmt"/>
        <line num="49" count="8" type="stmt"/>
        <line num="52" count="0" type="stmt"/>
        <line num="57" count="8" type="stmt"/>
        <line num="59" count="4" type="stmt"/>
        <line num="60" count="4" type="stmt"/>
        <line num="65" count="8" type="stmt"/>
        <line num="67" count="8" type="cond" truecount="1" falsecount="1"/>
        <line num="69" count="8" type="stmt"/>
        <line num="73" count="84" type="stmt"/>
        <line num="83" count="12" type="stmt"/>
        <line num="100" count="0" type="stmt"/>
        <line num="102" count="0" type="stmt"/>
        <line num="123" count="504" type="cond" truecount="2" falsecount="0"/>
        <line num="130" count="2" type="stmt"/>
        <line num="137" count="2" type="stmt"/>
      </file>
      <file name="Calendar.styles.js" path="/Users/ravindras/Documents/fabric/codebase/copilot-ui-library/src/atoms/calendar/Calendar.styles.js">
        <metrics statements="9" coveredstatements="8" conditionals="4" coveredconditionals="1" methods="2" coveredmethods="1"/>
        <line num="4" count="2" type="stmt"/>
        <line num="92" count="2" type="stmt"/>
        <line num="99" count="2" type="stmt"/>
        <line num="110" count="2" type="stmt"/>
        <line num="123" count="2" type="stmt"/>
        <line num="126" count="24" type="cond" truecount="1" falsecount="1"/>
        <line num="132" count="2" type="stmt"/>
        <line num="164" count="2" type="stmt"/>
        <line num="167" count="0" type="cond" truecount="0" falsecount="2"/>
      </file>
      <file name="Constant.js" path="/Users/ravindras/Documents/fabric/codebase/copilot-ui-library/src/atoms/calendar/Constant.js">
        <metrics statements="2" coveredstatements="2" conditionals="0" coveredconditionals="0" methods="0" coveredmethods="0"/>
        <line num="1" count="2" type="stmt"/>
        <line num="10" count="2" type="stmt"/>
      </file>
    </package>
    <package name="atoms.checkbox">
      <metrics statements="16" coveredstatements="16" conditionals="6" coveredconditionals="6" methods="5" coveredmethods="4"/>
      <file name="Checkbox.js" path="/Users/ravindras/Documents/fabric/codebase/copilot-ui-library/src/atoms/checkbox/Checkbox.js">
        <metrics statements="9" coveredstatements="9" conditionals="2" coveredconditionals="2" methods="3" coveredmethods="2"/>
        <line num="8" count="2" type="stmt"/>
        <line num="19" count="5" type="stmt"/>
        <line num="20" count="5" type="stmt"/>
        <line num="22" count="5" type="stmt"/>
        <line num="23" count="2" type="stmt"/>
        <line num="24" count="2" type="stmt"/>
        <line num="27" count="5" type="stmt"/>
        <line num="50" count="2" type="stmt"/>
        <line num="58" count="2" type="stmt"/>
      </file>
      <file name="Checkbox.styles.js" path="/Users/ravindras/Documents/fabric/codebase/copilot-ui-library/src/atoms/checkbox/Checkbox.styles.js">
        <metrics statements="7" coveredstatements="7" conditionals="4" coveredconditionals="4" methods="2" coveredmethods="2"/>
        <line num="4" count="2" type="stmt"/>
        <line num="9" count="2" type="stmt"/>
        <line num="21" count="2" type="stmt"/>
        <line num="52" count="5" type="cond" truecount="2" falsecount="0"/>
        <line num="55" count="2" type="stmt"/>
        <line num="62" count="2" type="stmt"/>
        <line num="68" count="5" type="cond" truecount="2" falsecount="0"/>
      </file>
    </package>
    <package name="atoms.chip">
      <metrics statements="8" coveredstatements="8" conditionals="2" coveredconditionals="1" methods="3" coveredmethods="3"/>
      <file name="Chip.js" path="/Users/ravindras/Documents/fabric/codebase/copilot-ui-library/src/atoms/chip/Chip.js">
        <metrics statements="5" coveredstatements="5" conditionals="0" coveredconditionals="0" methods="2" coveredmethods="2"/>
        <line num="7" count="2" type="stmt"/>
        <line num="8" count="2" type="stmt"/>
        <line num="11" count="1" type="stmt"/>
        <line num="18" count="2" type="stmt"/>
        <line num="22" count="2" type="stmt"/>
      </file>
      <file name="Chip.styles.js" path="/Users/ravindras/Documents/fabric/codebase/copilot-ui-library/src/atoms/chip/Chip.styles.js">
        <metrics statements="3" coveredstatements="3" conditionals="2" coveredconditionals="1" methods="1" coveredmethods="1"/>
        <line num="4" count="2" type="stmt"/>
        <line num="34" count="2" type="cond" truecount="1" falsecount="1"/>
        <line num="40" count="2" type="stmt"/>
      </file>
    </package>
    <package name="atoms.empty">
      <metrics statements="4" coveredstatements="4" conditionals="10" coveredconditionals="8" methods="1" coveredmethods="1"/>
      <file name="Empty.js" path="/Users/ravindras/Documents/fabric/codebase/copilot-ui-library/src/atoms/empty/Empty.js">
        <metrics statements="3" coveredstatements="3" conditionals="10" coveredconditionals="8" methods="1" coveredmethods="1"/>
        <line num="7" count="2" type="stmt"/>
        <line num="15" count="1" type="stmt"/>
        <line num="36" count="2" type="stmt"/>
      </file>
      <file name="Empty.styles.js" path="/Users/ravindras/Documents/fabric/codebase/copilot-ui-library/src/atoms/empty/Empty.styles.js">
        <metrics statements="1" coveredstatements="1" conditionals="0" coveredconditionals="0" methods="0" coveredmethods="0"/>
        <line num="4" count="2" type="stmt"/>
      </file>
      <file name="index.js" path="/Users/ravindras/Documents/fabric/codebase/copilot-ui-library/src/atoms/empty/index.js">
        <metrics statements="0" coveredstatements="0" conditionals="0" coveredconditionals="0" methods="0" coveredmethods="0"/>
      </file>
    </package>
    <package name="atoms.input">
      <metrics statements="37" coveredstatements="24" conditionals="33" coveredconditionals="11" methods="10" coveredmethods="5"/>
      <file name="Input.js" path="/Users/ravindras/Documents/fabric/codebase/copilot-ui-library/src/atoms/input/Input.js">
        <metrics statements="33" coveredstatements="20" conditionals="31" coveredconditionals="10" methods="9" coveredmethods="4"/>
        <line num="10" count="2" type="stmt"/>
        <line num="12" count="2" type="stmt"/>
        <line num="23" count="1" type="stmt"/>
        <line num="24" count="1" type="stmt"/>
        <line num="25" count="1" type="stmt"/>
        <line num="26" count="1" type="stmt"/>
        <line num="28" count="1" type="cond" truecount="1" falsecount="0"/>
        <line num="29" count="1" type="stmt"/>
        <line num="31" count="1" type="stmt"/>
        <line num="32" count="1" type="cond" truecount="1" falsecount="1"/>
        <line num="33" count="0" type="stmt"/>
        <line num="36" count="1" type="stmt"/>
        <line num="39" count="1" type="stmt"/>
        <line num="40" count="1" type="cond" truecount="1" falsecount="1"/>
        <line num="41" count="0" type="stmt"/>
        <line num="45" count="1" type="stmt"/>
        <line num="46" count="0" type="stmt"/>
        <line num="48" count="0" type="cond" truecount="0" falsecount="2"/>
        <line num="49" count="0" type="stmt"/>
        <line num="53" count="1" type="stmt"/>
        <line num="54" count="0" type="stmt"/>
        <line num="56" count="0" type="cond" truecount="0" falsecount="2"/>
        <line num="57" count="0" type="stmt"/>
        <line num="61" count="1" type="stmt"/>
        <line num="62" count="0" type="cond" truecount="0" falsecount="2"/>
        <line num="63" count="0" type="stmt"/>
        <line num="66" count="0" type="cond" truecount="0" falsecount="2"/>
        <line num="67" count="0" type="stmt"/>
        <line num="77" count="1" type="cond" truecount="1" falsecount="1"/>
        <line num="79" count="1" type="stmt"/>
        <line num="113" count="0" type="stmt"/>
        <line num="130" count="2" type="stmt"/>
        <line num="150" count="2" type="stmt"/>
      </file>
      <file name="Input.styles.js" path="/Users/ravindras/Documents/fabric/codebase/copilot-ui-library/src/atoms/input/Input.styles.js">
        <metrics statements="4" coveredstatements="4" conditionals="2" coveredconditionals="1" methods="1" coveredmethods="1"/>
        <line num="4" count="2" type="stmt"/>
        <line num="17" count="2" type="stmt"/>
        <line num="129" count="2" type="stmt"/>
        <line num="173" count="1" type="cond" truecount="1" falsecount="1"/>
      </file>
      <file name="index.js" path="/Users/ravindras/Documents/fabric/codebase/copilot-ui-library/src/atoms/input/index.js">
        <metrics statements="0" coveredstatements="0" conditionals="0" coveredconditionals="0" methods="0" coveredmethods="0"/>
      </file>
    </package>
    <package name="atoms.link">
      <metrics statements="5" coveredstatements="5" conditionals="2" coveredconditionals="1" methods="2" coveredmethods="2"/>
      <file name="Link.js" path="/Users/ravindras/Documents/fabric/codebase/copilot-ui-library/src/atoms/link/Link.js">
        <metrics statements="5" coveredstatements="5" conditionals="2" coveredconditionals="1" methods="2" coveredmethods="2"/>
        <line num="7" count="2" type="stmt"/>
        <line num="31" count="2" type="cond" truecount="1" falsecount="1"/>
        <line num="39" count="2" type="stmt"/>
        <line num="40" count="2" type="stmt"/>
        <line num="47" count="2" type="stmt"/>
      </file>
    </package>
    <package name="atoms.loading">
      <metrics statements="5" coveredstatements="5" conditionals="2" coveredconditionals="1" methods="1" coveredmethods="1"/>
      <file name="Loading.js" path="/Users/ravindras/Documents/fabric/codebase/copilot-ui-library/src/atoms/loading/Loading.js">
        <metrics statements="4" coveredstatements="4" conditionals="2" coveredconditionals="1" methods="1" coveredmethods="1"/>
        <line num="6" count="2" type="stmt"/>
        <line num="7" count="1" type="cond" truecount="1" falsecount="1"/>
        <line num="14" count="2" type="stmt"/>
        <line num="19" count="2" type="stmt"/>
      </file>
      <file name="Loading.styles.js" path="/Users/ravindras/Documents/fabric/codebase/copilot-ui-library/src/atoms/loading/Loading.styles.js">
        <metrics statements="1" coveredstatements="1" conditionals="0" coveredconditionals="0" methods="0" coveredmethods="0"/>
        <line num="3" count="2" type="stmt"/>
      </file>
      <file name="index.js" path="/Users/ravindras/Documents/fabric/codebase/copilot-ui-library/src/atoms/loading/index.js">
        <metrics statements="0" coveredstatements="0" conditionals="0" coveredconditionals="0" methods="0" coveredmethods="0"/>
      </file>
    </package>
    <package name="atoms.pill">
      <metrics statements="9" coveredstatements="9" conditionals="6" coveredconditionals="5" methods="3" coveredmethods="3"/>
      <file name="Pill.js" path="/Users/ravindras/Documents/fabric/codebase/copilot-ui-library/src/atoms/pill/Pill.js">
        <metrics statements="5" coveredstatements="5" conditionals="2" coveredconditionals="1" methods="1" coveredmethods="1"/>
        <line num="6" count="2" type="stmt"/>
        <line num="7" count="3" type="cond" truecount="1" falsecount="1"/>
        <line num="11" count="3" type="stmt"/>
        <line num="18" count="2" type="stmt"/>
        <line num="22" count="2" type="stmt"/>
      </file>
      <file name="Pill.styles.js" path="/Users/ravindras/Documents/fabric/codebase/copilot-ui-library/src/atoms/pill/Pill.styles.js">
        <metrics statements="4" coveredstatements="4" conditionals="4" coveredconditionals="4" methods="2" coveredmethods="2"/>
        <line num="4" count="2" type="stmt"/>
        <line num="9" count="3" type="cond" truecount="2" falsecount="0"/>
        <line num="10" count="3" type="cond" truecount="2" falsecount="0"/>
        <line num="16" count="2" type="stmt"/>
      </file>
    </package>
    <package name="atoms.popover">
      <metrics statements="21" coveredstatements="19" conditionals="14" coveredconditionals="11" methods="6" coveredmethods="4"/>
      <file name="Popover.js" path="/Users/ravindras/Documents/fabric/codebase/copilot-ui-library/src/atoms/popover/Popover.js">
        <metrics statements="17" coveredstatements="15" conditionals="14" coveredconditionals="11" methods="5" coveredmethods="3"/>
        <line num="5" count="3" type="stmt"/>
        <line num="13" count="3" type="stmt"/>
        <line num="14" count="3" type="stmt"/>
        <line num="16" count="3" type="stmt"/>
        <line num="17" count="3" type="cond" truecount="1" falsecount="1"/>
        <line num="18" count="3" type="stmt"/>
        <line num="19" count="3" type="stmt"/>
        <line num="20" count="3" type="stmt"/>
        <line num="21" count="3" type="stmt"/>
        <line num="22" count="3" type="stmt"/>
        <line num="23" count="3" type="stmt"/>
        <line num="28" count="3" type="stmt"/>
        <line num="29" count="0" type="stmt"/>
        <line num="32" count="3" type="stmt"/>
        <line num="33" count="0" type="stmt"/>
        <line num="36" count="3" type="stmt"/>
        <line num="55" count="3" type="stmt"/>
      </file>
      <file name="Popover.styles.js" path="/Users/ravindras/Documents/fabric/codebase/copilot-ui-library/src/atoms/popover/Popover.styles.js">
        <metrics statements="1" coveredstatements="1" conditionals="0" coveredconditionals="0" methods="0" coveredmethods="0"/>
        <line num="4" count="3" type="stmt"/>
      </file>
      <file name="index.js" path="/Users/ravindras/Documents/fabric/codebase/copilot-ui-library/src/atoms/popover/index.js">
        <metrics statements="0" coveredstatements="0" conditionals="0" coveredconditionals="0" methods="0" coveredmethods="0"/>
      </file>
      <file name="mock.js" path="/Users/ravindras/Documents/fabric/codebase/copilot-ui-library/src/atoms/popover/mock.js">
        <metrics statements="3" coveredstatements="3" conditionals="0" coveredconditionals="0" methods="1" coveredmethods="1"/>
        <line num="5" count="1" type="stmt"/>
        <line num="62" count="1" type="stmt"/>
        <line num="63" count="1" type="stmt"/>
      </file>
    </package>
    <package name="atoms.radio">
      <metrics statements="7" coveredstatements="6" conditionals="5" coveredconditionals="2" methods="3" coveredmethods="2"/>
      <file name="Radio.js" path="/Users/ravindras/Documents/fabric/codebase/copilot-ui-library/src/atoms/radio/Radio.js">
        <metrics statements="6" coveredstatements="5" conditionals="5" coveredconditionals="2" methods="3" coveredmethods="2"/>
        <line num="6" count="2" type="stmt"/>
        <line num="17" count="2" type="stmt"/>
        <line num="19" count="2" type="stmt"/>
        <line num="27" count="0" type="stmt"/>
        <line num="41" count="2" type="stmt"/>
        <line num="53" count="2" type="stmt"/>
      </file>
      <file name="Radio.styles.js" path="/Users/ravindras/Documents/fabric/codebase/copilot-ui-library/src/atoms/radio/Radio.styles.js">
        <metrics statements="1" coveredstatements="1" conditionals="0" coveredconditionals="0" methods="0" coveredmethods="0"/>
        <line num="4" count="2" type="stmt"/>
      </file>
      <file name="index.js" path="/Users/ravindras/Documents/fabric/codebase/copilot-ui-library/src/atoms/radio/index.js">
        <metrics statements="0" coveredstatements="0" conditionals="0" coveredconditionals="0" methods="0" coveredmethods="0"/>
      </file>
    </package>
    <package name="atoms.shimmer">
      <metrics statements="7" coveredstatements="7" conditionals="3" coveredconditionals="2" methods="3" coveredmethods="3"/>
      <file name="Shimmer.js" path="/Users/ravindras/Documents/fabric/codebase/copilot-ui-library/src/atoms/shimmer/Shimmer.js">
        <metrics statements="4" coveredstatements="4" conditionals="1" coveredconditionals="1" methods="2" coveredmethods="2"/>
        <line num="5" count="2" type="cond" truecount="1" falsecount="0"/>
        <line num="6" count="1" type="stmt"/>
        <line num="9" count="1" type="stmt"/>
        <line num="39" count="2" type="stmt"/>
      </file>
      <file name="Shimmer.styles.js" path="/Users/ravindras/Documents/fabric/codebase/copilot-ui-library/src/atoms/shimmer/Shimmer.styles.js">
        <metrics statements="3" coveredstatements="3" conditionals="2" coveredconditionals="1" methods="1" coveredmethods="1"/>
        <line num="3" count="2" type="stmt"/>
        <line num="13" count="2" type="stmt"/>
        <line num="40" count="1" type="cond" truecount="1" falsecount="1"/>
      </file>
      <file name="index.js" path="/Users/ravindras/Documents/fabric/codebase/copilot-ui-library/src/atoms/shimmer/index.js">
        <metrics statements="0" coveredstatements="0" conditionals="0" coveredconditionals="0" methods="0" coveredmethods="0"/>
      </file>
    </package>
    <package name="atoms.switch">
      <metrics statements="16" coveredstatements="16" conditionals="6" coveredconditionals="6" methods="6" coveredmethods="6"/>
      <file name="Switch.js" path="/Users/ravindras/Documents/fabric/codebase/copilot-ui-library/src/atoms/switch/Switch.js">
        <metrics statements="9" coveredstatements="9" conditionals="2" coveredconditionals="2" methods="4" coveredmethods="4"/>
        <line num="11" count="2" type="stmt"/>
        <line num="12" count="5" type="stmt"/>
        <line num="14" count="5" type="stmt"/>
        <line num="16" count="2" type="stmt"/>
        <line num="17" count="2" type="stmt"/>
        <line num="22" count="5" type="stmt"/>
        <line num="31" count="2" type="stmt"/>
        <line num="40" count="2" type="stmt"/>
        <line num="46" count="2" type="stmt"/>
      </file>
      <file name="Switch.styles.js" path="/Users/ravindras/Documents/fabric/codebase/copilot-ui-library/src/atoms/switch/Switch.styles.js">
        <metrics statements="7" coveredstatements="7" conditionals="4" coveredconditionals="4" methods="2" coveredmethods="2"/>
        <line num="4" count="2" type="stmt"/>
        <line num="15" count="2" type="stmt"/>
        <line num="22" count="2" type="stmt"/>
        <line num="28" count="2" type="stmt"/>
        <line num="40" count="5" type="cond" truecount="2" falsecount="0"/>
        <line num="57" count="5" type="cond" truecount="2" falsecount="0"/>
        <line num="63" count="2" type="stmt"/>
      </file>
    </package>
    <package name="atoms.tab">
      <metrics statements="43" coveredstatements="43" conditionals="15" coveredconditionals="15" methods="13" coveredmethods="13"/>
      <file name="Tab.js" path="/Users/ravindras/Documents/fabric/codebase/copilot-ui-library/src/atoms/tab/Tab.js">
        <metrics statements="19" coveredstatements="19" conditionals="9" coveredconditionals="9" methods="8" coveredmethods="8"/>
        <line num="10" count="3" type="stmt"/>
        <line num="12" count="11" type="stmt"/>
        <line num="13" count="11" type="stmt"/>
        <line num="14" count="11" type="stmt"/>
        <line num="15" count="24" type="stmt"/>
        <line num="18" count="11" type="stmt"/>
        <line num="20" count="11" type="stmt"/>
        <line num="21" count="1" type="stmt"/>
        <line num="24" count="11" type="stmt"/>
        <line num="25" count="11" type="stmt"/>
        <line num="30" count="5" type="stmt"/>
        <line num="33" count="11" type="stmt"/>
        <line num="41" count="13" type="stmt"/>
        <line num="44" count="1" type="stmt"/>
        <line num="66" count="3" type="stmt"/>
        <line num="67" count="10" type="stmt"/>
        <line num="70" count="3" type="stmt"/>
        <line num="77" count="3" type="stmt"/>
        <line num="89" count="3" type="stmt"/>
      </file>
      <file name="Tab.styles.js" path="/Users/ravindras/Documents/fabric/codebase/copilot-ui-library/src/atoms/tab/Tab.styles.js">
        <metrics statements="24" coveredstatements="24" conditionals="6" coveredconditionals="6" methods="5" coveredmethods="5"/>
        <line num="4" count="3" type="stmt"/>
        <line num="8" count="3" type="stmt"/>
        <line num="12" count="3" type="stmt"/>
        <line num="23" count="3" type="stmt"/>
        <line num="33" count="3" type="stmt"/>
        <line num="40" count="3" type="stmt"/>
        <line num="45" count="3" type="stmt"/>
        <line num="46" count="3" type="stmt"/>
        <line num="47" count="3" type="stmt"/>
        <line num="49" count="3" type="stmt"/>
        <line num="50" count="3" type="stmt"/>
        <line num="51" count="3" type="stmt"/>
        <line num="53" count="3" type="stmt"/>
        <line num="54" count="3" type="stmt"/>
        <line num="55" count="3" type="stmt"/>
        <line num="57" count="3" type="stmt"/>
        <line num="61" count="10" type="cond" truecount="2" falsecount="0"/>
        <line num="64" count="3" type="stmt"/>
        <line num="71" count="3" type="stmt"/>
        <line num="73" count="10" type="stmt"/>
        <line num="76" count="3" type="stmt"/>
        <line num="78" count="11" type="stmt"/>
        <line num="79" count="11" type="cond" truecount="2" falsecount="0"/>
        <line num="81" count="11" type="cond" truecount="2" falsecount="0"/>
      </file>
    </package>
    <package name="atoms.textarea">
      <metrics statements="31" coveredstatements="18" conditionals="22" coveredconditionals="7" methods="7" coveredmethods="2"/>
      <file name="Textarea.js" path="/Users/ravindras/Documents/fabric/codebase/copilot-ui-library/src/atoms/textarea/Textarea.js">
        <metrics statements="28" coveredstatements="15" conditionals="22" coveredconditionals="7" methods="7" coveredmethods="2"/>
        <line num="10" count="2" type="stmt"/>
        <line num="12" count="2" type="stmt"/>
        <line num="22" count="1" type="stmt"/>
        <line num="23" count="1" type="stmt"/>
        <line num="24" count="1" type="stmt"/>
        <line num="25" count="1" type="stmt"/>
        <line num="27" count="1" type="cond" truecount="0" falsecount="1"/>
        <line num="28" count="0" type="stmt"/>
        <line num="29" count="0" type="stmt"/>
        <line num="32" count="1" type="stmt"/>
        <line num="33" count="1" type="cond" truecount="1" falsecount="1"/>
        <line num="34" count="0" type="stmt"/>
        <line num="38" count="1" type="stmt"/>
        <line num="39" count="0" type="stmt"/>
        <line num="41" count="0" type="cond" truecount="0" falsecount="2"/>
        <line num="42" count="0" type="stmt"/>
        <line num="46" count="1" type="stmt"/>
        <line num="47" count="0" type="stmt"/>
        <line num="49" count="0" type="cond" truecount="0" falsecount="2"/>
        <line num="50" count="0" type="stmt"/>
        <line num="54" count="1" type="stmt"/>
        <line num="55" count="0" type="cond" truecount="0" falsecount="2"/>
        <line num="56" count="0" type="stmt"/>
        <line num="59" count="0" type="cond" truecount="0" falsecount="2"/>
        <line num="60" count="0" type="stmt"/>
        <line num="70" count="1" type="cond" truecount="1" falsecount="1"/>
        <line num="72" count="1" type="stmt"/>
        <line num="123" count="2" type="stmt"/>
      </file>
      <file name="Textarea.styles.js" path="/Users/ravindras/Documents/fabric/codebase/copilot-ui-library/src/atoms/textarea/Textarea.styles.js">
        <metrics statements="3" coveredstatements="3" conditionals="0" coveredconditionals="0" methods="0" coveredmethods="0"/>
        <line num="4" count="2" type="stmt"/>
        <line num="15" count="2" type="stmt"/>
        <line num="49" count="2" type="stmt"/>
      </file>
      <file name="index.js" path="/Users/ravindras/Documents/fabric/codebase/copilot-ui-library/src/atoms/textarea/index.js">
        <metrics statements="0" coveredstatements="0" conditionals="0" coveredconditionals="0" methods="0" coveredmethods="0"/>
      </file>
    </package>
    <package name="atoms.tooltip">
      <metrics statements="42" coveredstatements="41" conditionals="26" coveredconditionals="21" methods="12" coveredmethods="11"/>
      <file name="Tooltip.js" path="/Users/ravindras/Documents/fabric/codebase/copilot-ui-library/src/atoms/tooltip/Tooltip.js">
        <metrics statements="31" coveredstatements="30" conditionals="18" coveredconditionals="15" methods="8" coveredmethods="7"/>
        <line num="6" count="2" type="stmt"/>
        <line num="11" count="2" type="stmt"/>
        <line num="12" count="7" type="stmt"/>
        <line num="13" count="7" type="stmt"/>
        <line num="15" count="7" type="stmt"/>
        <line num="16" count="5" type="stmt"/>
        <line num="17" count="5" type="cond" truecount="1" falsecount="1"/>
        <line num="18" count="5" type="stmt"/>
        <line num="19" count="5" type="stmt"/>
        <line num="21" count="5" type="stmt"/>
        <line num="22" count="2" type="cond" truecount="1" falsecount="1"/>
        <line num="24" count="5" type="stmt"/>
        <line num="25" count="5" type="stmt"/>
        <line num="27" count="5" type="stmt"/>
        <line num="28" count="5" type="stmt"/>
        <line num="29" count="5" type="stmt"/>
        <line num="33" count="7" type="stmt"/>
        <line num="36" count="2" type="stmt"/>
        <line num="45" count="7" type="stmt"/>
        <line num="46" count="7" type="stmt"/>
        <line num="48" count="7" type="cond" truecount="1" falsecount="1"/>
        <line num="52" count="7" type="stmt"/>
        <line num="53" count="7" type="stmt"/>
        <line num="54" count="7" type="stmt"/>
        <line num="55" count="0" type="stmt"/>
        <line num="60" count="7" type="cond" truecount="4" falsecount="0"/>
        <line num="61" count="3" type="stmt"/>
        <line num="62" count="3" type="stmt"/>
        <line num="66" count="7" type="cond" truecount="2" falsecount="0"/>
        <line num="78" count="2" type="stmt"/>
        <line num="85" count="2" type="stmt"/>
      </file>
      <file name="Tooltip.styles.js" path="/Users/ravindras/Documents/fabric/codebase/copilot-ui-library/src/atoms/tooltip/Tooltip.styles.js">
        <metrics statements="11" coveredstatements="11" conditionals="8" coveredconditionals="6" methods="4" coveredmethods="4"/>
        <line num="4" count="2" type="stmt"/>
        <line num="14" count="7" type="cond" truecount="2" falsecount="0"/>
        <line num="15" count="7" type="cond" truecount="2" falsecount="0"/>
        <line num="31" count="2" type="stmt"/>
        <line num="35" count="3" type="cond" truecount="1" falsecount="1"/>
        <line num="36" count="3" type="cond" truecount="1" falsecount="1"/>
        <line num="39" count="2" type="stmt"/>
        <line num="47" count="2" type="stmt"/>
        <line num="52" count="2" type="stmt"/>
        <line num="61" count="2" type="stmt"/>
        <line num="70" count="2" type="stmt"/>
      </file>
    </package>
    <package name="hooks">
      <metrics statements="23" coveredstatements="18" conditionals="10" coveredconditionals="5" methods="9" coveredmethods="7"/>
      <file name="click-outside.js" path="/Users/ravindras/Documents/fabric/codebase/copilot-ui-library/src/hooks/click-outside.js">
        <metrics statements="9" coveredstatements="8" conditionals="6" coveredconditionals="5" methods="4" coveredmethods="4"/>
        <line num="3" count="5" type="stmt"/>
        <line num="4" count="64" type="stmt"/>
        <line num="5" count="1" type="cond" truecount="3" falsecount="1"/>
        <line num="6" count="0" type="stmt"/>
        <line num="9" count="64" type="stmt"/>
        <line num="10" count="60" type="cond" truecount="2" falsecount="0"/>
        <line num="11" count="4" type="stmt"/>
        <line num="12" count="4" type="stmt"/>
        <line num="13" count="4" type="stmt"/>
      </file>
      <file name="key-press.js" path="/Users/ravindras/Documents/fabric/codebase/copilot-ui-library/src/hooks/key-press.js">
        <metrics statements="14" coveredstatements="10" conditionals="4" coveredconditionals="0" methods="5" coveredmethods="3"/>
        <line num="3" count="2" type="stmt"/>
        <line num="4" count="63" type="stmt"/>
        <line num="7" count="0" type="cond" truecount="0" falsecount="2"/>
        <line num="8" count="0" type="stmt"/>
        <line num="12" count="63" type="stmt"/>
        <line num="13" count="0" type="cond" truecount="0" falsecount="2"/>
        <line num="14" count="0" type="stmt"/>
        <line num="18" count="63" type="stmt"/>
        <line num="19" count="57" type="stmt"/>
        <line num="20" count="57" type="stmt"/>
        <line num="21" count="57" type="stmt"/>
        <line num="22" count="57" type="stmt"/>
        <line num="23" count="57" type="stmt"/>
        <line num="27" count="63" type="stmt"/>
      </file>
    </package>
    <package name="molecules">
      <metrics statements="0" coveredstatements="0" conditionals="0" coveredconditionals="0" methods="0" coveredmethods="0"/>
      <file name="index.js" path="/Users/ravindras/Documents/fabric/codebase/copilot-ui-library/src/molecules/index.js">
        <metrics statements="0" coveredstatements="0" conditionals="0" coveredconditionals="0" methods="0" coveredmethods="0"/>
      </file>
    </package>
    <package name="molecules.card">
      <metrics statements="8" coveredstatements="7" conditionals="4" coveredconditionals="3" methods="1" coveredmethods="1"/>
      <file name="Card.js" path="/Users/ravindras/Documents/fabric/codebase/copilot-ui-library/src/molecules/card/Card.js">
        <metrics statements="8" coveredstatements="7" conditionals="4" coveredconditionals="3" methods="1" coveredmethods="1"/>
        <line num="11" count="2" type="stmt"/>
        <line num="21" count="2" type="stmt"/>
        <line num="22" count="1" type="cond" truecount="2" falsecount="0"/>
        <line num="24" count="1" type="cond" truecount="1" falsecount="1"/>
        <line num="25" count="0" type="stmt"/>
        <line num="27" count="1" type="stmt"/>
        <line num="36" count="2" type="stmt"/>
        <line num="38" count="2" type="stmt"/>
      </file>
    </package>
    <package name="molecules.card.carditem">
      <metrics statements="33" coveredstatements="32" conditionals="15" coveredconditionals="13" methods="7" coveredmethods="7"/>
      <file name="index.js" path="/Users/ravindras/Documents/fabric/codebase/copilot-ui-library/src/molecules/card/carditem/index.js">
        <metrics statements="17" coveredstatements="16" conditionals="9" coveredconditionals="7" methods="4" coveredmethods="4"/>
        <line num="21" count="4" type="stmt"/>
        <line num="22" count="4" type="stmt"/>
        <line num="35" count="4" type="stmt"/>
        <line num="40" count="4" type="stmt"/>
        <line num="49" count="2" type="stmt"/>
        <line num="67" count="4" type="stmt"/>
        <line num="70" count="4" type="stmt"/>
        <line num="79" count="4" type="stmt"/>
        <line num="80" count="1" type="stmt"/>
        <line num="88" count="4" type="stmt"/>
        <line num="93" count="4" type="stmt"/>
        <line num="99" count="4" type="stmt"/>
        <line num="100" count="3" type="cond" truecount="2" falsecount="0"/>
        <line num="102" count="3" type="cond" truecount="1" falsecount="1"/>
        <line num="103" count="0" type="stmt"/>
        <line num="105" count="3" type="stmt"/>
        <line num="108" count="4" type="stmt"/>
      </file>
      <file name="style.js" path="/Users/ravindras/Documents/fabric/codebase/copilot-ui-library/src/molecules/card/carditem/style.js">
        <metrics statements="16" coveredstatements="16" conditionals="6" coveredconditionals="6" methods="3" coveredmethods="3"/>
        <line num="5" count="4" type="stmt"/>
        <line num="10" count="4" type="stmt"/>
        <line num="15" count="4" type="stmt"/>
        <line num="19" count="4" type="stmt"/>
        <line num="34" count="4" type="stmt"/>
        <line num="42" count="2" type="cond" truecount="2" falsecount="0"/>
        <line num="52" count="4" type="stmt"/>
        <line num="64" count="2" type="cond" truecount="2" falsecount="0"/>
        <line num="67" count="4" type="stmt"/>
        <line num="68" count="2" type="cond" truecount="2" falsecount="0"/>
        <line num="76" count="4" type="stmt"/>
        <line num="81" count="4" type="stmt"/>
        <line num="85" count="4" type="stmt"/>
        <line num="93" count="4" type="stmt"/>
        <line num="107" count="4" type="stmt"/>
        <line num="113" count="4" type="stmt"/>
      </file>
    </package>
    <package name="molecules.card.carousel">
      <metrics statements="17" coveredstatements="17" conditionals="13" coveredconditionals="12" methods="7" coveredmethods="6"/>
      <file name="index.js" path="/Users/ravindras/Documents/fabric/codebase/copilot-ui-library/src/molecules/card/carousel/index.js">
        <metrics statements="8" coveredstatements="8" conditionals="7" coveredconditionals="6" methods="4" coveredmethods="3"/>
        <line num="12" count="3" type="stmt"/>
        <line num="20" count="3" type="stmt"/>
        <line num="22" count="3" type="stmt"/>
        <line num="23" count="1" type="stmt"/>
        <line num="24" count="1" type="stmt"/>
        <line num="27" count="3" type="stmt"/>
        <line num="44" count="3" type="stmt"/>
        <line num="48" count="3" type="stmt"/>
      </file>
      <file name="style.js" path="/Users/ravindras/Documents/fabric/codebase/copilot-ui-library/src/molecules/card/carousel/style.js">
        <metrics statements="9" coveredstatements="9" conditionals="6" coveredconditionals="6" methods="3" coveredmethods="3"/>
        <line num="4" count="3" type="stmt"/>
        <line num="11" count="3" type="cond" truecount="2" falsecount="0"/>
        <line num="18" count="3" type="cond" truecount="2" falsecount="0"/>
        <line num="25" count="3" type="cond" truecount="2" falsecount="0"/>
        <line num="28" count="3" type="stmt"/>
        <line num="36" count="3" type="stmt"/>
        <line num="44" count="3" type="stmt"/>
        <line num="48" count="3" type="stmt"/>
        <line num="53" count="3" type="stmt"/>
      </file>
    </package>
    <package name="molecules.card.expandable">
      <metrics statements="13" coveredstatements="13" conditionals="4" coveredconditionals="4" methods="5" coveredmethods="5"/>
      <file name="index.js" path="/Users/ravindras/Documents/fabric/codebase/copilot-ui-library/src/molecules/card/expandable/index.js">
        <metrics statements="6" coveredstatements="6" conditionals="0" coveredconditionals="0" methods="3" coveredmethods="3"/>
        <line num="12" count="3" type="stmt"/>
        <line num="13" count="4" type="stmt"/>
        <line num="15" count="4" type="stmt"/>
        <line num="16" count="1" type="stmt"/>
        <line num="18" count="4" type="stmt"/>
        <line num="35" count="3" type="stmt"/>
      </file>
      <file name="style.js" path="/Users/ravindras/Documents/fabric/codebase/copilot-ui-library/src/molecules/card/expandable/style.js">
        <metrics statements="7" coveredstatements="7" conditionals="4" coveredconditionals="4" methods="2" coveredmethods="2"/>
        <line num="4" count="3" type="stmt"/>
        <line num="29" count="3" type="stmt"/>
        <line num="34" count="4" type="cond" truecount="2" falsecount="0"/>
        <line num="40" count="3" type="stmt"/>
        <line num="49" count="3" type="stmt"/>
        <line num="53" count="3" type="stmt"/>
        <line num="55" count="4" type="cond" truecount="2" falsecount="0"/>
      </file>
    </package>
    <package name="molecules.card.fullaccess">
      <metrics statements="11" coveredstatements="11" conditionals="2" coveredconditionals="2" methods="2" coveredmethods="2"/>
      <file name="index.js" path="/Users/ravindras/Documents/fabric/codebase/copilot-ui-library/src/molecules/card/fullaccess/index.js">
        <metrics statements="3" coveredstatements="3" conditionals="0" coveredconditionals="0" methods="1" coveredmethods="1"/>
        <line num="5" count="3" type="stmt"/>
        <line num="6" count="2" type="stmt"/>
        <line num="14" count="3" type="stmt"/>
      </file>
      <file name="style.js" path="/Users/ravindras/Documents/fabric/codebase/copilot-ui-library/src/molecules/card/fullaccess/style.js">
        <metrics statements="8" coveredstatements="8" conditionals="2" coveredconditionals="2" methods="1" coveredmethods="1"/>
        <line num="4" count="3" type="stmt"/>
        <line num="7" count="3" type="stmt"/>
        <line num="11" count="3" type="stmt"/>
        <line num="12" count="3" type="stmt"/>
        <line num="13" count="3" type="stmt"/>
        <line num="15" count="3" type="stmt"/>
        <line num="26" count="2" type="cond" truecount="2" falsecount="0"/>
        <line num="29" count="3" type="stmt"/>
      </file>
    </package>
    <package name="molecules.card.hierarchytree">
      <metrics statements="25" coveredstatements="24" conditionals="10" coveredconditionals="9" methods="8" coveredmethods="7"/>
      <file name="index.js" path="/Users/ravindras/Documents/fabric/codebase/copilot-ui-library/src/molecules/card/hierarchytree/index.js">
        <metrics statements="10" coveredstatements="9" conditionals="2" coveredconditionals="1" methods="4" coveredmethods="3"/>
        <line num="10" count="3" type="stmt"/>
        <line num="18" count="4" type="stmt"/>
        <line num="20" count="4" type="stmt"/>
        <line num="21" count="1" type="stmt"/>
        <line num="22" count="1" type="stmt"/>
        <line num="25" count="4" type="cond" truecount="1" falsecount="1"/>
        <line num="26" count="0" type="stmt"/>
        <line num="36" count="4" type="stmt"/>
        <line num="46" count="3" type="stmt"/>
        <line num="50" count="3" type="stmt"/>
      </file>
      <file name="style.js" path="/Users/ravindras/Documents/fabric/codebase/copilot-ui-library/src/molecules/card/hierarchytree/style.js">
        <metrics statements="15" coveredstatements="15" conditionals="8" coveredconditionals="8" methods="4" coveredmethods="4"/>
        <line num="4" count="3" type="stmt"/>
        <line num="8" count="3" type="stmt"/>
        <line num="13" count="3" type="stmt"/>
        <line num="19" count="3" type="stmt"/>
        <line num="20" count="3" type="stmt"/>
        <line num="21" count="3" type="stmt"/>
        <line num="22" count="3" type="stmt"/>
        <line num="24" count="3" type="stmt"/>
        <line num="35" count="4" type="cond" truecount="2" falsecount="0"/>
        <line num="41" count="4" type="cond" truecount="2" falsecount="0"/>
        <line num="44" count="4" type="cond" truecount="2" falsecount="0"/>
        <line num="47" count="3" type="stmt"/>
        <line num="49" count="4" type="cond" truecount="2" falsecount="0"/>
        <line num="52" count="3" type="stmt"/>
        <line num="62" count="3" type="stmt"/>
      </file>
    </package>
    <package name="molecules.card.quickaccess">
      <metrics statements="17" coveredstatements="17" conditionals="6" coveredconditionals="6" methods="7" coveredmethods="6"/>
      <file name="index.js" path="/Users/ravindras/Documents/fabric/codebase/copilot-ui-library/src/molecules/card/quickaccess/index.js">
        <metrics statements="8" coveredstatements="8" conditionals="0" coveredconditionals="0" methods="4" coveredmethods="3"/>
        <line num="12" count="3" type="stmt"/>
        <line num="20" count="3" type="stmt"/>
        <line num="22" count="3" type="stmt"/>
        <line num="23" count="1" type="stmt"/>
        <line num="24" count="1" type="stmt"/>
        <line num="26" count="3" type="stmt"/>
        <line num="45" count="3" type="stmt"/>
        <line num="49" count="3" type="stmt"/>
      </file>
      <file name="style.js" path="/Users/ravindras/Documents/fabric/codebase/copilot-ui-library/src/molecules/card/quickaccess/style.js">
        <metrics statements="9" coveredstatements="9" conditionals="6" coveredconditionals="6" methods="3" coveredmethods="3"/>
        <line num="4" count="3" type="stmt"/>
        <line num="12" count="3" type="cond" truecount="2" falsecount="0"/>
        <line num="18" count="3" type="cond" truecount="2" falsecount="0"/>
        <line num="21" count="3" type="cond" truecount="2" falsecount="0"/>
        <line num="24" count="3" type="stmt"/>
        <line num="39" count="3" type="stmt"/>
        <line num="48" count="3" type="stmt"/>
        <line num="54" count="3" type="stmt"/>
        <line num="58" count="3" type="stmt"/>
      </file>
    </package>
    <package name="molecules.card.rootcategory">
      <metrics statements="16" coveredstatements="16" conditionals="6" coveredconditionals="6" methods="7" coveredmethods="6"/>
      <file name="index.js" path="/Users/ravindras/Documents/fabric/codebase/copilot-ui-library/src/molecules/card/rootcategory/index.js">
        <metrics statements="8" coveredstatements="8" conditionals="0" coveredconditionals="0" methods="4" coveredmethods="3"/>
        <line num="11" count="3" type="stmt"/>
        <line num="12" count="3" type="stmt"/>
        <line num="14" count="3" type="stmt"/>
        <line num="15" count="1" type="stmt"/>
        <line num="16" count="1" type="stmt"/>
        <line num="19" count="3" type="stmt"/>
        <line num="32" count="3" type="stmt"/>
        <line num="36" count="3" type="stmt"/>
      </file>
      <file name="style.js" path="/Users/ravindras/Documents/fabric/codebase/copilot-ui-library/src/molecules/card/rootcategory/style.js">
        <metrics statements="8" coveredstatements="8" conditionals="6" coveredconditionals="6" methods="3" coveredmethods="3"/>
        <line num="4" count="3" type="stmt"/>
        <line num="12" count="3" type="cond" truecount="2" falsecount="0"/>
        <line num="18" count="3" type="cond" truecount="2" falsecount="0"/>
        <line num="24" count="3" type="cond" truecount="2" falsecount="0"/>
        <line num="27" count="3" type="stmt"/>
        <line num="34" count="3" type="stmt"/>
        <line num="41" count="3" type="stmt"/>
        <line num="47" count="3" type="stmt"/>
      </file>
    </package>
    <package name="molecules.dropdown">
      <metrics statements="45" coveredstatements="39" conditionals="39" coveredconditionals="27" methods="17" coveredmethods="14"/>
      <file name="Dropdown.js" path="/Users/ravindras/Documents/fabric/codebase/copilot-ui-library/src/molecules/dropdown/Dropdown.js">
        <metrics statements="29" coveredstatements="23" conditionals="29" coveredconditionals="18" methods="11" coveredmethods="8"/>
        <line num="15" count="2" type="stmt"/>
        <line num="22" count="21" type="stmt"/>
        <line num="23" count="21" type="stmt"/>
        <line num="24" count="21" type="stmt"/>
        <line num="25" count="21" type="stmt"/>
        <line num="27" count="21" type="stmt"/>
        <line num="28" count="21" type="stmt"/>
        <line num="29" count="21" type="stmt"/>
        <line num="31" count="21" type="stmt"/>
        <line num="32" count="1" type="stmt"/>
        <line num="33" count="1" type="stmt"/>
        <line num="34" count="1" type="stmt"/>
        <line num="36" count="21" type="stmt"/>
        <line num="37" count="21" type="stmt"/>
        <line num="40" count="0" type="stmt"/>
        <line num="44" count="21" type="stmt"/>
        <line num="45" count="19" type="cond" truecount="3" falsecount="2"/>
        <line num="46" count="0" type="stmt"/>
        <line num="47" count="0" type="cond" truecount="0" falsecount="2"/>
        <line num="52" count="21" type="stmt"/>
        <line num="53" count="19" type="cond" truecount="3" falsecount="2"/>
        <line num="54" count="0" type="cond" truecount="0" falsecount="2"/>
        <line num="58" count="21" type="stmt"/>
        <line num="59" count="20" type="cond" truecount="3" falsecount="1"/>
        <line num="60" count="0" type="stmt"/>
        <line num="61" count="0" type="stmt"/>
        <line num="65" count="21" type="stmt"/>
        <line num="90" count="4" type="stmt"/>
        <line num="104" count="2" type="stmt"/>
      </file>
      <file name="index.js" path="/Users/ravindras/Documents/fabric/codebase/copilot-ui-library/src/molecules/dropdown/index.js">
        <metrics statements="0" coveredstatements="0" conditionals="0" coveredconditionals="0" methods="0" coveredmethods="0"/>
      </file>
      <file name="mock.js" path="/Users/ravindras/Documents/fabric/codebase/copilot-ui-library/src/molecules/dropdown/mock.js">
        <metrics statements="3" coveredstatements="3" conditionals="0" coveredconditionals="0" methods="0" coveredmethods="0"/>
        <line num="1" count="1" type="stmt"/>
        <line num="7" count="1" type="stmt"/>
        <line num="13" count="1" type="stmt"/>
      </file>
      <file name="styles.js" path="/Users/ravindras/Documents/fabric/codebase/copilot-ui-library/src/molecules/dropdown/styles.js">
        <metrics statements="13" coveredstatements="13" conditionals="10" coveredconditionals="9" methods="6" coveredmethods="6"/>
        <line num="4" count="2" type="stmt"/>
        <line num="9" count="2" type="stmt"/>
        <line num="10" count="21" type="cond" truecount="2" falsecount="0"/>
        <line num="16" count="2" type="stmt"/>
        <line num="22" count="2" type="stmt"/>
        <line num="25" count="21" type="stmt"/>
        <line num="27" count="21" type="cond" truecount="2" falsecount="0"/>
        <line num="45" count="21" type="cond" truecount="2" falsecount="0"/>
        <line num="61" count="21" type="cond" truecount="2" falsecount="0"/>
        <line num="75" count="2" type="stmt"/>
        <line num="81" count="2" type="stmt"/>
        <line num="98" count="1" type="cond" truecount="1" falsecount="1"/>
        <line num="110" count="2" type="stmt"/>
      </file>
    </package>
    <package name="molecules.flyout">
      <metrics statements="20" coveredstatements="19" conditionals="4" coveredconditionals="4" methods="6" coveredmethods="5"/>
      <file name="Flyout.js" path="/Users/ravindras/Documents/fabric/codebase/copilot-ui-library/src/molecules/flyout/Flyout.js">
        <metrics statements="16" coveredstatements="15" conditionals="4" coveredconditionals="4" methods="5" coveredmethods="4"/>
        <line num="7" count="2" type="stmt"/>
        <line num="8" count="18" type="stmt"/>
        <line num="10" count="18" type="stmt"/>
        <line num="11" count="18" type="stmt"/>
        <line num="14" count="0" type="stmt"/>
        <line num="19" count="18" type="stmt"/>
        <line num="20" count="1" type="stmt"/>
        <line num="21" count="1" type="stmt"/>
        <line num="28" count="18" type="stmt"/>
        <line num="29" count="17" type="stmt"/>
        <line num="30" count="17" type="cond" truecount="2" falsecount="0"/>
        <line num="31" count="16" type="stmt"/>
        <line num="33" count="16" type="stmt"/>
        <line num="34" count="16" type="stmt"/>
        <line num="39" count="18" type="stmt"/>
        <line num="54" count="2" type="stmt"/>
      </file>
      <file name="Flyout.styles.js" path="/Users/ravindras/Documents/fabric/codebase/copilot-ui-library/src/molecules/flyout/Flyout.styles.js">
        <metrics statements="1" coveredstatements="1" conditionals="0" coveredconditionals="0" methods="0" coveredmethods="0"/>
        <line num="4" count="2" type="stmt"/>
      </file>
      <file name="index.js" path="/Users/ravindras/Documents/fabric/codebase/copilot-ui-library/src/molecules/flyout/index.js">
        <metrics statements="0" coveredstatements="0" conditionals="0" coveredconditionals="0" methods="0" coveredmethods="0"/>
      </file>
      <file name="mock.js" path="/Users/ravindras/Documents/fabric/codebase/copilot-ui-library/src/molecules/flyout/mock.js">
        <metrics statements="3" coveredstatements="3" conditionals="0" coveredconditionals="0" methods="1" coveredmethods="1"/>
        <line num="5" count="2" type="stmt"/>
        <line num="35" count="2" type="stmt"/>
        <line num="36" count="18" type="stmt"/>
      </file>
    </package>
    <package name="molecules.snake-bar">
      <metrics statements="20" coveredstatements="16" conditionals="18" coveredconditionals="8" methods="3" coveredmethods="2"/>
      <file name="Icon.js" path="/Users/ravindras/Documents/fabric/codebase/copilot-ui-library/src/molecules/snake-bar/Icon.js">
        <metrics statements="5" coveredstatements="3" conditionals="4" coveredconditionals="1" methods="1" coveredmethods="1"/>
        <line num="6" count="2" type="stmt"/>
        <line num="7" count="2" type="cond" truecount="1" falsecount="1"/>
        <line num="8" count="0" type="cond" truecount="0" falsecount="2"/>
        <line num="9" count="0" type="stmt"/>
        <line num="12" count="2" type="stmt"/>
      </file>
      <file name="Snakebar.js" path="/Users/ravindras/Documents/fabric/codebase/copilot-ui-library/src/molecules/snake-bar/Snakebar.js">
        <metrics statements="14" coveredstatements="12" conditionals="14" coveredconditionals="7" methods="2" coveredmethods="1"/>
        <line num="7" count="2" type="stmt"/>
        <line num="18" count="2" type="stmt"/>
        <line num="20" count="2" type="stmt"/>
        <line num="21" count="0" type="cond" truecount="0" falsecount="2"/>
        <line num="22" count="0" type="stmt"/>
        <line num="25" count="2" type="cond" truecount="1" falsecount="1"/>
        <line num="27" count="2" type="cond" truecount="1" falsecount="1"/>
        <line num="30" count="2" type="cond" truecount="1" falsecount="1"/>
        <line num="31" count="2" type="stmt"/>
        <line num="39" count="2" type="cond" truecount="1" falsecount="1"/>
        <line num="40" count="2" type="stmt"/>
        <line num="47" count="2" type="stmt"/>
        <line num="66" count="2" type="stmt"/>
        <line num="78" count="2" type="stmt"/>
      </file>
      <file name="Snakebar.styles.js" path="/Users/ravindras/Documents/fabric/codebase/copilot-ui-library/src/molecules/snake-bar/Snakebar.styles.js">
        <metrics statements="1" coveredstatements="1" conditionals="0" coveredconditionals="0" methods="0" coveredmethods="0"/>
        <line num="4" count="2" type="stmt"/>
      </file>
      <file name="index.js" path="/Users/ravindras/Documents/fabric/codebase/copilot-ui-library/src/molecules/snake-bar/index.js">
        <metrics statements="0" coveredstatements="0" conditionals="0" coveredconditionals="0" methods="0" coveredmethods="0"/>
      </file>
    </package>
    <package name="organisms">
      <metrics statements="0" coveredstatements="0" conditionals="0" coveredconditionals="0" methods="0" coveredmethods="0"/>
      <file name="index.js" path="/Users/ravindras/Documents/fabric/codebase/copilot-ui-library/src/organisms/index.js">
        <metrics statements="0" coveredstatements="0" conditionals="0" coveredconditionals="0" methods="0" coveredmethods="0"/>
      </file>
    </package>
    <package name="organisms.header">
      <metrics statements="28" coveredstatements="27" conditionals="15" coveredconditionals="11" methods="4" coveredmethods="4"/>
      <file name="Header.js" path="/Users/ravindras/Documents/fabric/codebase/copilot-ui-library/src/organisms/header/Header.js">
        <metrics statements="3" coveredstatements="3" conditionals="1" coveredconditionals="0" methods="1" coveredmethods="1"/>
        <line num="9" count="1" type="cond" truecount="0" falsecount="1"/>
        <line num="10" count="1" type="stmt"/>
        <line num="28" count="1" type="stmt"/>
      </file>
      <file name="Header.styles.js" path="/Users/ravindras/Documents/fabric/codebase/copilot-ui-library/src/organisms/header/Header.styles.js">
        <metrics statements="1" coveredstatements="1" conditionals="0" coveredconditionals="0" methods="0" coveredmethods="0"/>
        <line num="4" count="1" type="stmt"/>
      </file>
      <file name="Logo.js" path="/Users/ravindras/Documents/fabric/codebase/copilot-ui-library/src/organisms/header/Logo.js">
        <metrics statements="4" coveredstatements="4" conditionals="4" coveredconditionals="2" methods="1" coveredmethods="1"/>
        <line num="4" count="1" type="stmt"/>
        <line num="5" count="1" type="stmt"/>
        <line num="6" count="1" type="stmt"/>
        <line num="13" count="1" type="stmt"/>
      </file>
      <file name="ProductLinks.js" path="/Users/ravindras/Documents/fabric/codebase/copilot-ui-library/src/organisms/header/ProductLinks.js">
        <metrics statements="18" coveredstatements="17" conditionals="10" coveredconditionals="9" methods="2" coveredmethods="2"/>
        <line num="10" count="1" type="stmt"/>
        <line num="11" count="1" type="stmt"/>
        <line num="12" count="1" type="stmt"/>
        <line num="14" count="1" type="stmt"/>
        <line num="18" count="5" type="cond" truecount="5" falsecount="1"/>
        <line num="20" count="1" type="stmt"/>
        <line num="21" count="1" type="stmt"/>
        <line num="23" count="1" type="stmt"/>
        <line num="24" count="1" type="stmt"/>
        <line num="26" count="1" type="stmt"/>
        <line num="27" count="1" type="stmt"/>
        <line num="29" count="1" type="stmt"/>
        <line num="30" count="1" type="stmt"/>
        <line num="32" count="1" type="stmt"/>
        <line num="33" count="1" type="stmt"/>
        <line num="35" count="0" type="stmt"/>
        <line num="37" count="5" type="stmt"/>
        <line num="53" count="1" type="stmt"/>
      </file>
      <file name="index.js" path="/Users/ravindras/Documents/fabric/codebase/copilot-ui-library/src/organisms/header/index.js">
        <metrics statements="0" coveredstatements="0" conditionals="0" coveredconditionals="0" methods="0" coveredmethods="0"/>
      </file>
      <file name="mock.js" path="/Users/ravindras/Documents/fabric/codebase/copilot-ui-library/src/organisms/header/mock.js">
        <metrics statements="2" coveredstatements="2" conditionals="0" coveredconditionals="0" methods="0" coveredmethods="0"/>
        <line num="1" count="1" type="stmt"/>
        <line num="30" count="1" type="stmt"/>
      </file>
    </package>
    <package name="organisms.header.notification">
      <metrics statements="16" coveredstatements="16" conditionals="2" coveredconditionals="1" methods="5" coveredmethods="4"/>
      <file name="Item.js" path="/Users/ravindras/Documents/fabric/codebase/copilot-ui-library/src/organisms/header/notification/Item.js">
        <metrics statements="3" coveredstatements="3" conditionals="0" coveredconditionals="0" methods="2" coveredmethods="1"/>
        <line num="6" count="1" type="stmt"/>
        <line num="7" count="4" type="stmt"/>
        <line num="31" count="1" type="stmt"/>
      </file>
      <file name="ItemGroup.js" path="/Users/ravindras/Documents/fabric/codebase/copilot-ui-library/src/organisms/header/notification/ItemGroup.js">
        <metrics statements="3" coveredstatements="3" conditionals="0" coveredconditionals="0" methods="1" coveredmethods="1"/>
        <line num="6" count="1" type="stmt"/>
        <line num="7" count="2" type="stmt"/>
        <line num="14" count="1" type="stmt"/>
      </file>
      <file name="Notification.js" path="/Users/ravindras/Documents/fabric/codebase/copilot-ui-library/src/organisms/header/notification/Notification.js">
        <metrics statements="6" coveredstatements="6" conditionals="2" coveredconditionals="1" methods="2" coveredmethods="2"/>
        <line num="9" count="1" type="stmt"/>
        <line num="10" count="1" type="stmt"/>
        <line num="17" count="1" type="stmt"/>
        <line num="21" count="1" type="stmt"/>
        <line num="22" count="1" type="stmt"/>
        <line num="50" count="1" type="stmt"/>
      </file>
      <file name="index.js" path="/Users/ravindras/Documents/fabric/codebase/copilot-ui-library/src/organisms/header/notification/index.js">
        <metrics statements="0" coveredstatements="0" conditionals="0" coveredconditionals="0" methods="0" coveredmethods="0"/>
      </file>
      <file name="styles.js" path="/Users/ravindras/Documents/fabric/codebase/copilot-ui-library/src/organisms/header/notification/styles.js">
        <metrics statements="4" coveredstatements="4" conditionals="0" coveredconditionals="0" methods="0" coveredmethods="0"/>
        <line num="4" count="1" type="stmt"/>
        <line num="57" count="1" type="stmt"/>
        <line num="59" count="1" type="stmt"/>
        <line num="68" count="1" type="stmt"/>
      </file>
    </package>
    <package name="organisms.header.profile">
      <metrics statements="8" coveredstatements="8" conditionals="0" coveredconditionals="0" methods="2" coveredmethods="2"/>
      <file name="UserActions.js" path="/Users/ravindras/Documents/fabric/codebase/copilot-ui-library/src/organisms/header/profile/UserActions.js">
        <metrics statements="6" coveredstatements="6" conditionals="0" coveredconditionals="0" methods="2" coveredmethods="2"/>
        <line num="6" count="1" type="stmt"/>
        <line num="7" count="1" type="stmt"/>
        <line num="15" count="1" type="stmt"/>
        <line num="19" count="1" type="stmt"/>
        <line num="20" count="1" type="stmt"/>
        <line num="55" count="1" type="stmt"/>
      </file>
      <file name="index.js" path="/Users/ravindras/Documents/fabric/codebase/copilot-ui-library/src/organisms/header/profile/index.js">
        <metrics statements="0" coveredstatements="0" conditionals="0" coveredconditionals="0" methods="0" coveredmethods="0"/>
      </file>
      <file name="styles.js" path="/Users/ravindras/Documents/fabric/codebase/copilot-ui-library/src/organisms/header/profile/styles.js">
        <metrics statements="2" coveredstatements="2" conditionals="0" coveredconditionals="0" methods="0" coveredmethods="0"/>
        <line num="4" count="1" type="stmt"/>
        <line num="40" count="1" type="stmt"/>
      </file>
    </package>
    <package name="organisms.modal">
      <metrics statements="27" coveredstatements="23" conditionals="4" coveredconditionals="2" methods="7" coveredmethods="4"/>
      <file name="Modal.js" path="/Users/ravindras/Documents/fabric/codebase/copilot-ui-library/src/organisms/modal/Modal.js">
        <metrics statements="4" coveredstatements="4" conditionals="4" coveredconditionals="2" methods="1" coveredmethods="1"/>
        <line num="6" count="1" type="stmt"/>
        <line num="7" count="3" type="cond" truecount="1" falsecount="1"/>
        <line num="35" count="1" type="stmt"/>
        <line num="40" count="1" type="stmt"/>
      </file>
      <file name="ModalFooter.js" path="/Users/ravindras/Documents/fabric/codebase/copilot-ui-library/src/organisms/modal/ModalFooter.js">
        <metrics statements="3" coveredstatements="2" conditionals="0" coveredconditionals="0" methods="1" coveredmethods="0"/>
        <line num="5" count="1" type="stmt"/>
        <line num="6" count="0" type="stmt"/>
        <line num="26" count="1" type="stmt"/>
      </file>
      <file name="ModalHeader.js" path="/Users/ravindras/Documents/fabric/codebase/copilot-ui-library/src/organisms/modal/ModalHeader.js">
        <metrics statements="3" coveredstatements="3" conditionals="0" coveredconditionals="0" methods="1" coveredmethods="1"/>
        <line num="5" count="1" type="stmt"/>
        <line num="6" count="3" type="stmt"/>
        <line num="27" count="1" type="stmt"/>
      </file>
      <file name="index.js" path="/Users/ravindras/Documents/fabric/codebase/copilot-ui-library/src/organisms/modal/index.js">
        <metrics statements="0" coveredstatements="0" conditionals="0" coveredconditionals="0" methods="0" coveredmethods="0"/>
      </file>
      <file name="mock.js" path="/Users/ravindras/Documents/fabric/codebase/copilot-ui-library/src/organisms/modal/mock.js">
        <metrics statements="0" coveredstatements="0" conditionals="0" coveredconditionals="0" methods="0" coveredmethods="0"/>
      </file>
      <file name="styles.js" path="/Users/ravindras/Documents/fabric/codebase/copilot-ui-library/src/organisms/modal/styles.js">
        <metrics statements="13" coveredstatements="13" conditionals="0" coveredconditionals="0" methods="2" coveredmethods="2"/>
        <line num="4" count="1" type="stmt"/>
        <line num="7" count="1" type="stmt"/>
        <line num="10" count="1" type="stmt"/>
        <line num="13" count="1" type="stmt"/>
        <line num="14" count="1" type="stmt"/>
        <line num="15" count="1" type="stmt"/>
        <line num="16" count="1" type="stmt"/>
        <line num="18" count="1" type="stmt"/>
        <line num="28" count="1" type="stmt"/>
        <line num="34" count="1" type="stmt"/>
        <line num="40" count="1" type="stmt"/>
        <line num="57" count="3" type="stmt"/>
        <line num="68" count="3" type="stmt"/>
      </file>
      <file name="use-modal.js" path="/Users/ravindras/Documents/fabric/codebase/copilot-ui-library/src/organisms/modal/use-modal.js">
        <metrics statements="4" coveredstatements="1" conditionals="0" coveredconditionals="0" methods="2" coveredmethods="0"/>
        <line num="3" count="1" type="stmt"/>
        <line num="4" count="0" type="stmt"/>
        <line num="7" count="0" type="stmt"/>
        <line num="10" count="0" type="stmt"/>
      </file>
    </package>
    <package name="organisms.tables">
      <metrics statements="49" coveredstatements="44" conditionals="32" coveredconditionals="25" methods="21" coveredmethods="18"/>
      <file name="FabricTable.js" path="/Users/ravindras/Documents/fabric/codebase/copilot-ui-library/src/organisms/tables/FabricTable.js">
        <metrics statements="10" coveredstatements="10" conditionals="1" coveredconditionals="1" methods="7" coveredmethods="6"/>
        <line num="6" count="1" type="stmt"/>
        <line num="7" count="4" type="stmt"/>
        <line num="14" count="1" type="stmt"/>
        <line num="18" count="4" type="stmt"/>
        <line num="19" count="5" type="stmt"/>
        <line num="20" count="1" type="stmt"/>
        <line num="21" count="21" type="stmt"/>
        <line num="22" count="129" type="stmt"/>
        <line num="23" count="1" type="cond" truecount="1" falsecount="0"/>
        <line num="24" count="32" type="stmt"/>
      </file>
      <file name="MoreBtnWrapper.js" path="/Users/ravindras/Documents/fabric/codebase/copilot-ui-library/src/organisms/tables/MoreBtnWrapper.js">
        <metrics statements="8" coveredstatements="7" conditionals="0" coveredconditionals="0" methods="3" coveredmethods="2"/>
        <line num="8" count="1" type="stmt"/>
        <line num="9" count="17" type="stmt"/>
        <line num="10" count="17" type="stmt"/>
        <line num="12" count="17" type="stmt"/>
        <line num="15" count="0" type="stmt"/>
        <line num="19" count="17" type="stmt"/>
        <line num="26" count="1" type="stmt"/>
        <line num="44" count="1" type="stmt"/>
      </file>
      <file name="Table.js" path="/Users/ravindras/Documents/fabric/codebase/copilot-ui-library/src/organisms/tables/Table.js">
        <metrics statements="12" coveredstatements="12" conditionals="23" coveredconditionals="20" methods="7" coveredmethods="7"/>
        <line num="9" count="1" type="stmt"/>
        <line num="15" count="4" type="stmt"/>
        <line num="22" count="4" type="stmt"/>
        <line num="23" count="4" type="stmt"/>
        <line num="24" count="32" type="stmt"/>
        <line num="27" count="1" type="stmt"/>
        <line num="56" count="4" type="stmt"/>
        <line num="57" count="6" type="stmt"/>
        <line num="72" count="18" type="stmt"/>
        <line num="110" count="6" type="stmt"/>
        <line num="143" count="4" type="stmt"/>
        <line num="158" count="1" type="stmt"/>
      </file>
      <file name="index.js" path="/Users/ravindras/Documents/fabric/codebase/copilot-ui-library/src/organisms/tables/index.js">
        <metrics statements="0" coveredstatements="0" conditionals="0" coveredconditionals="0" methods="0" coveredmethods="0"/>
      </file>
      <file name="mock.js" path="/Users/ravindras/Documents/fabric/codebase/copilot-ui-library/src/organisms/tables/mock.js">
        <metrics statements="1" coveredstatements="1" conditionals="0" coveredconditionals="0" methods="0" coveredmethods="0"/>
        <line num="1" count="1" type="stmt"/>
      </file>
      <file name="styles.js" path="/Users/ravindras/Documents/fabric/codebase/copilot-ui-library/src/organisms/tables/styles.js">
        <metrics statements="1" coveredstatements="1" conditionals="0" coveredconditionals="0" methods="0" coveredmethods="0"/>
        <line num="4" count="1" type="stmt"/>
      </file>
      <file name="use-tables.js" path="/Users/ravindras/Documents/fabric/codebase/copilot-ui-library/src/organisms/tables/use-tables.js">
        <metrics statements="17" coveredstatements="13" conditionals="8" coveredconditionals="4" methods="4" coveredmethods="3"/>
        <line num="3" count="1" type="stmt"/>
        <line num="9" count="4" type="stmt"/>
        <line num="10" count="4" type="stmt"/>
        <line num="11" count="4" type="stmt"/>
        <line num="14" count="1" type="cond" truecount="3" falsecount="1"/>
        <line num="15" count="1" type="stmt"/>
        <line num="16" count="1" type="cond" truecount="1" falsecount="1"/>
        <line num="17" count="1" type="stmt"/>
        <line num="18" count="2" type="stmt"/>
        <line num="26" count="1" type="stmt"/>
        <line num="27" count="0" type="cond" truecount="0" falsecount="2"/>
        <line num="28" count="0" type="stmt"/>
        <line num="29" count="0" type="stmt"/>
        <line num="37" count="0" type="stmt"/>
        <line num="39" count="1" type="stmt"/>
        <line num="40" count="1" type="stmt"/>
        <line num="44" count="4" type="stmt"/>
      </file>
    </package>
    <package name="svg">
      <metrics statements="1" coveredstatements="1" conditionals="0" coveredconditionals="0" methods="1" coveredmethods="1"/>
      <file name="icon-loading.js" path="/Users/ravindras/Documents/fabric/codebase/copilot-ui-library/src/svg/icon-loading.js">
        <metrics statements="1" coveredstatements="1" conditionals="0" coveredconditionals="0" methods="1" coveredmethods="1"/>
        <line num="4" count="1" type="stmt"/>
      </file>
    </package>
    <package name="templates">
      <metrics statements="0" coveredstatements="0" conditionals="0" coveredconditionals="0" methods="0" coveredmethods="0"/>
      <file name="index.js" path="/Users/ravindras/Documents/fabric/codebase/copilot-ui-library/src/templates/index.js">
        <metrics statements="0" coveredstatements="0" conditionals="0" coveredconditionals="0" methods="0" coveredmethods="0"/>
      </file>
    </package>
  </project>
</coverage>
