{"/Users/ravindras/Documents/fabric/codebase/copilot-ui-library/src/atoms/index.js": {"path":"/Users/ravindras/Documents/fabric/codebase/copilot-ui-library/src/atoms/index.js","statementMap":{},"fnMap":{},"branchMap":{},"s":{},"f":{},"b":{},"_coverageSchema":"1a1c01bbd47fc00a2c39e90264f33305004495a9","hash":"75089d84fd06ed730f6c6949f84340e01ead73fc"}
,"/Users/ravindras/Documents/fabric/codebase/copilot-ui-library/src/atoms/button/Button.js": {"path":"/Users/ravindras/Documents/fabric/codebase/copilot-ui-library/src/atoms/button/Button.js","statementMap":{"0":{"start":{"line":5,"column":22},"end":{"line":7,"column":1}},"1":{"start":{"line":6,"column":2},"end":{"line":6,"column":47}},"2":{"start":{"line":9,"column":0},"end":{"line":14,"column":1}},"3":{"start":{"line":16,"column":0},"end":{"line":22,"column":1}}},"fnMap":{"0":{"name":"(anonymous_0)","decl":{"start":{"line":5,"column":22},"end":{"line":5,"column":23}},"loc":{"start":{"line":6,"column":2},"end":{"line":6,"column":47}},"line":6}},"branchMap":{},"s":{"0":4,"1":14,"2":4,"3":4},"f":{"0":14},"b":{},"_coverageSchema":"1a1c01bbd47fc00a2c39e90264f33305004495a9","hash":"10989ddb3939b9619a474ab189022965e0c39863"}
,"/Users/ravindras/Documents/fabric/codebase/copilot-ui-library/src/atoms/button/Button.styles.js": {"path":"/Users/ravindras/Documents/fabric/codebase/copilot-ui-library/src/atoms/button/Button.styles.js","statementMap":{"0":{"start":{"line":4,"column":26},"end":{"line":15,"column":1}},"1":{"start":{"line":16,"column":28},"end":{"line":35,"column":1}},"2":{"start":{"line":31,"column":4},"end":{"line":34,"column":3}},"3":{"start":{"line":36,"column":28},"end":{"line":59,"column":1}},"4":{"start":{"line":53,"column":4},"end":{"line":58,"column":3}},"5":{"start":{"line":60,"column":30},"end":{"line":86,"column":1}},"6":{"start":{"line":80,"column":4},"end":{"line":85,"column":3}},"7":{"start":{"line":87,"column":24},"end":{"line":87,"column":33}},"8":{"start":{"line":88,"column":0},"end":{"line":88,"column":46}},"9":{"start":{"line":89,"column":0},"end":{"line":89,"column":48}},"10":{"start":{"line":90,"column":26},"end":{"line":90,"column":35}},"11":{"start":{"line":91,"column":0},"end":{"line":91,"column":50}},"12":{"start":{"line":92,"column":0},"end":{"line":92,"column":52}},"13":{"start":{"line":94,"column":19},"end":{"line":106,"column":1}},"14":{"start":{"line":105,"column":19},"end":{"line":105,"column":50}},"15":{"start":{"line":107,"column":21},"end":{"line":117,"column":1}},"16":{"start":{"line":116,"column":19},"end":{"line":116,"column":52}},"17":{"start":{"line":118,"column":17},"end":{"line":123,"column":1}},"18":{"start":{"line":120,"column":4},"end":{"line":122,"column":65}},"19":{"start":{"line":124,"column":17},"end":{"line":129,"column":1}},"20":{"start":{"line":126,"column":4},"end":{"line":128,"column":79}},"21":{"start":{"line":130,"column":16},"end":{"line":130,"column":25}},"22":{"start":{"line":131,"column":0},"end":{"line":131,"column":30}},"23":{"start":{"line":132,"column":0},"end":{"line":132,"column":30}},"24":{"start":{"line":134,"column":28},"end":{"line":148,"column":1}},"25":{"start":{"line":139,"column":18},"end":{"line":139,"column":40}},"26":{"start":{"line":142,"column":24},"end":{"line":142,"column":61}},"27":{"start":{"line":144,"column":4},"end":{"line":147,"column":3}}},"fnMap":{"0":{"name":"(anonymous_0)","decl":{"start":{"line":30,"column":4},"end":{"line":30,"column":5}},"loc":{"start":{"line":31,"column":4},"end":{"line":34,"column":3}},"line":31},"1":{"name":"(anonymous_1)","decl":{"start":{"line":52,"column":4},"end":{"line":52,"column":5}},"loc":{"start":{"line":53,"column":4},"end":{"line":58,"column":3}},"line":53},"2":{"name":"(anonymous_2)","decl":{"start":{"line":79,"column":4},"end":{"line":79,"column":5}},"loc":{"start":{"line":80,"column":4},"end":{"line":85,"column":3}},"line":80},"3":{"name":"(anonymous_3)","decl":{"start":{"line":105,"column":4},"end":{"line":105,"column":5}},"loc":{"start":{"line":105,"column":19},"end":{"line":105,"column":50}},"line":105},"4":{"name":"(anonymous_4)","decl":{"start":{"line":116,"column":4},"end":{"line":116,"column":5}},"loc":{"start":{"line":116,"column":19},"end":{"line":116,"column":52}},"line":116},"5":{"name":"(anonymous_5)","decl":{"start":{"line":119,"column":4},"end":{"line":119,"column":5}},"loc":{"start":{"line":120,"column":4},"end":{"line":122,"column":65}},"line":120},"6":{"name":"(anonymous_6)","decl":{"start":{"line":125,"column":4},"end":{"line":125,"column":5}},"loc":{"start":{"line":126,"column":4},"end":{"line":128,"column":79}},"line":126},"7":{"name":"(anonymous_7)","decl":{"start":{"line":139,"column":4},"end":{"line":139,"column":5}},"loc":{"start":{"line":139,"column":18},"end":{"line":139,"column":40}},"line":139},"8":{"name":"(anonymous_8)","decl":{"start":{"line":142,"column":4},"end":{"line":142,"column":5}},"loc":{"start":{"line":142,"column":24},"end":{"line":142,"column":61}},"line":142},"9":{"name":"(anonymous_9)","decl":{"start":{"line":143,"column":4},"end":{"line":143,"column":5}},"loc":{"start":{"line":144,"column":4},"end":{"line":147,"column":3}},"line":144}},"branchMap":{"0":{"loc":{"start":{"line":31,"column":4},"end":{"line":34,"column":3}},"type":"binary-expr","locations":[{"start":{"line":31,"column":4},"end":{"line":31,"column":12}},{"start":{"line":32,"column":4},"end":{"line":34,"column":3}}],"line":31},"1":{"loc":{"start":{"line":53,"column":4},"end":{"line":58,"column":3}},"type":"binary-expr","locations":[{"start":{"line":53,"column":4},"end":{"line":53,"column":12}},{"start":{"line":54,"column":4},"end":{"line":58,"column":3}}],"line":53},"2":{"loc":{"start":{"line":80,"column":4},"end":{"line":85,"column":3}},"type":"binary-expr","locations":[{"start":{"line":80,"column":4},"end":{"line":80,"column":12}},{"start":{"line":81,"column":4},"end":{"line":85,"column":3}}],"line":80},"3":{"loc":{"start":{"line":120,"column":4},"end":{"line":122,"column":65}},"type":"cond-expr","locations":[{"start":{"line":121,"column":8},"end":{"line":121,"column":66}},{"start":{"line":122,"column":8},"end":{"line":122,"column":65}}],"line":120},"4":{"loc":{"start":{"line":126,"column":4},"end":{"line":128,"column":79}},"type":"cond-expr","locations":[{"start":{"line":127,"column":8},"end":{"line":127,"column":79}},{"start":{"line":128,"column":8},"end":{"line":128,"column":79}}],"line":126},"5":{"loc":{"start":{"line":142,"column":24},"end":{"line":142,"column":61}},"type":"cond-expr","locations":[{"start":{"line":142,"column":36},"end":{"line":142,"column":46}},{"start":{"line":142,"column":49},"end":{"line":142,"column":61}}],"line":142},"6":{"loc":{"start":{"line":144,"column":4},"end":{"line":147,"column":3}},"type":"binary-expr","locations":[{"start":{"line":144,"column":4},"end":{"line":144,"column":12}},{"start":{"line":145,"column":4},"end":{"line":147,"column":3}}],"line":144}},"s":{"0":4,"1":4,"2":7,"3":4,"4":0,"5":4,"6":0,"7":4,"8":4,"9":4,"10":4,"11":4,"12":4,"13":4,"14":6,"15":4,"16":8,"17":4,"18":13,"19":4,"20":1,"21":4,"22":4,"23":4,"24":4,"25":14,"26":14,"27":14},"f":{"0":7,"1":0,"2":0,"3":6,"4":8,"5":13,"6":1,"7":14,"8":14,"9":14},"b":{"0":[7,0],"1":[0,0],"2":[0,0],"3":[6,7],"4":[0,1],"5":[6,8],"6":[14,0]},"_coverageSchema":"1a1c01bbd47fc00a2c39e90264f33305004495a9","hash":"d77dd93b381ac95e55162d26532334914b7ad34a"}
,"/Users/ravindras/Documents/fabric/codebase/copilot-ui-library/src/atoms/buttonWithIcon/ButtonWithIcon.js": {"path":"/Users/ravindras/Documents/fabric/codebase/copilot-ui-library/src/atoms/buttonWithIcon/ButtonWithIcon.js","statementMap":{"0":{"start":{"line":5,"column":14},"end":{"line":5,"column":45}},"1":{"start":{"line":6,"column":30},"end":{"line":32,"column":1}},"2":{"start":{"line":13,"column":15},"end":{"line":13,"column":26}},"3":{"start":{"line":15,"column":2},"end":{"line":20,"column":5}},"4":{"start":{"line":16,"column":4},"end":{"line":20,"column":5}},"5":{"start":{"line":21,"column":2},"end":{"line":31,"column":3}},"6":{"start":{"line":34,"column":0},"end":{"line":40,"column":1}},"7":{"start":{"line":42,"column":0},"end":{"line":51,"column":1}}},"fnMap":{"0":{"name":"(anonymous_0)","decl":{"start":{"line":6,"column":30},"end":{"line":6,"column":31}},"loc":{"start":{"line":12,"column":6},"end":{"line":32,"column":1}},"line":12}},"branchMap":{"0":{"loc":{"start":{"line":15,"column":2},"end":{"line":20,"column":5}},"type":"if","locations":[{"start":{"line":15,"column":2},"end":{"line":20,"column":5}},{"start":{"line":15,"column":2},"end":{"line":20,"column":5}}],"line":15},"1":{"loc":{"start":{"line":18,"column":9},"end":{"line":18,"column":42}},"type":"binary-expr","locations":[{"start":{"line":18,"column":9},"end":{"line":18,"column":13}},{"start":{"line":18,"column":17},"end":{"line":18,"column":42}}],"line":18},"2":{"loc":{"start":{"line":23,"column":7},"end":{"line":25,"column":7}},"type":"binary-expr","locations":[{"start":{"line":23,"column":7},"end":{"line":23,"column":19}},{"start":{"line":23,"column":23},"end":{"line":23,"column":46}},{"start":{"line":23,"column":50},"end":{"line":23,"column":54}},{"start":{"line":24,"column":8},"end":{"line":24,"column":43}}],"line":23},"3":{"loc":{"start":{"line":27,"column":7},"end":{"line":29,"column":7}},"type":"binary-expr","locations":[{"start":{"line":27,"column":7},"end":{"line":27,"column":19}},{"start":{"line":27,"column":23},"end":{"line":27,"column":47}},{"start":{"line":27,"column":51},"end":{"line":27,"column":55}},{"start":{"line":28,"column":8},"end":{"line":28,"column":44}}],"line":27}},"s":{"0":2,"1":2,"2":6,"3":6,"4":3,"5":3,"6":2,"7":2},"f":{"0":6},"b":{"0":[3,3],"1":[3,3],"2":[3,2,1,1],"3":[3,2,1,1]},"_coverageSchema":"1a1c01bbd47fc00a2c39e90264f33305004495a9","hash":"9fc776e202382c387dabf0b6d31b7ce591cab9f8"}
,"/Users/ravindras/Documents/fabric/codebase/copilot-ui-library/src/atoms/buttonWithIcon/ButtonWithIcon.styles.js": {"path":"/Users/ravindras/Documents/fabric/codebase/copilot-ui-library/src/atoms/buttonWithIcon/ButtonWithIcon.styles.js","statementMap":{"0":{"start":{"line":4,"column":26},"end":{"line":15,"column":1}},"1":{"start":{"line":16,"column":28},"end":{"line":35,"column":1}},"2":{"start":{"line":31,"column":4},"end":{"line":34,"column":3}},"3":{"start":{"line":36,"column":28},"end":{"line":59,"column":1}},"4":{"start":{"line":53,"column":4},"end":{"line":58,"column":3}},"5":{"start":{"line":60,"column":30},"end":{"line":86,"column":1}},"6":{"start":{"line":80,"column":4},"end":{"line":85,"column":3}},"7":{"start":{"line":87,"column":24},"end":{"line":128,"column":1}},"8":{"start":{"line":91,"column":4},"end":{"line":93,"column":31}},"9":{"start":{"line":119,"column":4},"end":{"line":127,"column":3}},"10":{"start":{"line":129,"column":23},"end":{"line":168,"column":1}},"11":{"start":{"line":159,"column":4},"end":{"line":167,"column":3}},"12":{"start":{"line":169,"column":20},"end":{"line":169,"column":29}},"13":{"start":{"line":170,"column":0},"end":{"line":170,"column":40}},"14":{"start":{"line":171,"column":0},"end":{"line":171,"column":38}},"15":{"start":{"line":173,"column":31},"end":{"line":215,"column":1}},"16":{"start":{"line":178,"column":6},"end":{"line":180,"column":48}},"17":{"start":{"line":206,"column":4},"end":{"line":214,"column":3}},"18":{"start":{"line":216,"column":24},"end":{"line":216,"column":33}},"19":{"start":{"line":217,"column":0},"end":{"line":217,"column":46}},"20":{"start":{"line":218,"column":0},"end":{"line":218,"column":48}},"21":{"start":{"line":219,"column":26},"end":{"line":219,"column":35}},"22":{"start":{"line":220,"column":0},"end":{"line":220,"column":50}},"23":{"start":{"line":221,"column":0},"end":{"line":221,"column":52}},"24":{"start":{"line":222,"column":0},"end":{"line":222,"column":54}},"25":{"start":{"line":224,"column":19},"end":{"line":236,"column":1}},"26":{"start":{"line":232,"column":19},"end":{"line":232,"column":50}},"27":{"start":{"line":237,"column":21},"end":{"line":250,"column":1}},"28":{"start":{"line":245,"column":19},"end":{"line":245,"column":52}},"29":{"start":{"line":246,"column":22},"end":{"line":246,"column":52}},"30":{"start":{"line":252,"column":32},"end":{"line":277,"column":1}},"31":{"start":{"line":260,"column":35},"end":{"line":260,"column":71}},"32":{"start":{"line":263,"column":24},"end":{"line":263,"column":61}},"33":{"start":{"line":265,"column":4},"end":{"line":268,"column":3}},"34":{"start":{"line":276,"column":25},"end":{"line":276,"column":67}}},"fnMap":{"0":{"name":"(anonymous_0)","decl":{"start":{"line":30,"column":4},"end":{"line":30,"column":5}},"loc":{"start":{"line":31,"column":4},"end":{"line":34,"column":3}},"line":31},"1":{"name":"(anonymous_1)","decl":{"start":{"line":52,"column":4},"end":{"line":52,"column":5}},"loc":{"start":{"line":53,"column":4},"end":{"line":58,"column":3}},"line":53},"2":{"name":"(anonymous_2)","decl":{"start":{"line":79,"column":4},"end":{"line":79,"column":5}},"loc":{"start":{"line":80,"column":4},"end":{"line":85,"column":3}},"line":80},"3":{"name":"(anonymous_3)","decl":{"start":{"line":90,"column":12},"end":{"line":90,"column":13}},"loc":{"start":{"line":91,"column":4},"end":{"line":93,"column":31}},"line":91},"4":{"name":"(anonymous_4)","decl":{"start":{"line":118,"column":4},"end":{"line":118,"column":5}},"loc":{"start":{"line":119,"column":4},"end":{"line":127,"column":3}},"line":119},"5":{"name":"(anonymous_5)","decl":{"start":{"line":158,"column":4},"end":{"line":158,"column":5}},"loc":{"start":{"line":159,"column":4},"end":{"line":167,"column":3}},"line":159},"6":{"name":"(anonymous_6)","decl":{"start":{"line":177,"column":6},"end":{"line":177,"column":7}},"loc":{"start":{"line":178,"column":6},"end":{"line":180,"column":48}},"line":178},"7":{"name":"(anonymous_7)","decl":{"start":{"line":205,"column":4},"end":{"line":205,"column":5}},"loc":{"start":{"line":206,"column":4},"end":{"line":214,"column":3}},"line":206},"8":{"name":"(anonymous_8)","decl":{"start":{"line":232,"column":4},"end":{"line":232,"column":5}},"loc":{"start":{"line":232,"column":19},"end":{"line":232,"column":50}},"line":232},"9":{"name":"(anonymous_9)","decl":{"start":{"line":245,"column":4},"end":{"line":245,"column":5}},"loc":{"start":{"line":245,"column":19},"end":{"line":245,"column":52}},"line":245},"10":{"name":"(anonymous_10)","decl":{"start":{"line":246,"column":4},"end":{"line":246,"column":5}},"loc":{"start":{"line":246,"column":22},"end":{"line":246,"column":52}},"line":246},"11":{"name":"(anonymous_11)","decl":{"start":{"line":260,"column":13},"end":{"line":260,"column":14}},"loc":{"start":{"line":260,"column":35},"end":{"line":260,"column":71}},"line":260},"12":{"name":"(anonymous_12)","decl":{"start":{"line":263,"column":4},"end":{"line":263,"column":5}},"loc":{"start":{"line":263,"column":24},"end":{"line":263,"column":61}},"line":263},"13":{"name":"(anonymous_13)","decl":{"start":{"line":264,"column":4},"end":{"line":264,"column":5}},"loc":{"start":{"line":265,"column":4},"end":{"line":268,"column":3}},"line":265},"14":{"name":"(anonymous_14)","decl":{"start":{"line":276,"column":4},"end":{"line":276,"column":5}},"loc":{"start":{"line":276,"column":25},"end":{"line":276,"column":67}},"line":276}},"branchMap":{"0":{"loc":{"start":{"line":31,"column":4},"end":{"line":34,"column":3}},"type":"binary-expr","locations":[{"start":{"line":31,"column":4},"end":{"line":31,"column":12}},{"start":{"line":32,"column":4},"end":{"line":34,"column":3}}],"line":31},"1":{"loc":{"start":{"line":53,"column":4},"end":{"line":58,"column":3}},"type":"binary-expr","locations":[{"start":{"line":53,"column":4},"end":{"line":53,"column":12}},{"start":{"line":54,"column":4},"end":{"line":58,"column":3}}],"line":53},"2":{"loc":{"start":{"line":80,"column":4},"end":{"line":85,"column":3}},"type":"binary-expr","locations":[{"start":{"line":80,"column":4},"end":{"line":80,"column":12}},{"start":{"line":81,"column":4},"end":{"line":85,"column":3}}],"line":80},"3":{"loc":{"start":{"line":91,"column":4},"end":{"line":93,"column":31}},"type":"cond-expr","locations":[{"start":{"line":92,"column":8},"end":{"line":92,"column":59}},{"start":{"line":93,"column":8},"end":{"line":93,"column":31}}],"line":91},"4":{"loc":{"start":{"line":119,"column":4},"end":{"line":127,"column":3}},"type":"binary-expr","locations":[{"start":{"line":119,"column":4},"end":{"line":119,"column":12}},{"start":{"line":120,"column":4},"end":{"line":127,"column":3}}],"line":119},"5":{"loc":{"start":{"line":159,"column":4},"end":{"line":167,"column":3}},"type":"binary-expr","locations":[{"start":{"line":159,"column":4},"end":{"line":159,"column":12}},{"start":{"line":160,"column":4},"end":{"line":167,"column":3}}],"line":159},"6":{"loc":{"start":{"line":178,"column":6},"end":{"line":180,"column":48}},"type":"cond-expr","locations":[{"start":{"line":179,"column":10},"end":{"line":179,"column":51}},{"start":{"line":180,"column":10},"end":{"line":180,"column":48}}],"line":178},"7":{"loc":{"start":{"line":206,"column":4},"end":{"line":214,"column":3}},"type":"binary-expr","locations":[{"start":{"line":206,"column":4},"end":{"line":206,"column":12}},{"start":{"line":207,"column":4},"end":{"line":214,"column":3}}],"line":206},"8":{"loc":{"start":{"line":260,"column":35},"end":{"line":260,"column":71}},"type":"cond-expr","locations":[{"start":{"line":260,"column":49},"end":{"line":260,"column":55}},{"start":{"line":260,"column":58},"end":{"line":260,"column":71}}],"line":260},"9":{"loc":{"start":{"line":263,"column":24},"end":{"line":263,"column":61}},"type":"cond-expr","locations":[{"start":{"line":263,"column":36},"end":{"line":263,"column":46}},{"start":{"line":263,"column":49},"end":{"line":263,"column":61}}],"line":263},"10":{"loc":{"start":{"line":265,"column":4},"end":{"line":268,"column":3}},"type":"binary-expr","locations":[{"start":{"line":265,"column":4},"end":{"line":265,"column":12}},{"start":{"line":266,"column":4},"end":{"line":268,"column":3}}],"line":265},"11":{"loc":{"start":{"line":276,"column":25},"end":{"line":276,"column":67}},"type":"binary-expr","locations":[{"start":{"line":276,"column":25},"end":{"line":276,"column":36}},{"start":{"line":276,"column":40},"end":{"line":276,"column":67}}],"line":276}},"s":{"0":2,"1":2,"2":0,"3":2,"4":0,"5":2,"6":0,"7":2,"8":0,"9":0,"10":2,"11":1,"12":2,"13":2,"14":2,"15":2,"16":1,"17":1,"18":2,"19":2,"20":2,"21":2,"22":2,"23":2,"24":2,"25":2,"26":5,"27":2,"28":1,"29":1,"30":2,"31":6,"32":6,"33":6,"34":6},"f":{"0":0,"1":0,"2":0,"3":0,"4":0,"5":1,"6":1,"7":1,"8":5,"9":1,"10":1,"11":6,"12":6,"13":6,"14":6},"b":{"0":[0,0],"1":[0,0],"2":[0,0],"3":[0,0],"4":[0,0],"5":[1,0],"6":[0,1],"7":[1,0],"8":[3,3],"9":[5,1],"10":[6,0],"11":[6,3]},"_coverageSchema":"1a1c01bbd47fc00a2c39e90264f33305004495a9","hash":"4f53c2f16817fdcfc2ca78c43c80771015d359ca"}
,"/Users/ravindras/Documents/fabric/codebase/copilot-ui-library/src/atoms/calendar/Calendar.js": {"path":"/Users/ravindras/Documents/fabric/codebase/copilot-ui-library/src/atoms/calendar/Calendar.js","statementMap":{"0":{"start":{"line":24,"column":0},"end":{"line":24,"column":27}},"1":{"start":{"line":25,"column":0},"end":{"line":25,"column":29}},"2":{"start":{"line":27,"column":24},"end":{"line":128,"column":1}},"3":{"start":{"line":34,"column":36},"end":{"line":34,"column":56}},"4":{"start":{"line":35,"column":26},"end":{"line":35,"column":41}},"5":{"start":{"line":36,"column":24},"end":{"line":36,"column":36}},"6":{"start":{"line":38,"column":16},"end":{"line":47,"column":33}},"7":{"start":{"line":39,"column":4},"end":{"line":45,"column":5}},"8":{"start":{"line":40,"column":25},"end":{"line":40,"column":64}},"9":{"start":{"line":41,"column":6},"end":{"line":44,"column":7}},"10":{"start":{"line":43,"column":18},"end":{"line":43,"column":41}},"11":{"start":{"line":46,"column":4},"end":{"line":46,"column":45}},"12":{"start":{"line":49,"column":2},"end":{"line":55,"column":3}},"13":{"start":{"line":52,"column":6},"end":{"line":52,"column":20}},"14":{"start":{"line":57,"column":19},"end":{"line":63,"column":3}},"15":{"start":{"line":59,"column":6},"end":{"line":59,"column":24}},"16":{"start":{"line":60,"column":6},"end":{"line":60,"column":24}},"17":{"start":{"line":65,"column":25},"end":{"line":65,"column":53}},"18":{"start":{"line":65,"column":31},"end":{"line":65,"column":53}},"19":{"start":{"line":65,"column":47},"end":{"line":65,"column":52}},"20":{"start":{"line":67,"column":32},"end":{"line":67,"column":60}},"21":{"start":{"line":67,"column":38},"end":{"line":67,"column":60}},"22":{"start":{"line":69,"column":2},"end":{"line":127,"column":3}},"23":{"start":{"line":73,"column":28},"end":{"line":73,"column":35}},"24":{"start":{"line":83,"column":10},"end":{"line":119,"column":29}},"25":{"start":{"line":100,"column":22},"end":{"line":106,"column":37}},"26":{"start":{"line":102,"column":39},"end":{"line":102,"column":57}},"27":{"start":{"line":123,"column":30},"end":{"line":123,"column":51}},"28":{"start":{"line":130,"column":0},"end":{"line":135,"column":1}},"29":{"start":{"line":137,"column":0},"end":{"line":142,"column":1}}},"fnMap":{"0":{"name":"(anonymous_0)","decl":{"start":{"line":27,"column":24},"end":{"line":27,"column":25}},"loc":{"start":{"line":33,"column":6},"end":{"line":128,"column":1}},"line":33},"1":{"name":"(anonymous_1)","decl":{"start":{"line":38,"column":24},"end":{"line":38,"column":25}},"loc":{"start":{"line":38,"column":30},"end":{"line":47,"column":3}},"line":38},"2":{"name":"(anonymous_2)","decl":{"start":{"line":43,"column":8},"end":{"line":43,"column":9}},"loc":{"start":{"line":43,"column":18},"end":{"line":43,"column":41}},"line":43},"3":{"name":"(anonymous_3)","decl":{"start":{"line":51,"column":4},"end":{"line":51,"column":5}},"loc":{"start":{"line":51,"column":10},"end":{"line":53,"column":5}},"line":51},"4":{"name":"(anonymous_4)","decl":{"start":{"line":58,"column":4},"end":{"line":58,"column":5}},"loc":{"start":{"line":58,"column":12},"end":{"line":61,"column":5}},"line":58},"5":{"name":"(anonymous_5)","decl":{"start":{"line":65,"column":25},"end":{"line":65,"column":26}},"loc":{"start":{"line":65,"column":31},"end":{"line":65,"column":53}},"line":65},"6":{"name":"(anonymous_6)","decl":{"start":{"line":65,"column":39},"end":{"line":65,"column":40}},"loc":{"start":{"line":65,"column":47},"end":{"line":65,"column":52}},"line":65},"7":{"name":"(anonymous_7)","decl":{"start":{"line":67,"column":32},"end":{"line":67,"column":33}},"loc":{"start":{"line":67,"column":38},"end":{"line":67,"column":60}},"line":67},"8":{"name":"(anonymous_8)","decl":{"start":{"line":73,"column":23},"end":{"line":73,"column":24}},"loc":{"start":{"line":73,"column":28},"end":{"line":73,"column":35}},"line":73},"9":{"name":"(anonymous_9)","decl":{"start":{"line":75,"column":28},"end":{"line":75,"column":29}},"loc":{"start":{"line":83,"column":10},"end":{"line":119,"column":29}},"line":83},"10":{"name":"(anonymous_10)","decl":{"start":{"line":99,"column":31},"end":{"line":99,"column":32}},"loc":{"start":{"line":100,"column":22},"end":{"line":106,"column":37}},"line":100},"11":{"name":"(anonymous_11)","decl":{"start":{"line":102,"column":33},"end":{"line":102,"column":34}},"loc":{"start":{"line":102,"column":39},"end":{"line":102,"column":57}},"line":102},"12":{"name":"(anonymous_12)","decl":{"start":{"line":123,"column":22},"end":{"line":123,"column":23}},"loc":{"start":{"line":123,"column":30},"end":{"line":123,"column":51}},"line":123},"13":{"name":"(anonymous_13)","decl":{"start":{"line":132,"column":16},"end":{"line":132,"column":17}},"loc":{"start":{"line":132,"column":22},"end":{"line":132,"column":24}},"line":132}},"branchMap":{"0":{"loc":{"start":{"line":39,"column":4},"end":{"line":45,"column":5}},"type":"if","locations":[{"start":{"line":39,"column":4},"end":{"line":45,"column":5}},{"start":{"line":39,"column":4},"end":{"line":45,"column":5}}],"line":39},"1":{"loc":{"start":{"line":40,"column":25},"end":{"line":40,"column":64}},"type":"cond-expr","locations":[{"start":{"line":40,"column":46},"end":{"line":40,"column":59}},{"start":{"line":40,"column":62},"end":{"line":40,"column":64}}],"line":40},"2":{"loc":{"start":{"line":67,"column":38},"end":{"line":67,"column":60}},"type":"binary-expr","locations":[{"start":{"line":67,"column":38},"end":{"line":67,"column":42}},{"start":{"line":67,"column":46},"end":{"line":67,"column":60}}],"line":67},"3":{"loc":{"start":{"line":97,"column":17},"end":{"line":109,"column":17}},"type":"binary-expr","locations":[{"start":{"line":97,"column":17},"end":{"line":97,"column":21}},{"start":{"line":98,"column":18},"end":{"line":108,"column":35}}],"line":97},"4":{"loc":{"start":{"line":123,"column":30},"end":{"line":123,"column":51}},"type":"binary-expr","locations":[{"start":{"line":123,"column":30},"end":{"line":123,"column":34}},{"start":{"line":123,"column":38},"end":{"line":123,"column":51}}],"line":123}},"s":{"0":2,"1":2,"2":2,"3":8,"4":8,"5":8,"6":8,"7":4,"8":4,"9":4,"10":40,"11":0,"12":8,"13":0,"14":8,"15":4,"16":4,"17":8,"18":0,"19":0,"20":8,"21":5,"22":8,"23":84,"24":12,"25":0,"26":0,"27":504,"28":2,"29":2},"f":{"0":8,"1":4,"2":40,"3":0,"4":4,"5":0,"6":0,"7":5,"8":84,"9":12,"10":0,"11":0,"12":504,"13":4},"b":{"0":[4,0],"1":[0,4],"2":[5,0],"3":[12,0],"4":[504,504]},"_coverageSchema":"1a1c01bbd47fc00a2c39e90264f33305004495a9","hash":"35344627a90aa315d8b9e1e2ea652987638bf1b4"}
,"/Users/ravindras/Documents/fabric/codebase/copilot-ui-library/src/atoms/calendar/Calendar.styles.js": {"path":"/Users/ravindras/Documents/fabric/codebase/copilot-ui-library/src/atoms/calendar/Calendar.styles.js","statementMap":{"0":{"start":{"line":4,"column":32},"end":{"line":90,"column":1}},"1":{"start":{"line":92,"column":32},"end":{"line":97,"column":1}},"2":{"start":{"line":99,"column":34},"end":{"line":109,"column":1}},"3":{"start":{"line":110,"column":33},"end":{"line":122,"column":1}},"4":{"start":{"line":123,"column":27},"end":{"line":131,"column":1}},"5":{"start":{"line":126,"column":4},"end":{"line":130,"column":2}},"6":{"start":{"line":132,"column":30},"end":{"line":163,"column":1}},"7":{"start":{"line":164,"column":28},"end":{"line":172,"column":1}},"8":{"start":{"line":167,"column":4},"end":{"line":171,"column":2}}},"fnMap":{"0":{"name":"(anonymous_0)","decl":{"start":{"line":125,"column":4},"end":{"line":125,"column":5}},"loc":{"start":{"line":126,"column":4},"end":{"line":130,"column":2}},"line":126},"1":{"name":"(anonymous_1)","decl":{"start":{"line":166,"column":4},"end":{"line":166,"column":5}},"loc":{"start":{"line":167,"column":4},"end":{"line":171,"column":2}},"line":167}},"branchMap":{"0":{"loc":{"start":{"line":126,"column":4},"end":{"line":130,"column":2}},"type":"binary-expr","locations":[{"start":{"line":126,"column":4},"end":{"line":126,"column":12}},{"start":{"line":127,"column":4},"end":{"line":130,"column":2}}],"line":126},"1":{"loc":{"start":{"line":167,"column":4},"end":{"line":171,"column":2}},"type":"binary-expr","locations":[{"start":{"line":167,"column":4},"end":{"line":167,"column":10}},{"start":{"line":168,"column":4},"end":{"line":171,"column":2}}],"line":167}},"s":{"0":2,"1":2,"2":2,"3":2,"4":2,"5":24,"6":2,"7":2,"8":0},"f":{"0":24,"1":0},"b":{"0":[24,0],"1":[0,0]},"_coverageSchema":"1a1c01bbd47fc00a2c39e90264f33305004495a9","hash":"eb19481fde3284d800de07e73efc43557e66b7ec"}
,"/Users/ravindras/Documents/fabric/codebase/copilot-ui-library/src/atoms/calendar/Constant.js": {"path":"/Users/ravindras/Documents/fabric/codebase/copilot-ui-library/src/atoms/calendar/Constant.js","statementMap":{"0":{"start":{"line":1,"column":20},"end":{"line":9,"column":1}},"1":{"start":{"line":10,"column":22},"end":{"line":23,"column":1}}},"fnMap":{},"branchMap":{},"s":{"0":2,"1":2},"f":{},"b":{},"_coverageSchema":"1a1c01bbd47fc00a2c39e90264f33305004495a9","hash":"14264dc49f6c4f4307e36d3163eba5ae3c73c29b"}
,"/Users/ravindras/Documents/fabric/codebase/copilot-ui-library/src/atoms/checkbox/Checkbox.js": {"path":"/Users/ravindras/Documents/fabric/codebase/copilot-ui-library/src/atoms/checkbox/Checkbox.js","statementMap":{"0":{"start":{"line":8,"column":24},"end":{"line":48,"column":1}},"1":{"start":{"line":19,"column":34},"end":{"line":19,"column":56}},"2":{"start":{"line":20,"column":22},"end":{"line":20,"column":38}},"3":{"start":{"line":22,"column":22},"end":{"line":25,"column":3}},"4":{"start":{"line":23,"column":4},"end":{"line":23,"column":33}},"5":{"start":{"line":24,"column":4},"end":{"line":24,"column":15}},"6":{"start":{"line":27,"column":2},"end":{"line":47,"column":3}},"7":{"start":{"line":50,"column":0},"end":{"line":56,"column":1}},"8":{"start":{"line":58,"column":0},"end":{"line":67,"column":1}}},"fnMap":{"0":{"name":"(anonymous_0)","decl":{"start":{"line":8,"column":24},"end":{"line":8,"column":25}},"loc":{"start":{"line":18,"column":6},"end":{"line":48,"column":1}},"line":18},"1":{"name":"(anonymous_1)","decl":{"start":{"line":22,"column":22},"end":{"line":22,"column":23}},"loc":{"start":{"line":22,"column":27},"end":{"line":25,"column":3}},"line":22},"2":{"name":"(anonymous_2)","decl":{"start":{"line":55,"column":12},"end":{"line":55,"column":13}},"loc":{"start":{"line":55,"column":18},"end":{"line":55,"column":20}},"line":55}},"branchMap":{"0":{"loc":{"start":{"line":39,"column":14},"end":{"line":39,"column":41}},"type":"binary-expr","locations":[{"start":{"line":39,"column":14},"end":{"line":39,"column":18}},{"start":{"line":39,"column":22},"end":{"line":39,"column":41}}],"line":39}},"s":{"0":2,"1":5,"2":5,"3":5,"4":2,"5":2,"6":5,"7":2,"8":2},"f":{"0":5,"1":2,"2":0},"b":{"0":[5,1]},"_coverageSchema":"1a1c01bbd47fc00a2c39e90264f33305004495a9","hash":"0d8e5a13562993ec823add562c708bb095436421"}
,"/Users/ravindras/Documents/fabric/codebase/copilot-ui-library/src/atoms/checkbox/Checkbox.styles.js": {"path":"/Users/ravindras/Documents/fabric/codebase/copilot-ui-library/src/atoms/checkbox/Checkbox.styles.js","statementMap":{"0":{"start":{"line":4,"column":22},"end":{"line":7,"column":1}},"1":{"start":{"line":9,"column":22},"end":{"line":19,"column":1}},"2":{"start":{"line":21,"column":37},"end":{"line":53,"column":1}},"3":{"start":{"line":52,"column":22},"end":{"line":52,"column":47}},"4":{"start":{"line":55,"column":26},"end":{"line":60,"column":1}},"5":{"start":{"line":62,"column":25},"end":{"line":69,"column":1}},"6":{"start":{"line":68,"column":22},"end":{"line":68,"column":47}}},"fnMap":{"0":{"name":"(anonymous_0)","decl":{"start":{"line":52,"column":4},"end":{"line":52,"column":5}},"loc":{"start":{"line":52,"column":22},"end":{"line":52,"column":47}},"line":52},"1":{"name":"(anonymous_1)","decl":{"start":{"line":68,"column":4},"end":{"line":68,"column":5}},"loc":{"start":{"line":68,"column":22},"end":{"line":68,"column":47}},"line":68}},"branchMap":{"0":{"loc":{"start":{"line":52,"column":22},"end":{"line":52,"column":47}},"type":"binary-expr","locations":[{"start":{"line":52,"column":22},"end":{"line":52,"column":30}},{"start":{"line":52,"column":34},"end":{"line":52,"column":47}}],"line":52},"1":{"loc":{"start":{"line":68,"column":22},"end":{"line":68,"column":47}},"type":"binary-expr","locations":[{"start":{"line":68,"column":22},"end":{"line":68,"column":30}},{"start":{"line":68,"column":34},"end":{"line":68,"column":47}}],"line":68}},"s":{"0":2,"1":2,"2":2,"3":5,"4":2,"5":2,"6":5},"f":{"0":5,"1":5},"b":{"0":[5,1],"1":[5,2]},"_coverageSchema":"1a1c01bbd47fc00a2c39e90264f33305004495a9","hash":"01ca046e1d4b13f1f7cf863f604801a9d4c2d023"}
,"/Users/ravindras/Documents/fabric/codebase/copilot-ui-library/src/atoms/chip/Chip.js": {"path":"/Users/ravindras/Documents/fabric/codebase/copilot-ui-library/src/atoms/chip/Chip.js","statementMap":{"0":{"start":{"line":7,"column":20},"end":{"line":16,"column":2}},"1":{"start":{"line":8,"column":2},"end":{"line":15,"column":3}},"2":{"start":{"line":11,"column":39},"end":{"line":11,"column":54}},"3":{"start":{"line":18,"column":0},"end":{"line":20,"column":1}},"4":{"start":{"line":22,"column":0},"end":{"line":27,"column":1}}},"fnMap":{"0":{"name":"(anonymous_0)","decl":{"start":{"line":7,"column":31},"end":{"line":7,"column":32}},"loc":{"start":{"line":7,"column":69},"end":{"line":16,"column":1}},"line":7},"1":{"name":"(anonymous_1)","decl":{"start":{"line":11,"column":34},"end":{"line":11,"column":35}},"loc":{"start":{"line":11,"column":39},"end":{"line":11,"column":54}},"line":11}},"branchMap":{},"s":{"0":2,"1":2,"2":1,"3":2,"4":2},"f":{"0":2,"1":1},"b":{},"_coverageSchema":"1a1c01bbd47fc00a2c39e90264f33305004495a9","hash":"23eb6c59b89ee15d56bba0d1a8aeb2493a834564"}
,"/Users/ravindras/Documents/fabric/codebase/copilot-ui-library/src/atoms/chip/Chip.styles.js": {"path":"/Users/ravindras/Documents/fabric/codebase/copilot-ui-library/src/atoms/chip/Chip.styles.js","statementMap":{"0":{"start":{"line":4,"column":26},"end":{"line":39,"column":1}},"1":{"start":{"line":34,"column":4},"end":{"line":38,"column":5}},"2":{"start":{"line":40,"column":33},"end":{"line":44,"column":1}}},"fnMap":{"0":{"name":"(anonymous_0)","decl":{"start":{"line":33,"column":4},"end":{"line":33,"column":5}},"loc":{"start":{"line":34,"column":4},"end":{"line":38,"column":5}},"line":34}},"branchMap":{"0":{"loc":{"start":{"line":34,"column":4},"end":{"line":38,"column":5}},"type":"binary-expr","locations":[{"start":{"line":34,"column":4},"end":{"line":34,"column":12}},{"start":{"line":35,"column":4},"end":{"line":38,"column":5}}],"line":34}},"s":{"0":2,"1":2,"2":2},"f":{"0":2},"b":{"0":[2,0]},"_coverageSchema":"1a1c01bbd47fc00a2c39e90264f33305004495a9","hash":"2726b98abc27d2e47bc2a011684ad8771d32cfc1"}
,"/Users/ravindras/Documents/fabric/codebase/copilot-ui-library/src/atoms/empty/Empty.js": {"path":"/Users/ravindras/Documents/fabric/codebase/copilot-ui-library/src/atoms/empty/Empty.js","statementMap":{"0":{"start":{"line":7,"column":21},"end":{"line":34,"column":1}},"1":{"start":{"line":15,"column":2},"end":{"line":33,"column":3}},"2":{"start":{"line":36,"column":0},"end":{"line":43,"column":1}}},"fnMap":{"0":{"name":"(anonymous_0)","decl":{"start":{"line":7,"column":21},"end":{"line":7,"column":22}},"loc":{"start":{"line":14,"column":6},"end":{"line":34,"column":1}},"line":14}},"branchMap":{"0":{"loc":{"start":{"line":18,"column":9},"end":{"line":20,"column":9}},"type":"binary-expr","locations":[{"start":{"line":18,"column":9},"end":{"line":18,"column":20}},{"start":{"line":19,"column":10},"end":{"line":19,"column":70}}],"line":18},"1":{"loc":{"start":{"line":21,"column":9},"end":{"line":23,"column":9}},"type":"binary-expr","locations":[{"start":{"line":21,"column":9},"end":{"line":21,"column":22}},{"start":{"line":22,"column":10},"end":{"line":22,"column":74}}],"line":21},"2":{"loc":{"start":{"line":24,"column":9},"end":{"line":28,"column":9}},"type":"binary-expr","locations":[{"start":{"line":24,"column":9},"end":{"line":24,"column":20}},{"start":{"line":25,"column":10},"end":{"line":27,"column":16}}],"line":24},"3":{"loc":{"start":{"line":29,"column":9},"end":{"line":29,"column":79}},"type":"binary-expr","locations":[{"start":{"line":29,"column":9},"end":{"line":29,"column":22}},{"start":{"line":29,"column":26},"end":{"line":29,"column":79}}],"line":29},"4":{"loc":{"start":{"line":30,"column":9},"end":{"line":30,"column":29}},"type":"binary-expr","locations":[{"start":{"line":30,"column":9},"end":{"line":30,"column":17}},{"start":{"line":30,"column":21},"end":{"line":30,"column":29}}],"line":30}},"s":{"0":2,"1":1,"2":2},"f":{"0":1},"b":{"0":[1,1],"1":[1,1],"2":[1,1],"3":[1,0],"4":[1,0]},"_coverageSchema":"1a1c01bbd47fc00a2c39e90264f33305004495a9","hash":"0ac743d7e39a7707b3a56af2f32dc9b836f91f97"}
,"/Users/ravindras/Documents/fabric/codebase/copilot-ui-library/src/atoms/empty/Empty.styles.js": {"path":"/Users/ravindras/Documents/fabric/codebase/copilot-ui-library/src/atoms/empty/Empty.styles.js","statementMap":{"0":{"start":{"line":4,"column":34},"end":{"line":43,"column":1}}},"fnMap":{},"branchMap":{},"s":{"0":2},"f":{},"b":{},"_coverageSchema":"1a1c01bbd47fc00a2c39e90264f33305004495a9","hash":"da1da58e76c2be4c883b4891586290338ceda331"}
,"/Users/ravindras/Documents/fabric/codebase/copilot-ui-library/src/atoms/empty/index.js": {"path":"/Users/ravindras/Documents/fabric/codebase/copilot-ui-library/src/atoms/empty/index.js","statementMap":{},"fnMap":{},"branchMap":{},"s":{},"f":{},"b":{},"_coverageSchema":"1a1c01bbd47fc00a2c39e90264f33305004495a9","hash":"378124be301dee1fa1268d95ec4bf16d5375a91b"}
,"/Users/ravindras/Documents/fabric/codebase/copilot-ui-library/src/atoms/input/Input.js": {"path":"/Users/ravindras/Documents/fabric/codebase/copilot-ui-library/src/atoms/input/Input.js","statementMap":{"0":{"start":{"line":10,"column":19},"end":{"line":10,"column":47}},"1":{"start":{"line":10,"column":24},"end":{"line":10,"column":47}},"2":{"start":{"line":12,"column":21},"end":{"line":128,"column":1}},"3":{"start":{"line":23,"column":28},"end":{"line":23,"column":40}},"4":{"start":{"line":24,"column":25},"end":{"line":24,"column":71}},"5":{"start":{"line":25,"column":32},"end":{"line":25,"column":47}},"6":{"start":{"line":26,"column":30},"end":{"line":26,"column":45}},"7":{"start":{"line":28,"column":24},"end":{"line":30,"column":8}},"8":{"start":{"line":29,"column":4},"end":{"line":29,"column":19}},"9":{"start":{"line":31,"column":2},"end":{"line":37,"column":78}},"10":{"start":{"line":32,"column":4},"end":{"line":34,"column":5}},"11":{"start":{"line":33,"column":6},"end":{"line":33,"column":44}},"12":{"start":{"line":36,"column":4},"end":{"line":36,"column":42}},"13":{"start":{"line":39,"column":2},"end":{"line":43,"column":39}},"14":{"start":{"line":40,"column":4},"end":{"line":42,"column":5}},"15":{"start":{"line":41,"column":6},"end":{"line":41,"column":37}},"16":{"start":{"line":45,"column":21},"end":{"line":51,"column":3}},"17":{"start":{"line":46,"column":4},"end":{"line":46,"column":19}},"18":{"start":{"line":48,"column":4},"end":{"line":50,"column":5}},"19":{"start":{"line":49,"column":6},"end":{"line":49,"column":30}},"20":{"start":{"line":53,"column":22},"end":{"line":59,"column":3}},"21":{"start":{"line":54,"column":4},"end":{"line":54,"column":18}},"22":{"start":{"line":56,"column":4},"end":{"line":58,"column":5}},"23":{"start":{"line":57,"column":6},"end":{"line":57,"column":31}},"24":{"start":{"line":61,"column":23},"end":{"line":69,"column":3}},"25":{"start":{"line":62,"column":4},"end":{"line":64,"column":5}},"26":{"start":{"line":63,"column":6},"end":{"line":63,"column":39}},"27":{"start":{"line":66,"column":4},"end":{"line":68,"column":5}},"28":{"start":{"line":67,"column":6},"end":{"line":67,"column":32}},"29":{"start":{"line":77,"column":6},"end":{"line":77,"column":22}},"30":{"start":{"line":79,"column":2},"end":{"line":127,"column":3}},"31":{"start":{"line":113,"column":59},"end":{"line":113,"column":77}},"32":{"start":{"line":130,"column":0},"end":{"line":148,"column":1}},"33":{"start":{"line":150,"column":0},"end":{"line":154,"column":1}}},"fnMap":{"0":{"name":"(anonymous_0)","decl":{"start":{"line":10,"column":19},"end":{"line":10,"column":20}},"loc":{"start":{"line":10,"column":24},"end":{"line":10,"column":47}},"line":10},"1":{"name":"(anonymous_1)","decl":{"start":{"line":12,"column":21},"end":{"line":12,"column":22}},"loc":{"start":{"line":22,"column":6},"end":{"line":128,"column":1}},"line":22},"2":{"name":"(anonymous_2)","decl":{"start":{"line":28,"column":36},"end":{"line":28,"column":37}},"loc":{"start":{"line":28,"column":52},"end":{"line":30,"column":3}},"line":28},"3":{"name":"(anonymous_3)","decl":{"start":{"line":31,"column":12},"end":{"line":31,"column":13}},"loc":{"start":{"line":31,"column":18},"end":{"line":37,"column":3}},"line":31},"4":{"name":"(anonymous_4)","decl":{"start":{"line":39,"column":12},"end":{"line":39,"column":13}},"loc":{"start":{"line":39,"column":18},"end":{"line":43,"column":3}},"line":39},"5":{"name":"(anonymous_5)","decl":{"start":{"line":45,"column":21},"end":{"line":45,"column":22}},"loc":{"start":{"line":45,"column":30},"end":{"line":51,"column":3}},"line":45},"6":{"name":"(anonymous_6)","decl":{"start":{"line":53,"column":22},"end":{"line":53,"column":23}},"loc":{"start":{"line":53,"column":31},"end":{"line":59,"column":3}},"line":53},"7":{"name":"(anonymous_7)","decl":{"start":{"line":61,"column":23},"end":{"line":61,"column":24}},"loc":{"start":{"line":61,"column":32},"end":{"line":69,"column":3}},"line":61},"8":{"name":"(anonymous_8)","decl":{"start":{"line":113,"column":53},"end":{"line":113,"column":54}},"loc":{"start":{"line":113,"column":59},"end":{"line":113,"column":77}},"line":113}},"branchMap":{"0":{"loc":{"start":{"line":28,"column":37},"end":{"line":28,"column":47}},"type":"default-arg","locations":[{"start":{"line":28,"column":45},"end":{"line":28,"column":47}}],"line":28},"1":{"loc":{"start":{"line":32,"column":4},"end":{"line":34,"column":5}},"type":"if","locations":[{"start":{"line":32,"column":4},"end":{"line":34,"column":5}},{"start":{"line":32,"column":4},"end":{"line":34,"column":5}}],"line":32},"2":{"loc":{"start":{"line":40,"column":4},"end":{"line":42,"column":5}},"type":"if","locations":[{"start":{"line":40,"column":4},"end":{"line":42,"column":5}},{"start":{"line":40,"column":4},"end":{"line":42,"column":5}}],"line":40},"3":{"loc":{"start":{"line":48,"column":4},"end":{"line":50,"column":5}},"type":"if","locations":[{"start":{"line":48,"column":4},"end":{"line":50,"column":5}},{"start":{"line":48,"column":4},"end":{"line":50,"column":5}}],"line":48},"4":{"loc":{"start":{"line":56,"column":4},"end":{"line":58,"column":5}},"type":"if","locations":[{"start":{"line":56,"column":4},"end":{"line":58,"column":5}},{"start":{"line":56,"column":4},"end":{"line":58,"column":5}}],"line":56},"5":{"loc":{"start":{"line":62,"column":4},"end":{"line":64,"column":5}},"type":"if","locations":[{"start":{"line":62,"column":4},"end":{"line":64,"column":5}},{"start":{"line":62,"column":4},"end":{"line":64,"column":5}}],"line":62},"6":{"loc":{"start":{"line":66,"column":4},"end":{"line":68,"column":5}},"type":"if","locations":[{"start":{"line":66,"column":4},"end":{"line":68,"column":5}},{"start":{"line":66,"column":4},"end":{"line":68,"column":5}}],"line":66},"7":{"loc":{"start":{"line":77,"column":6},"end":{"line":77,"column":22}},"type":"binary-expr","locations":[{"start":{"line":77,"column":6},"end":{"line":77,"column":16}},{"start":{"line":77,"column":20},"end":{"line":77,"column":22}}],"line":77},"8":{"loc":{"start":{"line":92,"column":11},"end":{"line":97,"column":11}},"type":"cond-expr","locations":[{"start":{"line":93,"column":12},"end":{"line":93,"column":57}},{"start":{"line":96,"column":12},"end":{"line":96,"column":71}}],"line":92},"9":{"loc":{"start":{"line":100,"column":13},"end":{"line":100,"column":70}},"type":"binary-expr","locations":[{"start":{"line":100,"column":13},"end":{"line":100,"column":21}},{"start":{"line":100,"column":25},"end":{"line":100,"column":70}}],"line":100},"10":{"loc":{"start":{"line":109,"column":20},"end":{"line":109,"column":67}},"type":"cond-expr","locations":[{"start":{"line":109,"column":54},"end":{"line":109,"column":60}},{"start":{"line":109,"column":63},"end":{"line":109,"column":67}}],"line":109},"11":{"loc":{"start":{"line":109,"column":20},"end":{"line":109,"column":51}},"type":"binary-expr","locations":[{"start":{"line":109,"column":20},"end":{"line":109,"column":39}},{"start":{"line":109,"column":43},"end":{"line":109,"column":51}}],"line":109},"12":{"loc":{"start":{"line":112,"column":13},"end":{"line":116,"column":13}},"type":"binary-expr","locations":[{"start":{"line":112,"column":13},"end":{"line":112,"column":32}},{"start":{"line":112,"column":36},"end":{"line":112,"column":52}},{"start":{"line":113,"column":14},"end":{"line":115,"column":21}}],"line":112},"13":{"loc":{"start":{"line":114,"column":17},"end":{"line":114,"column":43}},"type":"cond-expr","locations":[{"start":{"line":114,"column":28},"end":{"line":114,"column":34}},{"start":{"line":114,"column":37},"end":{"line":114,"column":43}}],"line":114},"14":{"loc":{"start":{"line":121,"column":7},"end":{"line":125,"column":7}},"type":"binary-expr","locations":[{"start":{"line":121,"column":7},"end":{"line":121,"column":12}},{"start":{"line":121,"column":16},"end":{"line":121,"column":28}},{"start":{"line":122,"column":8},"end":{"line":124,"column":14}}],"line":121}},"s":{"0":2,"1":0,"2":2,"3":1,"4":1,"5":1,"6":1,"7":1,"8":1,"9":1,"10":1,"11":0,"12":1,"13":1,"14":1,"15":0,"16":1,"17":0,"18":0,"19":0,"20":1,"21":0,"22":0,"23":0,"24":1,"25":0,"26":0,"27":0,"28":0,"29":1,"30":1,"31":0,"32":2,"33":2},"f":{"0":0,"1":1,"2":1,"3":1,"4":1,"5":0,"6":0,"7":0,"8":0},"b":{"0":[1],"1":[0,1],"2":[0,1],"3":[0,0],"4":[0,0],"5":[0,0],"6":[0,0],"7":[1,0],"8":[1,0],"9":[1,0],"10":[0,1],"11":[1,0],"12":[1,0,0],"13":[0,0],"14":[1,0,0]},"_coverageSchema":"1a1c01bbd47fc00a2c39e90264f33305004495a9","hash":"bd25bed7abf7551a14a37c91a1400869a0dd68be"}
,"/Users/ravindras/Documents/fabric/codebase/copilot-ui-library/src/atoms/input/Input.styles.js": {"path":"/Users/ravindras/Documents/fabric/codebase/copilot-ui-library/src/atoms/input/Input.styles.js","statementMap":{"0":{"start":{"line":4,"column":36},"end":{"line":15,"column":1}},"1":{"start":{"line":17,"column":36},"end":{"line":127,"column":1}},"2":{"start":{"line":129,"column":27},"end":{"line":182,"column":1}},"3":{"start":{"line":173,"column":4},"end":{"line":181,"column":3}}},"fnMap":{"0":{"name":"(anonymous_0)","decl":{"start":{"line":172,"column":4},"end":{"line":172,"column":5}},"loc":{"start":{"line":173,"column":4},"end":{"line":181,"column":3}},"line":173}},"branchMap":{"0":{"loc":{"start":{"line":173,"column":4},"end":{"line":181,"column":3}},"type":"binary-expr","locations":[{"start":{"line":173,"column":4},"end":{"line":173,"column":15}},{"start":{"line":174,"column":4},"end":{"line":181,"column":3}}],"line":173}},"s":{"0":2,"1":2,"2":2,"3":1},"f":{"0":1},"b":{"0":[1,0]},"_coverageSchema":"1a1c01bbd47fc00a2c39e90264f33305004495a9","hash":"93e30c961ee527b2ba3b07e824cd2e8b2699fdfa"}
,"/Users/ravindras/Documents/fabric/codebase/copilot-ui-library/src/atoms/input/index.js": {"path":"/Users/ravindras/Documents/fabric/codebase/copilot-ui-library/src/atoms/input/index.js","statementMap":{},"fnMap":{},"branchMap":{},"s":{},"f":{},"b":{},"_coverageSchema":"1a1c01bbd47fc00a2c39e90264f33305004495a9","hash":"6f0cfd364b90455225ff5e9fe87be1e164e911f3"}
,"/Users/ravindras/Documents/fabric/codebase/copilot-ui-library/src/atoms/link/Link.js": {"path":"/Users/ravindras/Documents/fabric/codebase/copilot-ui-library/src/atoms/link/Link.js","statementMap":{"0":{"start":{"line":7,"column":19},"end":{"line":37,"column":1}},"1":{"start":{"line":31,"column":4},"end":{"line":36,"column":5}},"2":{"start":{"line":39,"column":20},"end":{"line":45,"column":2}},"3":{"start":{"line":40,"column":2},"end":{"line":44,"column":3}},"4":{"start":{"line":47,"column":0},"end":{"line":51,"column":1}}},"fnMap":{"0":{"name":"(anonymous_0)","decl":{"start":{"line":30,"column":4},"end":{"line":30,"column":5}},"loc":{"start":{"line":31,"column":4},"end":{"line":36,"column":5}},"line":31},"1":{"name":"(anonymous_1)","decl":{"start":{"line":39,"column":37},"end":{"line":39,"column":38}},"loc":{"start":{"line":39,"column":72},"end":{"line":45,"column":1}},"line":39}},"branchMap":{"0":{"loc":{"start":{"line":31,"column":4},"end":{"line":36,"column":5}},"type":"binary-expr","locations":[{"start":{"line":31,"column":4},"end":{"line":31,"column":12}},{"start":{"line":32,"column":4},"end":{"line":36,"column":5}}],"line":31}},"s":{"0":2,"1":2,"2":2,"3":2,"4":2},"f":{"0":2,"1":2},"b":{"0":[2,0]},"_coverageSchema":"1a1c01bbd47fc00a2c39e90264f33305004495a9","hash":"b4d29dce757aa88cb4869335aec9ee881f32d4ef"}
,"/Users/ravindras/Documents/fabric/codebase/copilot-ui-library/src/atoms/loading/Loading.js": {"path":"/Users/ravindras/Documents/fabric/codebase/copilot-ui-library/src/atoms/loading/Loading.js","statementMap":{"0":{"start":{"line":6,"column":23},"end":{"line":12,"column":1}},"1":{"start":{"line":7,"column":2},"end":{"line":11,"column":10}},"2":{"start":{"line":14,"column":0},"end":{"line":17,"column":1}},"3":{"start":{"line":19,"column":0},"end":{"line":21,"column":1}}},"fnMap":{"0":{"name":"(anonymous_0)","decl":{"start":{"line":6,"column":23},"end":{"line":6,"column":24}},"loc":{"start":{"line":6,"column":50},"end":{"line":12,"column":1}},"line":6}},"branchMap":{"0":{"loc":{"start":{"line":7,"column":9},"end":{"line":11,"column":10}},"type":"cond-expr","locations":[{"start":{"line":8,"column":4},"end":{"line":10,"column":20}},{"start":{"line":11,"column":6},"end":{"line":11,"column":10}}],"line":7}},"s":{"0":2,"1":1,"2":2,"3":2},"f":{"0":1},"b":{"0":[1,0]},"_coverageSchema":"1a1c01bbd47fc00a2c39e90264f33305004495a9","hash":"ebd21e1d9524d5417323041e5216ca5b0089faea"}
,"/Users/ravindras/Documents/fabric/codebase/copilot-ui-library/src/atoms/loading/Loading.styles.js": {"path":"/Users/ravindras/Documents/fabric/codebase/copilot-ui-library/src/atoms/loading/Loading.styles.js","statementMap":{"0":{"start":{"line":3,"column":29},"end":{"line":5,"column":1}}},"fnMap":{},"branchMap":{},"s":{"0":2},"f":{},"b":{},"_coverageSchema":"1a1c01bbd47fc00a2c39e90264f33305004495a9","hash":"d14c115599ee56176330b5661e13691bcc9a04f2"}
,"/Users/ravindras/Documents/fabric/codebase/copilot-ui-library/src/atoms/loading/index.js": {"path":"/Users/ravindras/Documents/fabric/codebase/copilot-ui-library/src/atoms/loading/index.js","statementMap":{},"fnMap":{},"branchMap":{},"s":{},"f":{},"b":{},"_coverageSchema":"1a1c01bbd47fc00a2c39e90264f33305004495a9","hash":"8082f9ea239b245249eece5e8202bb9ce7681859"}
,"/Users/ravindras/Documents/fabric/codebase/copilot-ui-library/src/atoms/pill/Pill.js": {"path":"/Users/ravindras/Documents/fabric/codebase/copilot-ui-library/src/atoms/pill/Pill.js","statementMap":{"0":{"start":{"line":6,"column":20},"end":{"line":16,"column":1}},"1":{"start":{"line":7,"column":19},"end":{"line":9,"column":26}},"2":{"start":{"line":11,"column":2},"end":{"line":15,"column":3}},"3":{"start":{"line":18,"column":0},"end":{"line":20,"column":1}},"4":{"start":{"line":22,"column":0},"end":{"line":25,"column":1}}},"fnMap":{"0":{"name":"(anonymous_0)","decl":{"start":{"line":6,"column":20},"end":{"line":6,"column":21}},"loc":{"start":{"line":6,"column":53},"end":{"line":16,"column":1}},"line":6}},"branchMap":{"0":{"loc":{"start":{"line":7,"column":19},"end":{"line":9,"column":26}},"type":"cond-expr","locations":[{"start":{"line":8,"column":6},"end":{"line":8,"column":24}},{"start":{"line":9,"column":6},"end":{"line":9,"column":26}}],"line":7}},"s":{"0":2,"1":3,"2":3,"3":2,"4":2},"f":{"0":3},"b":{"0":[3,0]},"_coverageSchema":"1a1c01bbd47fc00a2c39e90264f33305004495a9","hash":"aae22f9517f1072920004ef3145992f360cdfbbf"}
,"/Users/ravindras/Documents/fabric/codebase/copilot-ui-library/src/atoms/pill/Pill.styles.js": {"path":"/Users/ravindras/Documents/fabric/codebase/copilot-ui-library/src/atoms/pill/Pill.styles.js","statementMap":{"0":{"start":{"line":4,"column":26},"end":{"line":14,"column":1}},"1":{"start":{"line":9,"column":36},"end":{"line":9,"column":65}},"2":{"start":{"line":10,"column":29},"end":{"line":10,"column":54}},"3":{"start":{"line":16,"column":25},"end":{"line":29,"column":1}}},"fnMap":{"0":{"name":"(anonymous_0)","decl":{"start":{"line":9,"column":16},"end":{"line":9,"column":17}},"loc":{"start":{"line":9,"column":36},"end":{"line":9,"column":65}},"line":9},"1":{"name":"(anonymous_1)","decl":{"start":{"line":10,"column":11},"end":{"line":10,"column":12}},"loc":{"start":{"line":10,"column":29},"end":{"line":10,"column":54}},"line":10}},"branchMap":{"0":{"loc":{"start":{"line":9,"column":36},"end":{"line":9,"column":65}},"type":"binary-expr","locations":[{"start":{"line":9,"column":36},"end":{"line":9,"column":46}},{"start":{"line":9,"column":50},"end":{"line":9,"column":65}}],"line":9},"1":{"loc":{"start":{"line":10,"column":29},"end":{"line":10,"column":54}},"type":"binary-expr","locations":[{"start":{"line":10,"column":29},"end":{"line":10,"column":37}},{"start":{"line":10,"column":41},"end":{"line":10,"column":54}}],"line":10}},"s":{"0":2,"1":3,"2":3,"3":2},"f":{"0":3,"1":3},"b":{"0":[3,3],"1":[3,3]},"_coverageSchema":"1a1c01bbd47fc00a2c39e90264f33305004495a9","hash":"4a9b3e4486b0e560f76636ed3801311b6c7f56a0"}
,"/Users/ravindras/Documents/fabric/codebase/copilot-ui-library/src/atoms/popover/Popover.js": {"path":"/Users/ravindras/Documents/fabric/codebase/copilot-ui-library/src/atoms/popover/Popover.js","statementMap":{"0":{"start":{"line":5,"column":23},"end":{"line":53,"column":1}},"1":{"start":{"line":13,"column":34},"end":{"line":13,"column":49}},"2":{"start":{"line":14,"column":16},"end":{"line":14,"column":24}},"3":{"start":{"line":16,"column":2},"end":{"line":26,"column":13}},"4":{"start":{"line":17,"column":4},"end":{"line":25,"column":5}},"5":{"start":{"line":18,"column":19},"end":{"line":18,"column":32}},"6":{"start":{"line":19,"column":6},"end":{"line":19,"column":54}},"7":{"start":{"line":20,"column":6},"end":{"line":20,"column":52}},"8":{"start":{"line":21,"column":6},"end":{"line":24,"column":7}},"9":{"start":{"line":22,"column":8},"end":{"line":22,"column":59}},"10":{"start":{"line":23,"column":8},"end":{"line":23,"column":57}},"11":{"start":{"line":28,"column":22},"end":{"line":30,"column":3}},"12":{"start":{"line":29,"column":4},"end":{"line":29,"column":20}},"13":{"start":{"line":32,"column":20},"end":{"line":34,"column":3}},"14":{"start":{"line":33,"column":4},"end":{"line":33,"column":21}},"15":{"start":{"line":36,"column":2},"end":{"line":52,"column":3}},"16":{"start":{"line":55,"column":0},"end":{"line":64,"column":1}}},"fnMap":{"0":{"name":"(anonymous_0)","decl":{"start":{"line":5,"column":23},"end":{"line":5,"column":24}},"loc":{"start":{"line":12,"column":6},"end":{"line":53,"column":1}},"line":12},"1":{"name":"(anonymous_1)","decl":{"start":{"line":16,"column":12},"end":{"line":16,"column":13}},"loc":{"start":{"line":16,"column":18},"end":{"line":26,"column":3}},"line":16},"2":{"name":"(anonymous_2)","decl":{"start":{"line":21,"column":13},"end":{"line":21,"column":14}},"loc":{"start":{"line":21,"column":19},"end":{"line":24,"column":7}},"line":21},"3":{"name":"(anonymous_3)","decl":{"start":{"line":28,"column":22},"end":{"line":28,"column":23}},"loc":{"start":{"line":28,"column":28},"end":{"line":30,"column":3}},"line":28},"4":{"name":"(anonymous_4)","decl":{"start":{"line":32,"column":20},"end":{"line":32,"column":21}},"loc":{"start":{"line":32,"column":26},"end":{"line":34,"column":3}},"line":32}},"branchMap":{"0":{"loc":{"start":{"line":6,"column":2},"end":{"line":6,"column":22}},"type":"default-arg","locations":[{"start":{"line":6,"column":14},"end":{"line":6,"column":22}}],"line":6},"1":{"loc":{"start":{"line":9,"column":2},"end":{"line":9,"column":19}},"type":"default-arg","locations":[{"start":{"line":9,"column":14},"end":{"line":9,"column":19}}],"line":9},"2":{"loc":{"start":{"line":17,"column":4},"end":{"line":25,"column":5}},"type":"if","locations":[{"start":{"line":17,"column":4},"end":{"line":25,"column":5}},{"start":{"line":17,"column":4},"end":{"line":25,"column":5}}],"line":17},"3":{"loc":{"start":{"line":38,"column":20},"end":{"line":38,"column":45}},"type":"cond-expr","locations":[{"start":{"line":38,"column":32},"end":{"line":38,"column":40}},{"start":{"line":38,"column":43},"end":{"line":38,"column":45}}],"line":38},"4":{"loc":{"start":{"line":38,"column":49},"end":{"line":38,"column":75}},"type":"cond-expr","locations":[{"start":{"line":38,"column":61},"end":{"line":38,"column":70}},{"start":{"line":38,"column":73},"end":{"line":38,"column":75}}],"line":38},"5":{"loc":{"start":{"line":39,"column":8},"end":{"line":39,"column":34}},"type":"cond-expr","locations":[{"start":{"line":39,"column":20},"end":{"line":39,"column":29}},{"start":{"line":39,"column":32},"end":{"line":39,"column":34}}],"line":39},"6":{"loc":{"start":{"line":47,"column":11},"end":{"line":47,"column":56}},"type":"binary-expr","locations":[{"start":{"line":47,"column":11},"end":{"line":47,"column":20}},{"start":{"line":47,"column":24},"end":{"line":47,"column":56}}],"line":47},"7":{"loc":{"start":{"line":48,"column":11},"end":{"line":48,"column":31}},"type":"binary-expr","locations":[{"start":{"line":48,"column":11},"end":{"line":48,"column":19}},{"start":{"line":48,"column":23},"end":{"line":48,"column":31}}],"line":48}},"s":{"0":3,"1":3,"2":3,"3":3,"4":3,"5":3,"6":3,"7":3,"8":3,"9":3,"10":3,"11":3,"12":0,"13":3,"14":0,"15":3,"16":3},"f":{"0":3,"1":3,"2":3,"3":0,"4":0},"b":{"0":[1],"1":[1],"2":[3,0],"3":[0,3],"4":[2,1],"5":[3,0],"6":[3,2],"7":[3,3]},"_coverageSchema":"1a1c01bbd47fc00a2c39e90264f33305004495a9","hash":"a747a12014bfe7e22e07bfd20ed9a5e6358c1fc6"}
,"/Users/ravindras/Documents/fabric/codebase/copilot-ui-library/src/atoms/popover/Popover.styles.js": {"path":"/Users/ravindras/Documents/fabric/codebase/copilot-ui-library/src/atoms/popover/Popover.styles.js","statementMap":{"0":{"start":{"line":4,"column":29},"end":{"line":163,"column":1}}},"fnMap":{},"branchMap":{},"s":{"0":3},"f":{},"b":{},"_coverageSchema":"1a1c01bbd47fc00a2c39e90264f33305004495a9","hash":"40b560b504b684b2dbfa74c767b951769f7f5f69"}
,"/Users/ravindras/Documents/fabric/codebase/copilot-ui-library/src/atoms/popover/index.js": {"path":"/Users/ravindras/Documents/fabric/codebase/copilot-ui-library/src/atoms/popover/index.js","statementMap":{},"fnMap":{},"branchMap":{},"s":{},"f":{},"b":{},"_coverageSchema":"1a1c01bbd47fc00a2c39e90264f33305004495a9","hash":"401b7235b34e6399ab310fe5d4681aad6cdf9454"}
,"/Users/ravindras/Documents/fabric/codebase/copilot-ui-library/src/atoms/popover/mock.js": {"path":"/Users/ravindras/Documents/fabric/codebase/copilot-ui-library/src/atoms/popover/mock.js","statementMap":{"0":{"start":{"line":5,"column":29},"end":{"line":60,"column":1}},"1":{"start":{"line":62,"column":30},"end":{"line":87,"column":1}},"2":{"start":{"line":63,"column":2},"end":{"line":86,"column":3}}},"fnMap":{"0":{"name":"(anonymous_0)","decl":{"start":{"line":62,"column":30},"end":{"line":62,"column":31}},"loc":{"start":{"line":62,"column":36},"end":{"line":87,"column":1}},"line":62}},"branchMap":{},"s":{"0":1,"1":1,"2":1},"f":{"0":1},"b":{},"_coverageSchema":"1a1c01bbd47fc00a2c39e90264f33305004495a9","hash":"088427d6304c52a9f974e9b9ac05634680ff471f"}
,"/Users/ravindras/Documents/fabric/codebase/copilot-ui-library/src/atoms/radio/Radio.js": {"path":"/Users/ravindras/Documents/fabric/codebase/copilot-ui-library/src/atoms/radio/Radio.js","statementMap":{"0":{"start":{"line":6,"column":21},"end":{"line":39,"column":1}},"1":{"start":{"line":17,"column":14},"end":{"line":17,"column":41}},"2":{"start":{"line":17,"column":28},"end":{"line":17,"column":36}},"3":{"start":{"line":19,"column":2},"end":{"line":38,"column":3}},"4":{"start":{"line":27,"column":27},"end":{"line":27,"column":42}},"5":{"start":{"line":41,"column":0},"end":{"line":51,"column":1}},"6":{"start":{"line":53,"column":0},"end":{"line":55,"column":1}}},"fnMap":{"0":{"name":"(anonymous_0)","decl":{"start":{"line":6,"column":21},"end":{"line":6,"column":22}},"loc":{"start":{"line":16,"column":6},"end":{"line":39,"column":1}},"line":16},"1":{"name":"(anonymous_1)","decl":{"start":{"line":17,"column":22},"end":{"line":17,"column":23}},"loc":{"start":{"line":17,"column":28},"end":{"line":17,"column":36}},"line":17},"2":{"name":"(anonymous_2)","decl":{"start":{"line":27,"column":18},"end":{"line":27,"column":19}},"loc":{"start":{"line":27,"column":27},"end":{"line":27,"column":42}},"line":27}},"branchMap":{"0":{"loc":{"start":{"line":12,"column":2},"end":{"line":12,"column":14}},"type":"default-arg","locations":[{"start":{"line":12,"column":13},"end":{"line":12,"column":14}}],"line":12},"1":{"loc":{"start":{"line":23,"column":14},"end":{"line":23,"column":25}},"type":"binary-expr","locations":[{"start":{"line":23,"column":14},"end":{"line":23,"column":18}},{"start":{"line":23,"column":22},"end":{"line":23,"column":25}}],"line":23},"2":{"loc":{"start":{"line":25,"column":17},"end":{"line":25,"column":33}},"type":"binary-expr","locations":[{"start":{"line":25,"column":17},"end":{"line":25,"column":24}},{"start":{"line":25,"column":28},"end":{"line":25,"column":33}}],"line":25}},"s":{"0":2,"1":2,"2":2,"3":2,"4":0,"5":2,"6":2},"f":{"0":2,"1":2,"2":0},"b":{"0":[0],"1":[2,0],"2":[2,0]},"_coverageSchema":"1a1c01bbd47fc00a2c39e90264f33305004495a9","hash":"3c9cd879cd5e5898ef6e015eda36b593b8da068d"}
,"/Users/ravindras/Documents/fabric/codebase/copilot-ui-library/src/atoms/radio/Radio.styles.js": {"path":"/Users/ravindras/Documents/fabric/codebase/copilot-ui-library/src/atoms/radio/Radio.styles.js","statementMap":{"0":{"start":{"line":4,"column":27},"end":{"line":110,"column":1}}},"fnMap":{},"branchMap":{},"s":{"0":2},"f":{},"b":{},"_coverageSchema":"1a1c01bbd47fc00a2c39e90264f33305004495a9","hash":"d1ba4e4023e36269c0b1e45398b8c4e84c1a3d02"}
,"/Users/ravindras/Documents/fabric/codebase/copilot-ui-library/src/atoms/radio/index.js": {"path":"/Users/ravindras/Documents/fabric/codebase/copilot-ui-library/src/atoms/radio/index.js","statementMap":{},"fnMap":{},"branchMap":{},"s":{},"f":{},"b":{},"_coverageSchema":"1a1c01bbd47fc00a2c39e90264f33305004495a9","hash":"48e959b60af255242de49b69b28b8ba4603acba4"}
,"/Users/ravindras/Documents/fabric/codebase/copilot-ui-library/src/atoms/shimmer/Shimmer.js": {"path":"/Users/ravindras/Documents/fabric/codebase/copilot-ui-library/src/atoms/shimmer/Shimmer.js","statementMap":{"0":{"start":{"line":5,"column":23},"end":{"line":37,"column":1}},"1":{"start":{"line":6,"column":2},"end":{"line":36,"column":3}},"2":{"start":{"line":9,"column":8},"end":{"line":33,"column":9}},"3":{"start":{"line":39,"column":0},"end":{"line":43,"column":1}}},"fnMap":{"0":{"name":"(anonymous_0)","decl":{"start":{"line":5,"column":23},"end":{"line":5,"column":24}},"loc":{"start":{"line":5,"column":62},"end":{"line":37,"column":1}},"line":5},"1":{"name":"(anonymous_1)","decl":{"start":{"line":8,"column":32},"end":{"line":8,"column":33}},"loc":{"start":{"line":8,"column":42},"end":{"line":34,"column":7}},"line":8}},"branchMap":{"0":{"loc":{"start":{"line":5,"column":33},"end":{"line":5,"column":47}},"type":"default-arg","locations":[{"start":{"line":5,"column":45},"end":{"line":5,"column":47}}],"line":5}},"s":{"0":2,"1":1,"2":1,"3":2},"f":{"0":1,"1":1},"b":{"0":[1]},"_coverageSchema":"1a1c01bbd47fc00a2c39e90264f33305004495a9","hash":"5606bb452b3553b195ef33bbf40e40d738086012"}
,"/Users/ravindras/Documents/fabric/codebase/copilot-ui-library/src/atoms/shimmer/Shimmer.styles.js": {"path":"/Users/ravindras/Documents/fabric/codebase/copilot-ui-library/src/atoms/shimmer/Shimmer.styles.js","statementMap":{"0":{"start":{"line":3,"column":27},"end":{"line":11,"column":1}},"1":{"start":{"line":13,"column":36},"end":{"line":96,"column":1}},"2":{"start":{"line":40,"column":6},"end":{"line":43,"column":7}}},"fnMap":{"0":{"name":"(anonymous_0)","decl":{"start":{"line":39,"column":6},"end":{"line":39,"column":7}},"loc":{"start":{"line":40,"column":6},"end":{"line":43,"column":7}},"line":40}},"branchMap":{"0":{"loc":{"start":{"line":40,"column":6},"end":{"line":43,"column":7}},"type":"binary-expr","locations":[{"start":{"line":40,"column":6},"end":{"line":40,"column":18}},{"start":{"line":41,"column":6},"end":{"line":43,"column":7}}],"line":40}},"s":{"0":2,"1":2,"2":1},"f":{"0":1},"b":{"0":[1,0]},"_coverageSchema":"1a1c01bbd47fc00a2c39e90264f33305004495a9","hash":"081f18dc2176216b0f6208f8bc75d63a4342714a"}
,"/Users/ravindras/Documents/fabric/codebase/copilot-ui-library/src/atoms/shimmer/index.js": {"path":"/Users/ravindras/Documents/fabric/codebase/copilot-ui-library/src/atoms/shimmer/index.js","statementMap":{},"fnMap":{},"branchMap":{},"s":{},"f":{},"b":{},"_coverageSchema":"1a1c01bbd47fc00a2c39e90264f33305004495a9","hash":"1ae2b86473ecd10dc8a8cd4c4fb5abb1387e5e40"}
,"/Users/ravindras/Documents/fabric/codebase/copilot-ui-library/src/atoms/switch/Switch.js": {"path":"/Users/ravindras/Documents/fabric/codebase/copilot-ui-library/src/atoms/switch/Switch.js","statementMap":{"0":{"start":{"line":11,"column":22},"end":{"line":38,"column":1}},"1":{"start":{"line":12,"column":30},"end":{"line":12,"column":52}},"2":{"start":{"line":14,"column":23},"end":{"line":20,"column":3}},"3":{"start":{"line":16,"column":6},"end":{"line":16,"column":33}},"4":{"start":{"line":17,"column":6},"end":{"line":17,"column":32}},"5":{"start":{"line":22,"column":2},"end":{"line":37,"column":3}},"6":{"start":{"line":31,"column":25},"end":{"line":31,"column":40}},"7":{"start":{"line":40,"column":0},"end":{"line":44,"column":1}},"8":{"start":{"line":46,"column":0},"end":{"line":50,"column":1}}},"fnMap":{"0":{"name":"(anonymous_0)","decl":{"start":{"line":11,"column":22},"end":{"line":11,"column":23}},"loc":{"start":{"line":11,"column":71},"end":{"line":38,"column":1}},"line":11},"1":{"name":"(anonymous_1)","decl":{"start":{"line":15,"column":4},"end":{"line":15,"column":5}},"loc":{"start":{"line":15,"column":9},"end":{"line":18,"column":5}},"line":15},"2":{"name":"(anonymous_2)","decl":{"start":{"line":31,"column":20},"end":{"line":31,"column":21}},"loc":{"start":{"line":31,"column":25},"end":{"line":31,"column":40}},"line":31},"3":{"name":"(anonymous_3)","decl":{"start":{"line":42,"column":12},"end":{"line":42,"column":13}},"loc":{"start":{"line":42,"column":18},"end":{"line":42,"column":20}},"line":42}},"branchMap":{"0":{"loc":{"start":{"line":35,"column":7},"end":{"line":35,"column":48}},"type":"binary-expr","locations":[{"start":{"line":35,"column":7},"end":{"line":35,"column":12}},{"start":{"line":35,"column":16},"end":{"line":35,"column":48}}],"line":35}},"s":{"0":2,"1":5,"2":5,"3":2,"4":2,"5":5,"6":2,"7":2,"8":2},"f":{"0":5,"1":2,"2":2,"3":2},"b":{"0":[5,5]},"_coverageSchema":"1a1c01bbd47fc00a2c39e90264f33305004495a9","hash":"814fb4a88c3e398adc6d8d3cd8ad87fe512bc514"}
,"/Users/ravindras/Documents/fabric/codebase/copilot-ui-library/src/atoms/switch/Switch.styles.js": {"path":"/Users/ravindras/Documents/fabric/codebase/copilot-ui-library/src/atoms/switch/Switch.styles.js","statementMap":{"0":{"start":{"line":4,"column":35},"end":{"line":13,"column":1}},"1":{"start":{"line":15,"column":34},"end":{"line":20,"column":1}},"2":{"start":{"line":22,"column":30},"end":{"line":26,"column":1}},"3":{"start":{"line":28,"column":22},"end":{"line":62,"column":1}},"4":{"start":{"line":40,"column":4},"end":{"line":43,"column":5}},"5":{"start":{"line":57,"column":6},"end":{"line":60,"column":7}},"6":{"start":{"line":63,"column":26},"end":{"line":65,"column":1}}},"fnMap":{"0":{"name":"(anonymous_0)","decl":{"start":{"line":39,"column":4},"end":{"line":39,"column":5}},"loc":{"start":{"line":40,"column":4},"end":{"line":43,"column":5}},"line":40},"1":{"name":"(anonymous_1)","decl":{"start":{"line":56,"column":6},"end":{"line":56,"column":7}},"loc":{"start":{"line":57,"column":6},"end":{"line":60,"column":7}},"line":57}},"branchMap":{"0":{"loc":{"start":{"line":40,"column":4},"end":{"line":43,"column":5}},"type":"binary-expr","locations":[{"start":{"line":40,"column":4},"end":{"line":40,"column":10}},{"start":{"line":41,"column":4},"end":{"line":43,"column":5}}],"line":40},"1":{"loc":{"start":{"line":57,"column":6},"end":{"line":60,"column":7}},"type":"binary-expr","locations":[{"start":{"line":57,"column":6},"end":{"line":57,"column":12}},{"start":{"line":58,"column":6},"end":{"line":60,"column":7}}],"line":57}},"s":{"0":2,"1":2,"2":2,"3":2,"4":5,"5":5,"6":2},"f":{"0":5,"1":5},"b":{"0":[5,2],"1":[5,2]},"_coverageSchema":"1a1c01bbd47fc00a2c39e90264f33305004495a9","hash":"bf7e23dcdb40dda8eaef7970e19a73d37cd5ee5c"}
,"/Users/ravindras/Documents/fabric/codebase/copilot-ui-library/src/atoms/tab/Tab.js": {"path":"/Users/ravindras/Documents/fabric/codebase/copilot-ui-library/src/atoms/tab/Tab.js","statementMap":{"0":{"start":{"line":10,"column":19},"end":{"line":64,"column":1}},"1":{"start":{"line":12,"column":28},"end":{"line":12,"column":40}},"2":{"start":{"line":13,"column":42},"end":{"line":13,"column":53}},"3":{"start":{"line":14,"column":21},"end":{"line":16,"column":5}},"4":{"start":{"line":15,"column":13},"end":{"line":15,"column":43}},"5":{"start":{"line":18,"column":20},"end":{"line":18,"column":76}},"6":{"start":{"line":20,"column":28},"end":{"line":22,"column":5}},"7":{"start":{"line":21,"column":6},"end":{"line":21,"column":27}},"8":{"start":{"line":24,"column":4},"end":{"line":31,"column":10}},"9":{"start":{"line":25,"column":19},"end":{"line":29,"column":9}},"10":{"start":{"line":25,"column":45},"end":{"line":29,"column":7}},"11":{"start":{"line":30,"column":6},"end":{"line":30,"column":19}},"12":{"start":{"line":33,"column":4},"end":{"line":62,"column":5}},"13":{"start":{"line":41,"column":14},"end":{"line":57,"column":15}},"14":{"start":{"line":44,"column":33},"end":{"line":44,"column":51}},"15":{"start":{"line":66,"column":23},"end":{"line":68,"column":1}},"16":{"start":{"line":67,"column":2},"end":{"line":67,"column":41}},"17":{"start":{"line":70,"column":0},"end":{"line":75,"column":1}},"18":{"start":{"line":77,"column":0},"end":{"line":87,"column":1}},"19":{"start":{"line":89,"column":0},"end":{"line":92,"column":1}}},"fnMap":{"0":{"name":"(anonymous_0)","decl":{"start":{"line":11,"column":2},"end":{"line":11,"column":3}},"loc":{"start":{"line":11,"column":72},"end":{"line":63,"column":3}},"line":11},"1":{"name":"(anonymous_1)","decl":{"start":{"line":15,"column":6},"end":{"line":15,"column":7}},"loc":{"start":{"line":15,"column":13},"end":{"line":15,"column":43}},"line":15},"2":{"name":"(anonymous_2)","decl":{"start":{"line":20,"column":28},"end":{"line":20,"column":29}},"loc":{"start":{"line":20,"column":37},"end":{"line":22,"column":5}},"line":20},"3":{"name":"(anonymous_3)","decl":{"start":{"line":24,"column":14},"end":{"line":24,"column":15}},"loc":{"start":{"line":24,"column":20},"end":{"line":31,"column":5}},"line":24},"4":{"name":"(anonymous_4)","decl":{"start":{"line":25,"column":32},"end":{"line":25,"column":33}},"loc":{"start":{"line":25,"column":45},"end":{"line":29,"column":7}},"line":25},"5":{"name":"(anonymous_5)","decl":{"start":{"line":40,"column":21},"end":{"line":40,"column":22}},"loc":{"start":{"line":40,"column":33},"end":{"line":58,"column":13}},"line":40},"6":{"name":"(anonymous_6)","decl":{"start":{"line":44,"column":27},"end":{"line":44,"column":28}},"loc":{"start":{"line":44,"column":33},"end":{"line":44,"column":51}},"line":44},"7":{"name":"(anonymous_7)","decl":{"start":{"line":66,"column":23},"end":{"line":66,"column":24}},"loc":{"start":{"line":66,"column":51},"end":{"line":68,"column":1}},"line":66}},"branchMap":{"0":{"loc":{"start":{"line":35,"column":9},"end":{"line":37,"column":9}},"type":"binary-expr","locations":[{"start":{"line":35,"column":9},"end":{"line":35,"column":16}},{"start":{"line":35,"column":20},"end":{"line":35,"column":44}},{"start":{"line":36,"column":10},"end":{"line":36,"column":44}}],"line":35},"1":{"loc":{"start":{"line":39,"column":11},"end":{"line":58,"column":14}},"type":"binary-expr","locations":[{"start":{"line":39,"column":11},"end":{"line":39,"column":22}},{"start":{"line":40,"column":12},"end":{"line":58,"column":14}}],"line":39},"2":{"loc":{"start":{"line":45,"column":26},"end":{"line":45,"column":58}},"type":"cond-expr","locations":[{"start":{"line":45,"column":46},"end":{"line":45,"column":50}},{"start":{"line":45,"column":53},"end":{"line":45,"column":58}}],"line":45},"3":{"loc":{"start":{"line":51,"column":19},"end":{"line":55,"column":19}},"type":"cond-expr","locations":[{"start":{"line":52,"column":20},"end":{"line":52,"column":44}},{"start":{"line":54,"column":20},"end":{"line":54,"column":29}}],"line":51}},"s":{"0":3,"1":11,"2":11,"3":11,"4":24,"5":11,"6":11,"7":1,"8":11,"9":5,"10":11,"11":5,"12":11,"13":13,"14":1,"15":3,"16":10,"17":3,"18":3,"19":3},"f":{"0":11,"1":24,"2":1,"3":5,"4":11,"5":13,"6":1,"7":10},"b":{"0":[11,7,7],"1":[11,6],"2":[6,7],"3":[2,11]},"_coverageSchema":"1a1c01bbd47fc00a2c39e90264f33305004495a9","hash":"e53a2784b951875f23750580d345fbc7873a95f2"}
,"/Users/ravindras/Documents/fabric/codebase/copilot-ui-library/src/atoms/tab/Tab.styles.js": {"path":"/Users/ravindras/Documents/fabric/codebase/copilot-ui-library/src/atoms/tab/Tab.styles.js","statementMap":{"0":{"start":{"line":4,"column":33},"end":{"line":7,"column":1}},"1":{"start":{"line":8,"column":34},"end":{"line":10,"column":1}},"2":{"start":{"line":12,"column":27},"end":{"line":22,"column":1}},"3":{"start":{"line":23,"column":29},"end":{"line":31,"column":1}},"4":{"start":{"line":33,"column":29},"end":{"line":38,"column":1}},"5":{"start":{"line":40,"column":31},"end":{"line":43,"column":1}},"6":{"start":{"line":45,"column":25},"end":{"line":45,"column":34}},"7":{"start":{"line":46,"column":0},"end":{"line":46,"column":61}},"8":{"start":{"line":47,"column":0},"end":{"line":47,"column":58}},"9":{"start":{"line":49,"column":19},"end":{"line":49,"column":28}},"10":{"start":{"line":50,"column":0},"end":{"line":50,"column":50}},"11":{"start":{"line":51,"column":0},"end":{"line":51,"column":46}},"12":{"start":{"line":53,"column":21},"end":{"line":53,"column":30}},"13":{"start":{"line":54,"column":0},"end":{"line":54,"column":54}},"14":{"start":{"line":55,"column":0},"end":{"line":55,"column":50}},"15":{"start":{"line":57,"column":34},"end":{"line":62,"column":1}},"16":{"start":{"line":61,"column":4},"end":{"line":61,"column":45}},"17":{"start":{"line":64,"column":26},"end":{"line":69,"column":1}},"18":{"start":{"line":71,"column":29},"end":{"line":74,"column":1}},"19":{"start":{"line":73,"column":21},"end":{"line":73,"column":55}},"20":{"start":{"line":76,"column":29},"end":{"line":92,"column":1}},"21":{"start":{"line":78,"column":21},"end":{"line":78,"column":49}},"22":{"start":{"line":79,"column":29},"end":{"line":79,"column":69}},"23":{"start":{"line":81,"column":4},"end":{"line":85,"column":3}}},"fnMap":{"0":{"name":"(anonymous_0)","decl":{"start":{"line":60,"column":20},"end":{"line":60,"column":21}},"loc":{"start":{"line":61,"column":4},"end":{"line":61,"column":45}},"line":61},"1":{"name":"(anonymous_1)","decl":{"start":{"line":73,"column":4},"end":{"line":73,"column":5}},"loc":{"start":{"line":73,"column":21},"end":{"line":73,"column":55}},"line":73},"2":{"name":"(anonymous_2)","decl":{"start":{"line":78,"column":4},"end":{"line":78,"column":5}},"loc":{"start":{"line":78,"column":21},"end":{"line":78,"column":49}},"line":78},"3":{"name":"(anonymous_3)","decl":{"start":{"line":79,"column":4},"end":{"line":79,"column":5}},"loc":{"start":{"line":79,"column":29},"end":{"line":79,"column":69}},"line":79},"4":{"name":"(anonymous_4)","decl":{"start":{"line":80,"column":4},"end":{"line":80,"column":5}},"loc":{"start":{"line":81,"column":4},"end":{"line":85,"column":3}},"line":81}},"branchMap":{"0":{"loc":{"start":{"line":61,"column":4},"end":{"line":61,"column":45}},"type":"cond-expr","locations":[{"start":{"line":61,"column":29},"end":{"line":61,"column":34}},{"start":{"line":61,"column":37},"end":{"line":61,"column":45}}],"line":61},"1":{"loc":{"start":{"line":79,"column":29},"end":{"line":79,"column":69}},"type":"binary-expr","locations":[{"start":{"line":79,"column":29},"end":{"line":79,"column":35}},{"start":{"line":79,"column":39},"end":{"line":79,"column":69}}],"line":79},"2":{"loc":{"start":{"line":81,"column":4},"end":{"line":85,"column":3}},"type":"binary-expr","locations":[{"start":{"line":81,"column":4},"end":{"line":81,"column":12}},{"start":{"line":82,"column":4},"end":{"line":85,"column":3}}],"line":81}},"s":{"0":3,"1":3,"2":3,"3":3,"4":3,"5":3,"6":3,"7":3,"8":3,"9":3,"10":3,"11":3,"12":3,"13":3,"14":3,"15":3,"16":10,"17":3,"18":3,"19":10,"20":3,"21":11,"22":11,"23":11},"f":{"0":10,"1":10,"2":11,"3":11,"4":11},"b":{"0":[2,8],"1":[11,5],"2":[11,1]},"_coverageSchema":"1a1c01bbd47fc00a2c39e90264f33305004495a9","hash":"132c2a1dd51fe51e6aa7530131b9b49cc8cd21eb"}
,"/Users/ravindras/Documents/fabric/codebase/copilot-ui-library/src/atoms/textarea/Textarea.js": {"path":"/Users/ravindras/Documents/fabric/codebase/copilot-ui-library/src/atoms/textarea/Textarea.js","statementMap":{"0":{"start":{"line":10,"column":19},"end":{"line":10,"column":47}},"1":{"start":{"line":10,"column":24},"end":{"line":10,"column":47}},"2":{"start":{"line":12,"column":24},"end":{"line":121,"column":1}},"3":{"start":{"line":22,"column":28},"end":{"line":22,"column":40}},"4":{"start":{"line":23,"column":25},"end":{"line":23,"column":74}},"5":{"start":{"line":24,"column":32},"end":{"line":24,"column":47}},"6":{"start":{"line":25,"column":38},"end":{"line":25,"column":49}},"7":{"start":{"line":27,"column":27},"end":{"line":30,"column":8}},"8":{"start":{"line":28,"column":4},"end":{"line":28,"column":19}},"9":{"start":{"line":29,"column":4},"end":{"line":29,"column":31}},"10":{"start":{"line":32,"column":2},"end":{"line":36,"column":45}},"11":{"start":{"line":33,"column":4},"end":{"line":35,"column":5}},"12":{"start":{"line":34,"column":6},"end":{"line":34,"column":43}},"13":{"start":{"line":38,"column":21},"end":{"line":44,"column":3}},"14":{"start":{"line":39,"column":4},"end":{"line":39,"column":19}},"15":{"start":{"line":41,"column":4},"end":{"line":43,"column":5}},"16":{"start":{"line":42,"column":6},"end":{"line":42,"column":33}},"17":{"start":{"line":46,"column":22},"end":{"line":52,"column":3}},"18":{"start":{"line":47,"column":4},"end":{"line":47,"column":18}},"19":{"start":{"line":49,"column":4},"end":{"line":51,"column":5}},"20":{"start":{"line":50,"column":6},"end":{"line":50,"column":34}},"21":{"start":{"line":54,"column":23},"end":{"line":62,"column":3}},"22":{"start":{"line":55,"column":4},"end":{"line":57,"column":5}},"23":{"start":{"line":56,"column":6},"end":{"line":56,"column":42}},"24":{"start":{"line":59,"column":4},"end":{"line":61,"column":5}},"25":{"start":{"line":60,"column":6},"end":{"line":60,"column":35}},"26":{"start":{"line":70,"column":6},"end":{"line":70,"column":25}},"27":{"start":{"line":72,"column":2},"end":{"line":120,"column":3}},"28":{"start":{"line":123,"column":0},"end":{"line":141,"column":1}}},"fnMap":{"0":{"name":"(anonymous_0)","decl":{"start":{"line":10,"column":19},"end":{"line":10,"column":20}},"loc":{"start":{"line":10,"column":24},"end":{"line":10,"column":47}},"line":10},"1":{"name":"(anonymous_1)","decl":{"start":{"line":12,"column":24},"end":{"line":12,"column":25}},"loc":{"start":{"line":21,"column":6},"end":{"line":121,"column":1}},"line":21},"2":{"name":"(anonymous_2)","decl":{"start":{"line":27,"column":39},"end":{"line":27,"column":40}},"loc":{"start":{"line":27,"column":55},"end":{"line":30,"column":3}},"line":27},"3":{"name":"(anonymous_3)","decl":{"start":{"line":32,"column":12},"end":{"line":32,"column":13}},"loc":{"start":{"line":32,"column":18},"end":{"line":36,"column":3}},"line":32},"4":{"name":"(anonymous_4)","decl":{"start":{"line":38,"column":21},"end":{"line":38,"column":22}},"loc":{"start":{"line":38,"column":30},"end":{"line":44,"column":3}},"line":38},"5":{"name":"(anonymous_5)","decl":{"start":{"line":46,"column":22},"end":{"line":46,"column":23}},"loc":{"start":{"line":46,"column":31},"end":{"line":52,"column":3}},"line":46},"6":{"name":"(anonymous_6)","decl":{"start":{"line":54,"column":23},"end":{"line":54,"column":24}},"loc":{"start":{"line":54,"column":32},"end":{"line":62,"column":3}},"line":54}},"branchMap":{"0":{"loc":{"start":{"line":27,"column":40},"end":{"line":27,"column":50}},"type":"default-arg","locations":[{"start":{"line":27,"column":48},"end":{"line":27,"column":50}}],"line":27},"1":{"loc":{"start":{"line":33,"column":4},"end":{"line":35,"column":5}},"type":"if","locations":[{"start":{"line":33,"column":4},"end":{"line":35,"column":5}},{"start":{"line":33,"column":4},"end":{"line":35,"column":5}}],"line":33},"2":{"loc":{"start":{"line":41,"column":4},"end":{"line":43,"column":5}},"type":"if","locations":[{"start":{"line":41,"column":4},"end":{"line":43,"column":5}},{"start":{"line":41,"column":4},"end":{"line":
[...]
,"/Users/ravindras/Documents/fabric/codebase/copilot-ui-library/src/organisms/modal/ModalHeader.js": {"path":"/Users/ravindras/Documents/fabric/codebase/copilot-ui-library/src/organisms/modal/ModalHeader.js","statementMap":{"0":{"start":{"line":5,"column":27},"end":{"line":26,"column":1}},"1":{"start":{"line":6,"column":2},"end":{"line":25,"column":22}},"2":{"start":{"line":27,"column":0},"end":{"line":30,"column":1}}},"fnMap":{"0":{"name":"(anonymous_0)","decl":{"start":{"line":5,"column":27},"end":{"line":5,"column":28}},"loc":{"start":{"line":6,"column":2},"end":{"line":25,"column":22}},"line":6}},"branchMap":{},"s":{"0":1,"1":3,"2":1},"f":{"0":3},"b":{},"_coverageSchema":"1a1c01bbd47fc00a2c39e90264f33305004495a9","hash":"4b9668b9f1ad3ec644d568a1cb239903ae1307a5"}
,"/Users/ravindras/Documents/fabric/codebase/copilot-ui-library/src/organisms/modal/index.js": {"path":"/Users/ravindras/Documents/fabric/codebase/copilot-ui-library/src/organisms/modal/index.js","statementMap":{},"fnMap":{},"branchMap":{},"s":{},"f":{},"b":{},"_coverageSchema":"1a1c01bbd47fc00a2c39e90264f33305004495a9","hash":"c3c30fb2b9170714f01d6abfdccf0ba0ed2686e0"}
,"/Users/ravindras/Documents/fabric/codebase/copilot-ui-library/src/organisms/modal/mock.js": {"path":"/Users/ravindras/Documents/fabric/codebase/copilot-ui-library/src/organisms/modal/mock.js","statementMap":{},"fnMap":{},"branchMap":{},"s":{},"f":{},"b":{}}
,"/Users/ravindras/Documents/fabric/codebase/copilot-ui-library/src/organisms/modal/styles.js": {"path":"/Users/ravindras/Documents/fabric/codebase/copilot-ui-library/src/organisms/modal/styles.js","statementMap":{"0":{"start":{"line":4,"column":17},"end":{"line":6,"column":1}},"1":{"start":{"line":7,"column":18},"end":{"line":9,"column":1}},"2":{"start":{"line":10,"column":17},"end":{"line":12,"column":1}},"3":{"start":{"line":13,"column":19},"end":{"line":13,"column":28}},"4":{"start":{"line":14,"column":0},"end":{"line":14,"column":33}},"5":{"start":{"line":15,"column":0},"end":{"line":15,"column":35}},"6":{"start":{"line":16,"column":0},"end":{"line":16,"column":33}},"7":{"start":{"line":18,"column":28},"end":{"line":27,"column":1}},"8":{"start":{"line":28,"column":33},"end":{"line":33,"column":1}},"9":{"start":{"line":34,"column":33},"end":{"line":39,"column":1}},"10":{"start":{"line":40,"column":28},"end":{"line":93,"column":1}},"11":{"start":{"line":57,"column":20},"end":{"line":57,"column":45}},"12":{"start":{"line":68,"column":20},"end":{"line":68,"column":45}}},"fnMap":{"0":{"name":"(anonymous_0)","decl":{"start":{"line":57,"column":6},"end":{"line":57,"column":7}},"loc":{"start":{"line":57,"column":20},"end":{"line":57,"column":45}},"line":57},"1":{"name":"(anonymous_1)","decl":{"start":{"line":68,"column":6},"end":{"line":68,"column":7}},"loc":{"start":{"line":68,"column":20},"end":{"line":68,"column":45}},"line":68}},"branchMap":{},"s":{"0":1,"1":1,"2":1,"3":1,"4":1,"5":1,"6":1,"7":1,"8":1,"9":1,"10":1,"11":3,"12":3},"f":{"0":3,"1":3},"b":{},"_coverageSchema":"1a1c01bbd47fc00a2c39e90264f33305004495a9","hash":"3646372831b3b7dfbfb47898715512852aab3514"}
,"/Users/ravindras/Documents/fabric/codebase/copilot-ui-library/src/organisms/modal/use-modal.js": {"path":"/Users/ravindras/Documents/fabric/codebase/copilot-ui-library/src/organisms/modal/use-modal.js","statementMap":{"0":{"start":{"line":3,"column":17},"end":{"line":14,"column":1}},"1":{"start":{"line":4,"column":36},"end":{"line":4,"column":51}},"2":{"start":{"line":7,"column":4},"end":{"line":7,"column":28}},"3":{"start":{"line":10,"column":2},"end":{"line":13,"column":3}}},"fnMap":{"0":{"name":"(anonymous_0)","decl":{"start":{"line":3,"column":17},"end":{"line":3,"column":18}},"loc":{"start":{"line":3,"column":23},"end":{"line":14,"column":1}},"line":3},"1":{"name":"toggle","decl":{"start":{"line":6,"column":11},"end":{"line":6,"column":17}},"loc":{"start":{"line":6,"column":20},"end":{"line":8,"column":3}},"line":6}},"branchMap":{},"s":{"0":1,"1":0,"2":0,"3":0},"f":{"0":0,"1":0},"b":{},"_coverageSchema":"1a1c01bbd47fc00a2c39e90264f33305004495a9","hash":"c2aea0ea3f33781fbd64f2a40a11237876c1373d"}
,"/Users/ravindras/Documents/fabric/codebase/copilot-ui-library/src/organisms/tables/FabricTable.js": {"path":"/Users/ravindras/Documents/fabric/codebase/copilot-ui-library/src/organisms/tables/FabricTable.js","statementMap":{"0":{"start":{"line":6,"column":27},"end":{"line":13,"column":1}},"1":{"start":{"line":7,"column":2},"end":{"line":12,"column":4}},"2":{"start":{"line":14,"column":0},"end":{"line":16,"column":1}},"3":{"start":{"line":18,"column":21},"end":{"line":18,"column":50}},"4":{"start":{"line":18,"column":30},"end":{"line":18,"column":50}},"5":{"start":{"line":19,"column":21},"end":{"line":19,"column":50}},"6":{"start":{"line":19,"column":30},"end":{"line":19,"column":50}},"7":{"start":{"line":20,"column":21},"end":{"line":20,"column":50}},"8":{"start":{"line":20,"column":30},"end":{"line":20,"column":50}},"9":{"start":{"line":21,"column":18},"end":{"line":21,"column":44}},"10":{"start":{"line":21,"column":27},"end":{"line":21,"column":44}},"11":{"start":{"line":22,"column":18},"end":{"line":22,"column":44}},"12":{"start":{"line":22,"column":27},"end":{"line":22,"column":44}},"13":{"start":{"line":23,"column":18},"end":{"line":25,"column":1}},"14":{"start":{"line":24,"column":2},"end":{"line":24,"column":34}}},"fnMap":{"0":{"name":"(anonymous_0)","decl":{"start":{"line":6,"column":27},"end":{"line":6,"column":28}},"loc":{"start":{"line":7,"column":2},"end":{"line":12,"column":4}},"line":7},"1":{"name":"(anonymous_1)","decl":{"start":{"line":18,"column":21},"end":{"line":18,"column":22}},"loc":{"start":{"line":18,"column":30},"end":{"line":18,"column":50}},"line":18},"2":{"name":"(anonymous_2)","decl":{"start":{"line":19,"column":21},"end":{"line":19,"column":22}},"loc":{"start":{"line":19,"column":30},"end":{"line":19,"column":50}},"line":19},"3":{"name":"(anonymous_3)","decl":{"start":{"line":20,"column":21},"end":{"line":20,"column":22}},"loc":{"start":{"line":20,"column":30},"end":{"line":20,"column":50}},"line":20},"4":{"name":"(anonymous_4)","decl":{"start":{"line":21,"column":18},"end":{"line":21,"column":19}},"loc":{"start":{"line":21,"column":27},"end":{"line":21,"column":44}},"line":21},"5":{"name":"(anonymous_5)","decl":{"start":{"line":22,"column":18},"end":{"line":22,"column":19}},"loc":{"start":{"line":22,"column":27},"end":{"line":22,"column":44}},"line":22},"6":{"name":"(anonymous_6)","decl":{"start":{"line":23,"column":18},"end":{"line":23,"column":19}},"loc":{"start":{"line":24,"column":2},"end":{"line":24,"column":34}},"line":24}},"branchMap":{"0":{"loc":{"start":{"line":23,"column":21},"end":{"line":23,"column":34}},"type":"default-arg","locations":[{"start":{"line":23,"column":29},"end":{"line":23,"column":34}}],"line":23}},"s":{"0":1,"1":4,"2":1,"3":1,"4":4,"5":1,"6":5,"7":1,"8":0,"9":1,"10":21,"11":1,"12":129,"13":1,"14":32},"f":{"0":4,"1":4,"2":5,"3":0,"4":21,"5":129,"6":32},"b":{"0":[32]},"_coverageSchema":"1a1c01bbd47fc00a2c39e90264f33305004495a9","hash":"7b2c815fcb979f89c37e91d50df57d6252570ec7"}
,"/Users/ravindras/Documents/fabric/codebase/copilot-ui-library/src/organisms/tables/MoreBtnWrapper.js": {"path":"/Users/ravindras/Documents/fabric/codebase/copilot-ui-library/src/organisms/tables/MoreBtnWrapper.js","statementMap":{"0":{"start":{"line":8,"column":30},"end":{"line":42,"column":1}},"1":{"start":{"line":9,"column":38},"end":{"line":9,"column":53}},"2":{"start":{"line":10,"column":19},"end":{"line":10,"column":27}},"3":{"start":{"line":12,"column":2},"end":{"line":18,"column":3}},"4":{"start":{"line":15,"column":6},"end":{"line":15,"column":26}},"5":{"start":{"line":19,"column":2},"end":{"line":41,"column":3}},"6":{"start":{"line":26,"column":10},"end":{"line":26,"column":36}},"7":{"start":{"line":44,"column":0},"end":{"line":46,"column":1}}},"fnMap":{"0":{"name":"(anonymous_0)","decl":{"start":{"line":8,"column":30},"end":{"line":8,"column":31}},"loc":{"start":{"line":8,"column":42},"end":{"line":42,"column":1}},"line":8},"1":{"name":"(anonymous_1)","decl":{"start":{"line":14,"column":4},"end":{"line":14,"column":5}},"loc":{"start":{"line":14,"column":10},"end":{"line":16,"column":5}},"line":14},"2":{"name":"(anonymous_2)","decl":{"start":{"line":25,"column":17},"end":{"line":25,"column":18}},"loc":{"start":{"line":25,"column":23},"end":{"line":27,"column":9}},"line":25}},"branchMap":{},"s":{"0":1,"1":17,"2":17,"3":17,"4":0,"5":17,"6":1,"7":1},"f":{"0":17,"1":0,"2":1},"b":{},"_coverageSchema":"1a1c01bbd47fc00a2c39e90264f33305004495a9","hash":"c11276b3bfc1e905a6cb9b3b538b4642d9af8afc"}
,"/Users/ravindras/Documents/fabric/codebase/copilot-ui-library/src/organisms/tables/Table.js": {"path":"/Users/ravindras/Documents/fabric/codebase/copilot-ui-library/src/organisms/tables/Table.js","statementMap":{"0":{"start":{"line":9,"column":21},"end":{"line":157,"column":1}},"1":{"start":{"line":15,"column":61},"end":{"line":20,"column":3}},"2":{"start":{"line":22,"column":23},"end":{"line":54,"column":3}},"3":{"start":{"line":23,"column":4},"end":{"line":53,"column":6}},"4":{"start":{"line":24,"column":6},"end":{"line":52,"column":7}},"5":{"start":{"line":27,"column":25},"end":{"line":27,"column":36}},"6":{"start":{"line":56,"column":21},"end":{"line":141,"column":3}},"7":{"start":{"line":57,"column":4},"end":{"line":140,"column":5}},"8":{"start":{"line":72,"column":10},"end":{"line":137,"column":11}},"9":{"start":{"line":110,"column":20},"end":{"line":133,"column":21}},"10":{"start":{"line":143,"column":2},"end":{"line":156,"column":3}},"11":{"start":{"line":158,"column":0},"end":{"line":163,"column":1}}},"fnMap":{"0":{"name":"(anonymous_0)","decl":{"start":{"line":9,"column":21},"end":{"line":9,"column":22}},"loc":{"start":{"line":14,"column":6},"end":{"line":157,"column":1}},"line":14},"1":{"name":"(anonymous_1)","decl":{"start":{"line":22,"column":23},"end":{"line":22,"column":24}},"loc":{"start":{"line":22,"column":29},"end":{"line":54,"column":3}},"line":22},"2":{"name":"(anonymous_2)","decl":{"start":{"line":23,"column":29},"end":{"line":23,"column":30}},"loc":{"start":{"line":23,"column":45},"end":{"line":53,"column":5}},"line":23},"3":{"name":"(anonymous_3)","decl":{"start":{"line":27,"column":19},"end":{"line":27,"column":20}},"loc":{"start":{"line":27,"column":25},"end":{"line":27,"column":36}},"line":27},"4":{"name":"(anonymous_4)","decl":{"start":{"line":56,"column":21},"end":{"line":56,"column":22}},"loc":{"start":{"line":56,"column":27},"end":{"line":141,"column":3}},"line":56},"5":{"name":"(anonymous_5)","decl":{"start":{"line":60,"column":8},"end":{"line":60,"column":9}},"loc":{"start":{"line":71,"column":14},"end":{"line":138,"column":9}},"line":71},"6":{"name":"(anonymous_6)","decl":{"start":{"line":100,"column":18},"end":{"line":100,"column":19}},"loc":{"start":{"line":109,"column":24},"end":{"line":134,"column":19}},"line":109}},"branchMap":{"0":{"loc":{"start":{"line":12,"column":2},"end":{"line":12,"column":25}},"type":"default-arg","locations":[{"start":{"line":12,"column":20},"end":{"line":12,"column":25}}],"line":12},"1":{"loc":{"start":{"line":29,"column":12},"end":{"line":29,"column":80}},"type":"cond-expr","locations":[{"start":{"line":29,"column":60},"end":{"line":29,"column":68}},{"start":{"line":29,"column":71},"end":{"line":29,"column":80}}],"line":29},"2":{"loc":{"start":{"line":35,"column":14},"end":{"line":38,"column":35}},"type":"cond-expr","locations":[{"start":{"line":37,"column":18},"end":{"line":37,"column":25}},{"start":{"line":38,"column":18},"end":{"line":38,"column":35}}],"line":35},"3":{"loc":{"start":{"line":35,"column":14},"end":{"line":36,"column":36}},"type":"binary-expr","locations":[{"start":{"line":35,"column":14},"end":{"line":35,"column":59}},{"start":{"line":36,"column":14},"end":{"line":36,"column":36}}],"line":35},"4":{"loc":{"start":{"line":41,"column":13},"end":{"line":49,"column":13}},"type":"binary-expr","locations":[{"start":{"line":41,"column":13},"end":{"line":41,"column":28}},{"start":{"line":41,"column":32},"end":{"line":41,"column":46}},{"start":{"line":42,"column":14},"end":{"line":48,"column":16}}],"line":41},"5":{"loc":{"start":{"line":44,"column":18},"end":{"line":46,"column":31}},"type":"cond-expr","locations":[{"start":{"line":45,"column":22},"end":{"line":45,"column":33}},{"start":{"line":46,"column":22},"end":{"line":46,"column":31}}],"line":44},"6":{"loc":{"start":{"line":58,"column":6},"end":{"line":139,"column":7}},"type":"binary-expr","locations":[{"start":{"line":58,"column":6},"end":{"line":58,"column":18}},{"start":{"line":59,"column":6},"end":{"line":139,"column":7}}],"line":58},"7":{"loc":{"start":{"line":82,"column":19},"end":{"line":89,"column":19}},"type":"binary-expr","locations":[{"start":{"line":82,"column":19},"end":{"line":82,"column":24}},{"start":{"line":83,"column":20},"end":{"line":88,"column":22}}],"line":82},"8":{"loc":{"start":{"line":97,"column":15},"end":{"line":135,"column":17}},"type":"binary-expr","locations":[{"start":{"line":97,"column":15},"end":{"line":97,"column":23}},{"start":{"line":98,"column":16},"end":{"line":98,"column":31}},{"start":{"line":99,"column":16},"end":{"line":135,"column":17}}],"line":97},"9":{"loc":{"start":{"line":119,"column":27},"end":{"line":126,"column":27}},"type":"binary-expr","locations":[{"start":{"line":119,"column":27},"end":{"line":119,"column":32}},{"start":{"line":120,"column":28},"end":{"line":125,"column":30}}],"line":119},"10":{"loc":{"start":{"line":145,"column":41},"end":{"line":145,"column":74}},"type":"cond-expr","locations":[{"start":{"line":145,"column":53},"end":{"line":145,"column":62}},{"start":{"line":145,"column":65},"end":{"line":145,"column":74}}],"line":145}},"s":{"0":1,"1":4,"2":4,"3":4,"4":32,"5":1,"6":4,"7":6,"8":18,"9":6,"10":4,"11":1},"f":{"0":4,"1":4,"2":32,"3":1,"4":6,"5":18,"6":6},"b":{"0":[0],"1":[1,31],"2":[0,32],"3":[32,1],"4":[32,24,21],"5":[1,20],"6":[6,6],"7":[18,18],"8":[18,6,6],"9":[6,6],"10":[4,0]},"_coverageSchema":"1a1c01bbd47fc00a2c39e90264f33305004495a9","hash":"6b74faac0e54b28adb6178f17ca511f933532562"}
,"/Users/ravindras/Documents/fabric/codebase/copilot-ui-library/src/organisms/tables/index.js": {"path":"/Users/ravindras/Documents/fabric/codebase/copilot-ui-library/src/organisms/tables/index.js","statementMap":{},"fnMap":{},"branchMap":{},"s":{},"f":{},"b":{},"_coverageSchema":"1a1c01bbd47fc00a2c39e90264f33305004495a9","hash":"d3cb50bec2039475c216ac3ee01069f034e03f4b"}
,"/Users/ravindras/Documents/fabric/codebase/copilot-ui-library/src/organisms/tables/mock.js": {"path":"/Users/ravindras/Documents/fabric/codebase/copilot-ui-library/src/organisms/tables/mock.js","statementMap":{"0":{"start":{"line":1,"column":20},"end":{"line":95,"column":1}}},"fnMap":{},"branchMap":{},"s":{"0":1},"f":{},"b":{},"_coverageSchema":"1a1c01bbd47fc00a2c39e90264f33305004495a9","hash":"028d6ab4a2b428a3ee180ba7b184f979f9a4cd88"}
,"/Users/ravindras/Documents/fabric/codebase/copilot-ui-library/src/organisms/tables/styles.js": {"path":"/Users/ravindras/Documents/fabric/codebase/copilot-ui-library/src/organisms/tables/styles.js","statementMap":{"0":{"start":{"line":4,"column":33},"end":{"line":69,"column":1}}},"fnMap":{},"branchMap":{},"s":{"0":1},"f":{},"b":{},"_coverageSchema":"1a1c01bbd47fc00a2c39e90264f33305004495a9","hash":"a817f708150cc725127141f89a8bdbaa881e6d62"}
,"/Users/ravindras/Documents/fabric/codebase/copilot-ui-library/src/organisms/tables/use-tables.js": {"path":"/Users/ravindras/Documents/fabric/codebase/copilot-ui-library/src/organisms/tables/use-tables.js","statementMap":{"0":{"start":{"line":3,"column":24},"end":{"line":50,"column":1}},"1":{"start":{"line":9,"column":42},"end":{"line":9,"column":61}},"2":{"start":{"line":10,"column":38},"end":{"line":10,"column":60}},"3":{"start":{"line":11,"column":42},"end":{"line":11,"column":67}},"4":{"start":{"line":14,"column":4},"end":{"line":41,"column":5}},"5":{"start":{"line":15,"column":33},"end":{"line":15,"column":50}},"6":{"start":{"line":16,"column":6},"end":{"line":38,"column":7}},"7":{"start":{"line":17,"column":8},"end":{"line":25,"column":10}},"8":{"start":{"line":18,"column":10},"end":{"line":24,"column":11}},"9":{"start":{"line":26,"column":8},"end":{"line":26,"column":30}},"10":{"start":{"line":27,"column":13},"end":{"line":38,"column":7}},"11":{"start":{"line":28,"column":8},"end":{"line":36,"column":10}},"12":{"start":{"line":29,"column":10},"end":{"line":35,"column":11}},"13":{"start":{"line":37,"column":8},"end":{"line":37,"column":30}},"14":{"start":{"line":39,"column":6},"end":{"line":39,"column":41}},"15":{"start":{"line":40,"column":6},"end":{"line":40,"column":51}},"16":{"start":{"line":44,"column":2},"end":{"line":49,"column":3}}},"fnMap":{"0":{"name":"(anonymous_0)","decl":{"start":{"line":3,"column":24},"end":{"line":3,"column":25}},"loc":{"start":{"line":8,"column":5},"end":{"line":50,"column":1}},"line":8},"1":{"name":"sortBy","decl":{"start":{"line":13,"column":11},"end":{"line":13,"column":17}},"loc":{"start":{"line":13,"column":23},"end":{"line":42,"column":3}},"line":13},"2":{"name":"(anonymous_2)","decl":{"start":{"line":17,"column":32},"end":{"line":17,"column":33}},"loc":{"start":{"line":17,"column":48},"end":{"line":25,"column":9}},"line":17},"3":{"name":"(anonymous_3)","decl":{"start":{"line":28,"column":32},"end":{"line":28,"column":33}},"loc":{"start":{"line":28,"column":48},"end":{"line":36,"column":9}},"line":28}},"branchMap":{"0":{"loc":{"start":{"line":14,"column":4},"end":{"line":41,"column":5}},"type":"if","locations":[{"start":{"line":14,"column":4},"end":{"line":41,"column":5}},{"start":{"line":14,"column":4},"end":{"line":41,"column":5}}],"line":14},"1":{"loc":{"start":{"line":14,"column":8},"end":{"line":14,"column":41}},"type":"binary-expr","locations":[{"start":{"line":14,"column":8},"end":{"line":14,"column":23}},{"start":{"line":14,"column":27},"end":{"line":14,"column":41}}],"line":14},"2":{"loc":{"start":{"line":16,"column":6},"end":{"line":38,"column":7}},"type":"if","locations":[{"start":{"line":16,"column":6},"end":{"line":38,"column":7}},{"start":{"line":16,"column":6},"end":{"line":38,"column":7}}],"line":16},"3":{"loc":{"start":{"line":27,"column":13},"end":{"line":38,"column":7}},"type":"if","locations":[{"start":{"line":27,"column":13},"end":{"line":38,"column":7}},{"start":{"line":27,"column":13},"end":{"line":38,"column":7}}],"line":27}},"s":{"0":1,"1":4,"2":4,"3":4,"4":1,"5":1,"6":1,"7":1,"8":2,"9":1,"10":0,"11":0,"12":0,"13":0,"14":1,"15":1,"16":4},"f":{"0":4,"1":1,"2":2,"3":0},"b":{"0":[1,0],"1":[1,1],"2":[1,0],"3":[0,0]},"_coverageSchema":"1a1c01bbd47fc00a2c39e90264f33305004495a9","hash":"b3f41c30a99e67f35d312df6c71155dd4ed17da0"}
,"/Users/ravindras/Documents/fabric/codebase/copilot-ui-library/src/svg/icon-loading.js": {"path":"/Users/ravindras/Documents/fabric/codebase/copilot-ui-library/src/svg/icon-loading.js","statementMap":{"0":{"start":{"line":4,"column":2},"end":{"line":30,"column":8}}},"fnMap":{"0":{"name":"(anonymous_0)","decl":{"start":{"line":3,"column":15},"end":{"line":3,"column":16}},"loc":{"start":{"line":4,"column":2},"end":{"line":30,"column":8}},"line":4}},"branchMap":{},"s":{"0":1},"f":{"0":1},"b":{},"_coverageSchema":"1a1c01bbd47fc00a2c39e90264f33305004495a9","hash":"0e4af9931f2004bce13248e1fec174a2b6ca81fb"}
,"/Users/ravindras/Documents/fabric/codebase/copilot-ui-library/src/templates/index.js": {"path":"/Users/ravindras/Documents/fabric/codebase/copilot-ui-library/src/templates/index.js","statementMap":{},"fnMap":{},"branchMap":{},"s":{},"f":{},"b":{}}
}
