TN:
SF:src/atoms/index.js
FNF:0
FNH:0
LF:0
LH:0
BRF:0
BRH:0
end_of_record
TN:
SF:src/atoms/button/Button.js
FN:5,(anonymous_0)
FNF:1
FNH:1
FNDA:14,(anonymous_0)
DA:5,4
DA:6,14
DA:9,4
DA:16,4
LF:4
LH:4
BRF:0
BRH:0
end_of_record
TN:
SF:src/atoms/button/Button.styles.js
FN:30,(anonymous_0)
FN:52,(anonymous_1)
FN:79,(anonymous_2)
FN:105,(anonymous_3)
FN:116,(anonymous_4)
FN:119,(anonymous_5)
FN:125,(anonymous_6)
FN:139,(anonymous_7)
FN:142,(anonymous_8)
FN:143,(anonymous_9)
FNF:10
FNH:8
FNDA:7,(anonymous_0)
FNDA:0,(anonymous_1)
FNDA:0,(anonymous_2)
FNDA:6,(anonymous_3)
FNDA:8,(anonymous_4)
FNDA:13,(anonymous_5)
FNDA:1,(anonymous_6)
FNDA:14,(anonymous_7)
FNDA:14,(anonymous_8)
FNDA:14,(anonymous_9)
DA:4,4
DA:16,4
DA:31,7
DA:36,4
DA:53,0
DA:60,4
DA:80,0
DA:87,4
DA:88,4
DA:89,4
DA:90,4
DA:91,4
DA:92,4
DA:94,4
DA:105,6
DA:107,4
DA:116,8
DA:118,4
DA:120,13
DA:124,4
DA:126,1
DA:130,4
DA:131,4
DA:132,4
DA:134,4
DA:139,14
DA:142,14
DA:144,14
LF:28
LH:26
BRDA:31,0,0,7
BRDA:31,0,1,0
BRDA:53,1,0,0
BRDA:53,1,1,0
BRDA:80,2,0,0
BRDA:80,2,1,0
BRDA:120,3,0,6
BRDA:120,3,1,7
BRDA:126,4,0,0
BRDA:126,4,1,1
BRDA:142,5,0,6
BRDA:142,5,1,8
BRDA:144,6,0,14
BRDA:144,6,1,0
BRF:14
BRH:7
end_of_record
TN:
SF:src/atoms/buttonWithIcon/ButtonWithIcon.js
FN:6,(anonymous_0)
FNF:1
FNH:1
FNDA:6,(anonymous_0)
DA:5,2
DA:6,2
DA:13,6
DA:15,6
DA:16,3
DA:21,3
DA:34,2
DA:42,2
LF:8
LH:8
BRDA:15,0,0,3
BRDA:15,0,1,3
BRDA:18,1,0,3
BRDA:18,1,1,3
BRDA:23,2,0,3
BRDA:23,2,1,2
BRDA:23,2,2,1
BRDA:23,2,3,1
BRDA:27,3,0,3
BRDA:27,3,1,2
BRDA:27,3,2,1
BRDA:27,3,3,1
BRF:12
BRH:12
end_of_record
TN:
SF:src/atoms/buttonWithIcon/ButtonWithIcon.styles.js
FN:30,(anonymous_0)
FN:52,(anonymous_1)
FN:79,(anonymous_2)
FN:90,(anonymous_3)
FN:118,(anonymous_4)
FN:158,(anonymous_5)
FN:177,(anonymous_6)
FN:205,(anonymous_7)
FN:232,(anonymous_8)
FN:245,(anonymous_9)
FN:246,(anonymous_10)
FN:260,(anonymous_11)
FN:263,(anonymous_12)
FN:264,(anonymous_13)
FN:276,(anonymous_14)
FNF:15
FNH:10
FNDA:0,(anonymous_0)
FNDA:0,(anonymous_1)
FNDA:0,(anonymous_2)
FNDA:0,(anonymous_3)
FNDA:0,(anonymous_4)
FNDA:1,(anonymous_5)
FNDA:1,(anonymous_6)
FNDA:1,(anonymous_7)
FNDA:5,(anonymous_8)
FNDA:1,(anonymous_9)
FNDA:1,(anonymous_10)
FNDA:6,(anonymous_11)
FNDA:6,(anonymous_12)
FNDA:6,(anonymous_13)
FNDA:6,(anonymous_14)
DA:4,2
DA:16,2
DA:31,0
DA:36,2
DA:53,0
DA:60,2
DA:80,0
DA:87,2
DA:91,0
DA:119,0
DA:129,2
DA:159,1
DA:169,2
DA:170,2
DA:171,2
DA:173,2
DA:178,1
DA:206,1
DA:216,2
DA:217,2
DA:218,2
DA:219,2
DA:220,2
DA:221,2
DA:222,2
DA:224,2
DA:232,5
DA:237,2
DA:245,1
DA:246,1
DA:252,2
DA:260,6
DA:263,6
DA:265,6
DA:276,6
LF:35
LH:30
BRDA:31,0,0,0
BRDA:31,0,1,0
BRDA:53,1,0,0
BRDA:53,1,1,0
BRDA:80,2,0,0
BRDA:80,2,1,0
BRDA:91,3,0,0
BRDA:91,3,1,0
BRDA:119,4,0,0
BRDA:119,4,1,0
BRDA:159,5,0,1
BRDA:159,5,1,0
BRDA:178,6,0,0
BRDA:178,6,1,1
BRDA:206,7,0,1
BRDA:206,7,1,0
BRDA:260,8,0,3
BRDA:260,8,1,3
BRDA:263,9,0,5
BRDA:263,9,1,1
BRDA:265,10,0,6
BRDA:265,10,1,0
BRDA:276,11,0,6
BRDA:276,11,1,3
BRF:24
BRH:10
end_of_record
TN:
SF:src/atoms/calendar/Calendar.js
FN:27,(anonymous_0)
FN:38,(anonymous_1)
FN:43,(anonymous_2)
FN:51,(anonymous_3)
FN:58,(anonymous_4)
FN:65,(anonymous_5)
FN:65,(anonymous_6)
FN:67,(anonymous_7)
FN:73,(anonymous_8)
FN:75,(anonymous_9)
FN:99,(anonymous_10)
FN:102,(anonymous_11)
FN:123,(anonymous_12)
FN:132,(anonymous_13)
FNF:14
FNH:9
FNDA:8,(anonymous_0)
FNDA:4,(anonymous_1)
FNDA:40,(anonymous_2)
FNDA:0,(anonymous_3)
FNDA:4,(anonymous_4)
FNDA:0,(anonymous_5)
FNDA:0,(anonymous_6)
FNDA:5,(anonymous_7)
FNDA:84,(anonymous_8)
FNDA:12,(anonymous_9)
FNDA:0,(anonymous_10)
FNDA:0,(anonymous_11)
FNDA:504,(anonymous_12)
FNDA:4,(anonymous_13)
DA:24,2
DA:25,2
DA:27,2
DA:34,8
DA:35,8
DA:36,8
DA:38,8
DA:39,4
DA:40,4
DA:41,4
DA:43,40
DA:46,0
DA:49,8
DA:52,0
DA:57,8
DA:59,4
DA:60,4
DA:65,8
DA:67,8
DA:69,8
DA:73,84
DA:83,12
DA:100,0
DA:102,0
DA:123,504
DA:130,2
DA:137,2
LF:27
LH:23
BRDA:39,0,0,4
BRDA:39,0,1,0
BRDA:40,1,0,0
BRDA:40,1,1,4
BRDA:67,2,0,5
BRDA:67,2,1,0
BRDA:97,3,0,12
BRDA:97,3,1,0
BRDA:123,4,0,504
BRDA:123,4,1,504
BRF:10
BRH:6
end_of_record
TN:
SF:src/atoms/calendar/Calendar.styles.js
FN:125,(anonymous_0)
FN:166,(anonymous_1)
FNF:2
FNH:1
FNDA:24,(anonymous_0)
FNDA:0,(anonymous_1)
DA:4,2
DA:92,2
DA:99,2
DA:110,2
DA:123,2
DA:126,24
DA:132,2
DA:164,2
DA:167,0
LF:9
LH:8
BRDA:126,0,0,24
BRDA:126,0,1,0
BRDA:167,1,0,0
BRDA:167,1,1,0
BRF:4
BRH:1
end_of_record
TN:
SF:src/atoms/calendar/Constant.js
FNF:0
FNH:0
DA:1,2
DA:10,2
LF:2
LH:2
BRF:0
BRH:0
end_of_record
TN:
SF:src/atoms/checkbox/Checkbox.js
FN:8,(anonymous_0)
FN:22,(anonymous_1)
FN:55,(anonymous_2)
FNF:3
FNH:2
FNDA:5,(anonymous_0)
FNDA:2,(anonymous_1)
FNDA:0,(anonymous_2)
DA:8,2
DA:19,5
DA:20,5
DA:22,5
DA:23,2
DA:24,2
DA:27,5
DA:50,2
DA:58,2
LF:9
LH:9
BRDA:39,0,0,5
BRDA:39,0,1,1
BRF:2
BRH:2
end_of_record
TN:
SF:src/atoms/checkbox/Checkbox.styles.js
FN:52,(anonymous_0)
FN:68,(anonymous_1)
FNF:2
FNH:2
FNDA:5,(anonymous_0)
FNDA:5,(anonymous_1)
DA:4,2
DA:9,2
DA:21,2
DA:52,5
DA:55,2
DA:62,2
DA:68,5
LF:7
LH:7
BRDA:52,0,0,5
BRDA:52,0,1,1
BRDA:68,1,0,5
BRDA:68,1,1,2
BRF:4
BRH:4
end_of_record
TN:
SF:src/atoms/chip/Chip.js
FN:7,(anonymous_0)
FN:11,(anonymous_1)
FNF:2
FNH:2
FNDA:2,(anonymous_0)
FNDA:1,(anonymous_1)
DA:7,2
DA:8,2
DA:11,1
DA:18,2
DA:22,2
LF:5
LH:5
BRF:0
BRH:0
end_of_record
TN:
SF:src/atoms/chip/Chip.styles.js
FN:33,(anonymous_0)
FNF:1
FNH:1
FNDA:2,(anonymous_0)
DA:4,2
DA:34,2
DA:40,2
LF:3
LH:3
BRDA:34,0,0,2
BRDA:34,0,1,0
BRF:2
BRH:1
end_of_record
TN:
SF:src/atoms/empty/Empty.js
FN:7,(anonymous_0)
FNF:1
FNH:1
FNDA:1,(anonymous_0)
DA:7,2
DA:15,1
DA:36,2
LF:3
LH:3
BRDA:18,0,0,1
BRDA:18,0,1,1
BRDA:21,1,0,1
BRDA:21,1,1,1
BRDA:24,2,0,1
BRDA:24,2,1,1
BRDA:29,3,0,1
BRDA:29,3,1,0
BRDA:30,4,0,1
BRDA:30,4,1,0
BRF:10
BRH:8
end_of_record
TN:
SF:src/atoms/empty/Empty.styles.js
FNF:0
FNH:0
DA:4,2
LF:1
LH:1
BRF:0
BRH:0
end_of_record
TN:
SF:src/atoms/empty/index.js
FNF:0
FNH:0
LF:0
LH:0
BRF:0
BRH:0
end_of_record
TN:
SF:src/atoms/input/Input.js
FN:10,(anonymous_0)
FN:12,(anonymous_1)
FN:28,(anonymous_2)
FN:31,(anonymous_3)
FN:39,(anonymous_4)
FN:45,(anonymous_5)
FN:53,(anonymous_6)
FN:61,(anonymous_7)
FN:113,(anonymous_8)
FNF:9
FNH:4
FNDA:0,(anonymous_0)
FNDA:1,(anonymous_1)
FNDA:1,(anonymous_2)
FNDA:1,(anonymous_3)
FNDA:1,(anonymous_4)
FNDA:0,(anonymous_5)
FNDA:0,(anonymous_6)
FNDA:0,(anonymous_7)
FNDA:0,(anonymous_8)
DA:10,2
DA:12,2
DA:23,1
DA:24,1
DA:25,1
DA:26,1
DA:28,1
DA:29,1
DA:31,1
DA:32,1
DA:33,0
DA:36,1
DA:39,1
DA:40,1
DA:41,0
DA:45,1
DA:46,0
DA:48,0
DA:49,0
DA:53,1
DA:54,0
DA:56,0
DA:57,0
DA:61,1
DA:62,0
DA:63,0
DA:66,0
DA:67,0
DA:77,1
DA:79,1
DA:113,0
DA:130,2
DA:150,2
LF:33
LH:20
BRDA:28,0,0,1
BRDA:32,1,0,0
BRDA:32,1,1,1
BRDA:40,2,0,0
BRDA:40,2,1,1
BRDA:48,3,0,0
BRDA:48,3,1,0
BRDA:56,4,0,0
BRDA:56,4,1,0
BRDA:62,5,0,0
BRDA:62,5,1,0
BRDA:66,6,0,0
BRDA:66,6,1,0
BRDA:77,7,0,1
BRDA:77,7,1,0
BRDA:92,8,0,1
BRDA:92,8,1,0
BRDA:100,9,0,1
BRDA:100,9,1,0
BRDA:109,10,0,0
BRDA:109,10,1,1
BRDA:109,11,0,1
BRDA:109,11,1,0
BRDA:112,12,0,1
BRDA:112,12,1,0
BRDA:112,12,2,0
BRDA:114,13,0,0
BRDA:114,13,1,0
BRDA:121,14,0,1
BRDA:121,14,1,0
BRDA:121,14,2,0
BRF:31
BRH:10
end_of_record
TN:
SF:src/atoms/input/Input.styles.js
FN:172,(anonymous_0)
FNF:1
FNH:1
FNDA:1,(anonymous_0)
DA:4,2
DA:17,2
DA:129,2
DA:173,1
LF:4
LH:4
BRDA:173,0,0,1
BRDA:173,0,1,0
BRF:2
BRH:1
end_of_record
TN:
SF:src/atoms/input/index.js
FNF:0
FNH:0
LF:0
LH:0
BRF:0
BRH:0
end_of_record
TN:
SF:src/atoms/link/Link.js
FN:30,(anonymous_0)
FN:39,(anonymous_1)
FNF:2
FNH:2
FNDA:2,(anonymous_0)
FNDA:2,(anonymous_1)
DA:7,2
DA:31,2
DA:39,2
DA:40,2
DA:47,2
LF:5
LH:5
BRDA:31,0,0,2
BRDA:31,0,1,0
BRF:2
BRH:1
end_of_record
TN:
SF:src/atoms/loading/Loading.js
FN:6,(anonymous_0)
FNF:1
FNH:1
FNDA:1,(anonymous_0)
DA:6,2
DA:7,1
DA:14,2
DA:19,2
LF:4
LH:4
BRDA:7,0,0,1
BRDA:7,0,1,0
BRF:2
BRH:1
end_of_record
TN:
SF:src/atoms/loading/Loading.styles.js
FNF:0
FNH:0
DA:3,2
LF:1
LH:1
BRF:0
BRH:0
end_of_record
TN:
SF:src/atoms/loading/index.js
FNF:0
FNH:0
LF:0
LH:0
BRF:0
BRH:0
end_of_record
TN:
SF:src/atoms/pill/Pill.js
FN:6,(anonymous_0)
FNF:1
FNH:1
FNDA:3,(anonymous_0)
DA:6,2
DA:7,3
DA:11,3
DA:18,2
DA:22,2
LF:5
LH:5
BRDA:7,0,0,3
BRDA:7,0,1,0
BRF:2
BRH:1
end_of_record
TN:
SF:src/atoms/pill/Pill.styles.js
FN:9,(anonymous_0)
FN:10,(anonymous_1)
FNF:2
FNH:2
FNDA:3,(anonymous_0)
FNDA:3,(anonymous_1)
DA:4,2
DA:9,3
DA:10,3
DA:16,2
LF:4
LH:4
BRDA:9,0,0,3
BRDA:9,0,1,3
BRDA:10,1,0,3
BRDA:10,1,1,3
BRF:4
BRH:4
end_of_record
TN:
SF:src/atoms/popover/Popover.js
FN:5,(anonymous_0)
FN:16,(anonymous_1)
FN:21,(anonymous_2)
FN:28,(anonymous_3)
FN:32,(anonymous_4)
FNF:5
FNH:3
FNDA:3,(anonymous_0)
FNDA:3,(anonymous_1)
FNDA:3,(anonymous_2)
FNDA:0,(anonymous_3)
FNDA:0,(anonymous_4)
DA:5,3
DA:13,3
DA:14,3
DA:16,3
DA:17,3
DA:18,3
DA:19,3
DA:20,3
DA:21,3
DA:22,3
DA:23,3
DA:28,3
DA:29,0
DA:32,3
DA:33,0
DA:36,3
DA:55,3
LF:17
LH:15
BRDA:6,0,0,1
BRDA:9,1,0,1
BRDA:17,2,0,3
BRDA:17,2,1,0
BRDA:38,3,0,0
BRDA:38,3,1,3
BRDA:38,4,0,2
BRDA:38,4,1,1
BRDA:39,5,0,3
BRDA:39,5,1,0
BRDA:47,6,0,3
BRDA:47,6,1,2
BRDA:48,7,0,3
BRDA:48,7,1,3
BRF:14
BRH:11
end_of_record
TN:
SF:src/atoms/popover/Popover.styles.js
FNF:0
FNH:0
DA:4,3
LF:1
LH:1
BRF:0
BRH:0
end_of_record
TN:
SF:src/atoms/popover/index.js
FNF:0
FNH:0
LF:0
LH:0
BRF:0
BRH:0
end_of_record
TN:
SF:src/atoms/popover/mock.js
FN:62,(anonymous_0)
FNF:1
FNH:1
FNDA:1,(anonymous_0)
DA:5,1
DA:62,1
DA:63,1
LF:3
LH:3
BRF:0
BRH:0
end_of_record
TN:
SF:src/atoms/radio/Radio.js
FN:6,(anonymous_0)
FN:17,(anonymous_1)
FN:27,(anonymous_2)
FNF:3
FNH:2
FNDA:2,(anonymous_0)
FNDA:2,(anonymous_1)
FNDA:0,(anonymous_2)
DA:6,2
DA:17,2
DA:19,2
DA:27,0
DA:41,2
DA:53,2
LF:6
LH:5
BRDA:12,0,0,0
BRDA:23,1,0,2
BRDA:23,1,1,0
BRDA:25,2,0,2
BRDA:25,2,1,0
BRF:5
BRH:2
end_of_record
TN:
SF:src/atoms/radio/Radio.styles.js
FNF:0
FNH:0
DA:4,2
LF:1
LH:1
BRF:0
BRH:0
end_of_record
TN:
SF:src/atoms/radio/index.js
FNF:0
FNH:0
LF:0
LH:0
BRF:0
BRH:0
end_of_record
TN:
SF:src/atoms/shimmer/Shimmer.js
FN:5,(anonymous_0)
FN:8,(anonymous_1)
FNF:2
FNH:2
FNDA:1,(anonymous_0)
FNDA:1,(anonymous_1)
DA:5,2
DA:6,1
DA:9,1
DA:39,2
LF:4
LH:4
BRDA:5,0,0,1
BRF:1
BRH:1
end_of_record
TN:
SF:src/atoms/shimmer/Shimmer.styles.js
FN:39,(anonymous_0)
FNF:1
FNH:1
FNDA:1,(anonymous_0)
DA:3,2
DA:13,2
DA:40,1
LF:3
LH:3
BRDA:40,0,0,1
BRDA:40,0,1,0
BRF:2
BRH:1
end_of_record
TN:
SF:src/atoms/shimmer/index.js
FNF:0
FNH:0
LF:0
LH:0
BRF:0
BRH:0
end_of_record
TN:
SF:src/atoms/switch/Switch.js
FN:11,(anonymous_0)
FN:15,(anonymous_1)
FN:31,(anonymous_2)
FN:42,(anonymous_3)
FNF:4
FNH:4
FNDA:5,(anonymous_0)
FNDA:2,(anonymous_1)
FNDA:2,(anonymous_2)
FNDA:2,(anonymous_3)
DA:11,2
DA:12,5
DA:14,5
DA:16,2
DA:17,2
DA:22,5
DA:31,2
DA:40,2
DA:46,2
LF:9
LH:9
BRDA:35,0,0,5
BRDA:35,0,1,5
BRF:2
BRH:2
end_of_record
TN:
SF:src/atoms/switch/Switch.styles.js
FN:39,(anonymous_0)
FN:56,(anonymous_1)
FNF:2
FNH:2
FNDA:5,(anonymous_0)
FNDA:5,(anonymous_1)
DA:4,2
DA:15,2
DA:22,2
DA:28,2
DA:40,5
DA:57,5
DA:63,2
LF:7
LH:7
BRDA:40,0,0,5
BRDA:40,0,1,2
BRDA:57,1,0,5
BRDA:57,1,1,2
BRF:4
BRH:4
end_of_record
TN:
SF:src/atoms/tab/Tab.js
FN:11,(anonymous_0)
FN:15,(anonymous_1)
FN:20,(anonymous_2)
FN:24,(anonymous_3)
FN:25,(anonymous_4)
FN:40,(anonymous_5)
FN:44,(anonymous_6)
FN:66,(anonymous_7)
FNF:8
FNH:8
FNDA:11,(anonymous_0)
FNDA:24,(anonymous_1)
FNDA:1,(anonymous_2)
FNDA:5,(anonymous_3)
FNDA:11,(anonymous_4)
FNDA:13,(anonymous_5)
FNDA:1,(anonymous_6)
FNDA:10,(anonymous_7)
DA:10,3
DA:12,11
DA:13,11
DA:14,11
DA:15,24
DA:18,11
DA:20,11
DA:21,1
DA:24,11
DA:25,11
DA:30,5
DA:33,11
DA:41,13
DA:44,1
DA:66,3
DA:67,10
DA:70,3
DA:77,3
DA:89,3
LF:19
LH:19
BRDA:35,0,0,11
BRDA:35,0,1,7
BRDA:35,0,2,7
BRDA:39,1,0,11
BRDA:39,1,1,6
BRDA:45,2,0,6
BRDA:45,2,1,7
BRDA:51,3,0,2
BRDA:51,3,1,11
BRF:9
BRH:9
end_of_record
TN:
SF:src/atoms/tab/Tab.styles.js
FN:60,(anonymous_0)
FN:73,(anonymous_1)
FN:78,(anonymous_2)
FN:79,(anonymous_3)
FN:80,(anonymous_4)
FNF:5
FNH:5
FNDA:10,(anonymous_0)
FNDA:10,(anonymous_1)
FNDA:11,(anonymous_2)
FNDA:11,(anonymous_3)
FNDA:11,(anonymous_4)
DA:4,3
DA:8,3
DA:12,3
DA:23,3
DA:33,3
DA:40,3
DA:45,3
DA:46,3
DA:47,3
DA:49,3
DA:50,3
DA:51,3
DA:53,3
DA:54,3
DA:55,3
DA:57,3
DA:61,10
DA:64,3
DA:71,3
DA:73,10
DA:76,3
DA:78,11
DA:79,11
DA:81,11
LF:24
LH:24
BRDA:61,0,0,2
BRDA:61,0,1,8
BRDA:79,1,0,11
BRDA:79,1,1,5
BRDA:81,2,0,11
BRDA:81,2,1,1
BRF:6
BRH:6
end_of_record
TN:
SF:src/atoms/textarea/Textarea.js
FN:10,(anonymous_0)
FN:12,(anonymous_1)
FN:27,(anonymous_2)
FN:32,(anonymous_3)
FN:38,(anonymous_4)
FN:46,(anonymous_5)
FN:54,(anonymous_6)
FNF:7
FNH:2
FNDA:0,(anonymous_0)
FNDA:1,(anonymous_1)
FNDA:0,(anonymous_2)
FNDA:1,(anonymous_3)
FNDA:0,(anonymous_4)
FNDA:0,(anonymous_5)
FNDA:0,(anonymous_6)
DA:10,2
DA:12,2
DA:22,1
DA:23,1
DA:24,1
DA:25,1
DA:27,1
DA:28,0
DA:29,0
DA:32,1
DA:33,1
DA:34,0
DA:38,1
DA:39,0
DA:41,0
DA:42,0
DA:46,1
DA:47,0
DA:49,0
DA:50,0
DA:54,1
DA:55,0
DA:56,0
DA:59,0
DA:60,0
DA:70,1
DA:72,1
DA:123,2
LF:28
LH:15
BRDA:27,0,0,0
BRDA:33,1,0,0
BRDA:33,1,1,1
BRDA:41,2,0,0
BRDA:41,2,1,0
BRDA:49,3,0,0
BRDA:49,3,1,0
BRDA:55,4,0,0
BRDA:55,4,1,0
BRDA:59,5,0,0
BRDA:59,5,1,0
BRDA:70,6,0,1
BRDA:70,6,1,0
BRDA:84,7,0,1
BRDA:84,7,1,0
BRDA:92,8,0,0
BRDA:92,8,1,1
BRDA:104,9,0,1
BRDA:104,9,1,1
BRDA:114,10,0,1
BRDA:114,10,1,0
BRDA:114,10,2,0
BRF:22
BRH:7
end_of_record
TN:
SF:src/atoms/textarea/Textarea.styles.js
FNF:0
FNH:0
DA:4,2
DA:15,2
DA:49,2
LF:3
LH:3
BRF:0
BRH:0
end_of_record
TN:
SF:src/atoms/textarea/index.js
FNF:0
FNH:0
LF:0
LH:0
BRF:0
BRH:0
end_of_record
TN:
SF:src/atoms/tooltip/Tooltip.js
FN:11,(anonymous_0)
FN:15,(anonymous_1)
FN:21,(anonymous_2)
FN:27,(anonymous_3)
FN:36,(anonymous_4)
FN:52,(anonymous_5)
FN:54,(anonymous_6)
FN:62,(anonymous_7)
FNF:8
FNH:7
FNDA:7,(anonymous_0)
FNDA:5,(anonymous_1)
FNDA:2,(anonymous_2)
FNDA:5,(anonymous_3)
FNDA:7,(anonymous_4)
FNDA:7,(anonymous_5)
FNDA:0,(anonymous_6)
FNDA:3,(anonymous_7)
DA:6,2
DA:11,2
DA:12,7
DA:13,7
DA:15,7
DA:16,5
DA:17,5
DA:18,5
DA:19,5
DA:21,5
DA:22,2
DA:24,5
DA:25,5
DA:27,5
DA:28,5
DA:29,5
DA:33,7
DA:36,2
DA:45,7
DA:46,7
DA:48,7
DA:52,7
DA:53,7
DA:54,7
DA:55,0
DA:60,7
DA:61,3
DA:62,3
DA:66,7
DA:78,2
DA:85,2
LF:31
LH:30
BRDA:17,0,0,5
BRDA:17,0,1,0
BRDA:22,1,0,2
BRDA:22,1,1,0
BRDA:48,2,0,7
BRDA:48,2,1,0
BRDA:60,3,0,3
BRDA:60,3,1,4
BRDA:60,4,0,7
BRDA:60,4,1,7
BRDA:66,5,0,3
BRDA:66,5,1,4
BRDA:68,6,0,3
BRDA:68,6,1,3
BRDA:72,7,0,4
BRDA:72,7,1,4
BRDA:73,8,0,4
BRDA:73,8,1,4
BRF:18
BRH:15
end_of_record
TN:
SF:src/atoms/tooltip/Tooltip.styles.js
FN:14,(anonymous_0)
FN:15,(anonymous_1)
FN:35,(anonymous_2)
FN:36,(anonymous_3)
FNF:4
FNH:4
FNDA:7,(anonymous_0)
FNDA:7,(anonymous_1)
FNDA:3,(anonymous_2)
FNDA:3,(anonymous_3)
DA:4,2
DA:14,7
DA:15,7
DA:31,2
DA:35,3
DA:36,3
DA:39,2
DA:47,2
DA:52,2
DA:61,2
DA:70,2
LF:11
LH:11
BRDA:14,0,0,2
BRDA:14,0,1,5
BRDA:15,1,0,2
BRDA:15,1,1,5
BRDA:35,2,0,3
BRDA:35,2,1,0
BRDA:36,3,0,3
BRDA:36,3,1,0
BRF:8
BRH:6
end_of_record
TN:
SF:src/hooks/click-outside.js
FN:3,(anonymous_0)
FN:4,(anonymous_1)
FN:9,(anonymous_2)
FN:12,(anonymous_3)
FNF:4
FNH:4
FNDA:64,(anonymous_0)
FNDA:1,(anonymous_1)
FNDA:60,(anonymous_2)
FNDA:4,(anonymous_3)
DA:3,5
DA:4,64
DA:5,1
DA:6,0
DA:9,64
DA:10,60
DA:11,4
DA:12,4
DA:13,4
LF:9
LH:8
BRDA:5,0,0,0
BRDA:5,0,1,1
BRDA:5,1,0,1
BRDA:5,1,1,1
BRDA:10,2,0,4
BRDA:10,2,1,56
BRF:6
BRH:5
end_of_record
TN:
SF:src/hooks/key-press.js
FN:3,(anonymous_0)
FN:6,downHandler
FN:12,(anonymous_2)
FN:18,(anonymous_3)
FN:21,(anonymous_4)
FNF:5
FNH:3
FNDA:63,(anonymous_0)
FNDA:0,downHandler
FNDA:0,(anonymous_2)
FNDA:57,(anonymous_3)
FNDA:57,(anonymous_4)
DA:3,2
DA:4,63
DA:7,0
DA:8,0
DA:12,63
DA:13,0
DA:14,0
DA:18,63
DA:19,57
DA:20,57
DA:21,57
DA:22,57
DA:23,57
DA:27,63
LF:14
LH:10
BRDA:7,0,0,0
BRDA:7,0,1,0
BRDA:13,1,0,0
BRDA:13,1,1,0
BRF:4
BRH:0
end_of_record
TN:
SF:src/molecules/index.js
FNF:0
FNH:0
LF:0
LH:0
BRF:0
BRH:0
end_of_record
TN:
SF:src/molecules/card/Card.js
FN:21,(anonymous_0)
FNF:1
FNH:1
FNDA:1,(anonymous_0)
DA:11,2
DA:21,2
DA:22,1
DA:24,1
DA:25,0
DA:27,1
DA:36,2
DA:38,2
LF:8
LH:7
BRDA:22,0,0,1
BRDA:22,0,1,1
BRDA:24,1,0,0
BRDA:24,1,1,1
BRF:4
BRH:3
end_of_record
TN:
SF:src/molecules/card/carditem/index.js
FN:21,(anonymous_0)
FN:40,(anonymous_1)
FN:79,(anonymous_2)
FN:99,(anonymous_3)
FNF:4
FNH:4
FNDA:4,(anonymous_0)
FNDA:2,(anonymous_1)
FNDA:1,(anonymous_2)
FNDA:3,(anonymous_3)
DA:21,4
DA:22,4
DA:35,4
DA:40,4
DA:49,2
DA:67,4
DA:70,4
DA:79,4
DA:80,1
DA:88,4
DA:93,4
DA:99,4
DA:100,3
DA:102,3
DA:103,0
DA:105,3
DA:108,4
LF:17
LH:16
BRDA:44,0,0,0
BRDA:52,1,0,2
BRDA:52,1,1,2
BRDA:58,2,0,2
BRDA:58,2,1,1
BRDA:100,3,0,3
BRDA:100,3,1,3
BRDA:102,4,0,0
BRDA:102,4,1,3
BRF:9
BRH:7
end_of_record
TN:
SF:src/molecules/card/carditem/style.js
FN:41,(anonymous_0)
FN:64,(anonymous_1)
FN:68,(anonymous_2)
FNF:3
FNH:3
FNDA:2,(anonymous_0)
FNDA:2,(anonymous_1)
FNDA:2,(anonymous_2)
DA:5,4
DA:10,4
DA:15,4
DA:19,4
DA:34,4
DA:42,2
DA:52,4
DA:64,2
DA:67,4
DA:68,2
DA:76,4
DA:81,4
DA:85,4
DA:93,4
DA:107,4
DA:113,4
LF:16
LH:16
BRDA:42,0,0,2
BRDA:42,0,1,1
BRDA:64,1,0,2
BRDA:64,1,1,1
BRDA:68,2,0,1
BRDA:68,2,1,1
BRF:6
BRH:6
end_of_record
TN:
SF:src/molecules/card/carousel/index.js
FN:12,(anonymous_0)
FN:22,(anonymous_1)
FN:23,(anonymous_2)
FN:45,(anonymous_3)
FNF:4
FNH:3
FNDA:3,(anonymous_0)
FNDA:1,(anonymous_1)
FNDA:1,(anonymous_2)
FNDA:0,(anonymous_3)
DA:12,3
DA:20,3
DA:22,3
DA:23,1
DA:24,1
DA:27,3
DA:44,3
DA:48,3
LF:8
LH:8
BRDA:17,0,0,0
BRDA:34,1,0,3
BRDA:34,1,1,3
BRDA:36,2,0,3
BRDA:36,2,1,3
BRDA:37,3,0,3
BRDA:37,3,1,3
BRF:7
BRH:6
end_of_record
TN:
SF:src/molecules/card/carousel/style.js
FN:11,(anonymous_0)
FN:17,(anonymous_1)
FN:24,(anonymous_2)
FNF:3
FNH:3
FNDA:3,(anonymous_0)
FNDA:3,(anonymous_1)
FNDA:3,(anonymous_2)
DA:4,3
DA:11,3
DA:18,3
DA:25,3
DA:28,3
DA:36,3
DA:44,3
DA:48,3
DA:53,3
LF:9
LH:9
BRDA:11,0,0,3
BRDA:11,0,1,2
BRDA:18,1,0,3
BRDA:18,1,1,2
BRDA:25,2,0,3
BRDA:25,2,1,1
BRF:6
BRH:6
end_of_record
TN:
SF:src/molecules/card/expandable/index.js
FN:12,(anonymous_0)
FN:15,(anonymous_1)
FN:16,(anonymous_2)
FNF:3
FNH:3
FNDA:4,(anonymous_0)
FNDA:1,(anonymous_1)
FNDA:1,(anonymous_2)
DA:12,3
DA:13,4
DA:15,4
DA:16,1
DA:18,4
DA:35,3
LF:6
LH:6
BRF:0
BRH:0
end_of_record
TN:
SF:src/molecules/card/expandable/style.js
FN:33,(anonymous_0)
FN:55,(anonymous_1)
FNF:2
FNH:2
FNDA:4,(anonymous_0)
FNDA:4,(anonymous_1)
DA:4,3
DA:29,3
DA:34,4
DA:40,3
DA:49,3
DA:53,3
DA:55,4
LF:7
LH:7
BRDA:34,0,0,4
BRDA:34,0,1,1
BRDA:55,1,0,1
BRDA:55,1,1,3
BRF:4
BRH:4
end_of_record
TN:
SF:src/molecules/card/fullaccess/index.js
FN:5,(anonymous_0)
FNF:1
FNH:1
FNDA:2,(anonymous_0)
DA:5,3
DA:6,2
DA:14,3
LF:3
LH:3
BRF:0
BRH:0
end_of_record
TN:
SF:src/molecules/card/fullaccess/style.js
FN:26,(anonymous_0)
FNF:1
FNH:1
FNDA:2,(anonymous_0)
DA:4,3
DA:7,3
DA:11,3
DA:12,3
DA:13,3
DA:15,3
DA:26,2
DA:29,3
LF:8
LH:8
BRDA:26,0,0,2
BRDA:26,0,1,2
BRF:2
BRH:2
end_of_record
TN:
SF:src/molecules/card/hierarchytree/index.js
FN:10,(anonymous_0)
FN:20,(anonymous_1)
FN:21,(anonymous_2)
FN:47,(anonymous_3)
FNF:4
FNH:3
FNDA:4,(anonymous_0)
FNDA:1,(anonymous_1)
FNDA:1,(anonymous_2)
FNDA:0,(anonymous_3)
DA:10,3
DA:18,4
DA:20,4
DA:21,1
DA:22,1
DA:25,4
DA:26,0
DA:36,4
DA:46,3
DA:50,3
LF:10
LH:9
BRDA:25,0,0,0
BRDA:25,0,1,4
BRF:2
BRH:1
end_of_record
TN:
SF:src/molecules/card/hierarchytree/style.js
FN:34,(anonymous_0)
FN:40,(anonymous_1)
FN:43,(anonymous_2)
FN:49,(anonymous_3)
FNF:4
FNH:4
FNDA:4,(anonymous_0)
FNDA:4,(anonymous_1)
FNDA:4,(anonymous_2)
FNDA:4,(anonymous_3)
DA:4,3
DA:8,3
DA:13,3
DA:19,3
DA:20,3
DA:21,3
DA:22,3
DA:24,3
DA:35,4
DA:41,4
DA:44,4
DA:47,3
DA:49,4
DA:52,3
DA:62,3
LF:15
LH:15
BRDA:35,0,0,4
BRDA:35,0,1,3
BRDA:41,1,0,4
BRDA:41,1,1,3
BRDA:44,2,0,4
BRDA:44,2,1,1
BRDA:49,3,0,4
BRDA:49,3,1,4
BRF:8
BRH:8
end_of_record
TN:
SF:src/molecules/card/quickaccess/index.js
FN:12,(anonymous_0)
FN:22,(anonymous_1)
FN:23,(anonymous_2)
FN:46,(anonymous_3)
FNF:4
FNH:3
FNDA:3,(anonymous_0)
FNDA:1,(anonymous_1)
FNDA:1,(anonymous_2)
FNDA:0,(anonymous_3)
DA:12,3
DA:20,3
DA:22,3
DA:23,1
DA:24,1
DA:26,3
DA:45,3
DA:49,3
LF:8
LH:8
BRF:0
BRH:0
end_of_record
TN:
SF:src/molecules/card/quickaccess/style.js
FN:11,(anonymous_0)
FN:17,(anonymous_1)
FN:20,(anonymous_2)
FNF:3
FNH:3
FNDA:3,(anonymous_0)
FNDA:3,(anonymous_1)
FNDA:3,(anonymous_2)
DA:4,3
DA:12,3
DA:18,3
DA:21,3
DA:24,3
DA:39,3
DA:48,3
DA:54,3
DA:58,3
LF:9
LH:9
BRDA:12,0,0,3
BRDA:12,0,1,2
BRDA:18,1,0,3
BRDA:18,1,1,2
BRDA:21,2,0,3
BRDA:21,2,1,1
BRF:6
BRH:6
end_of_record
TN:
SF:src/molecules/card/rootcategory/index.js
FN:11,(anonymous_0)
FN:14,(anonymous_1)
FN:15,(anonymous_2)
FN:33,(anonymous_3)
FNF:4
FNH:3
FNDA:3,(anonymous_0)
FNDA:1,(anonymous_1)
FNDA:1,(anonymous_2)
FNDA:0,(anonymous_3)
DA:11,3
DA:12,3
DA:14,3
DA:15,1
DA:16,1
DA:19,3
DA:32,3
DA:36,3
LF:8
LH:8
BRF:0
BRH:0
end_of_record
TN:
SF:src/molecules/card/rootcategory/style.js
FN:11,(anonymous_0)
FN:17,(anonymous_1)
FN:23,(anonymous_2)
FNF:3
FNH:3
FNDA:3,(anonymous_0)
FNDA:3,(anonymous_1)
FNDA:3,(anonymous_2)
DA:4,3
DA:12,3
DA:18,3
DA:24,3
DA:27,3
DA:34,3
DA:41,3
DA:47,3
LF:8
LH:8
BRDA:12,0,0,3
BRDA:12,0,1,2
BRDA:18,1,0,3
BRDA:18,1,1,2
BRDA:24,2,0,3
BRDA:24,2,1,1
BRF:6
BRH:6
end_of_record
TN:
SF:src/molecules/dropdown/Dropdown.js
FN:15,(anonymous_0)
FN:29,(anonymous_1)
FN:31,(anonymous_2)
FN:31,(anonymous_3)
FN:39,(anonymous_4)
FN:44,(anonymous_5)
FN:46,(anonymous_6)
FN:52,(anonymous_7)
FN:54,(anonymous_8)
FN:58,(anonymous_9)
FN:89,(anonymous_10)
FNF:11
FNH:8
FNDA:21,(anonymous_0)
FNDA:1,(anonymous_1)
FNDA:4,(anonymous_2)
FNDA:1,(anonymous_3)
FNDA:0,(anonymous_4)
FNDA:19,(anonymous_5)
FNDA:0,(anonymous_6)
FNDA:19,(anonymous_7)
FNDA:0,(anonymous_8)
FNDA:20,(anonymous_9)
FNDA:4,(anonymous_10)
DA:15,2
DA:22,21
DA:23,21
DA:24,21
DA:25,21
DA:27,21
DA:28,21
DA:29,21
DA:31,21
DA:32,1
DA:33,1
DA:34,1
DA:36,21
DA:37,21
DA:40,0
DA:44,21
DA:45,19
DA:46,0
DA:47,0
DA:52,21
DA:53,19
DA:54,0
DA:58,21
DA:59,20
DA:60,0
DA:61,0
DA:65,21
DA:90,4
DA:104,2
LF:29
LH:23
BRDA:16,0,0,0
BRDA:45,1,0,0
BRDA:45,1,1,19
BRDA:45,2,0,19
BRDA:45,2,1,19
BRDA:45,2,2,0
BRDA:47,3,0,0
BRDA:47,3,1,0
BRDA:53,4,0,0
BRDA:53,4,1,19
BRDA:53,5,0,19
BRDA:53,5,1,19
BRDA:53,5,2,0
BRDA:54,6,0,0
BRDA:54,6,1,0
BRDA:59,7,0,0
BRDA:59,7,1,20
BRDA:59,8,0,20
BRDA:59,8,1,20
BRDA:71,9,0,21
BRDA:71,9,1,4
BRDA:78,10,0,21
BRDA:78,10,1,21
BRDA:81,11,0,1
BRDA:81,11,1,20
BRDA:86,12,0,21
BRDA:86,12,1,1
BRDA:93,13,0,4
BRDA:93,13,1,0
BRF:29
BRH:18
end_of_record
TN:
SF:src/molecules/dropdown/index.js
FNF:0
FNH:0
LF:0
LH:0
BRF:0
BRH:0
end_of_record
TN:
SF:src/molecules/dropdown/mock.js
FNF:0
FNH:0
DA:1,1
DA:7,1
DA:13,1
LF:3
LH:3
BRF:0
BRH:0
end_of_record
TN:
SF:src/molecules/dropdown/styles.js
FN:10,(anonymous_0)
FN:25,(anonymous_1)
FN:26,(anonymous_2)
FN:44,(anonymous_3)
FN:60,(anonymous_4)
FN:97,(anonymous_5)
FNF:6
FNH:6
FNDA:21,(anonymous_0)
FNDA:21,(anonymous_1)
FNDA:21,(anonymous_2)
FNDA:21,(anonymous_3)
FNDA:21,(anonymous_4)
FNDA:1,(anonymous_5)
DA:4,2
DA:9,2
DA:10,21
DA:16,2
DA:22,2
DA:25,21
DA:27,21
DA:45,21
DA:61,21
DA:75,2
DA:81,2
DA:98,1
DA:110,2
LF:13
LH:13
BRDA:10,0,0,4
BRDA:10,0,1,17
BRDA:27,1,0,4
BRDA:27,1,1,17
BRDA:45,2,0,4
BRDA:45,2,1,17
BRDA:61,3,0,4
BRDA:61,3,1,17
BRDA:98,4,0,1
BRDA:98,4,1,0
BRF:10
BRH:9
end_of_record
TN:
SF:src/molecules/flyout/Flyout.js
FN:7,(anonymous_0)
FN:13,(anonymous_1)
FN:19,(anonymous_2)
FN:28,(anonymous_3)
FN:33,(anonymous_4)
FNF:5
FNH:4
FNDA:18,(anonymous_0)
FNDA:0,(anonymous_1)
FNDA:1,(anonymous_2)
FNDA:17,(anonymous_3)
FNDA:16,(anonymous_4)
DA:7,2
DA:8,18
DA:10,18
DA:11,18
DA:14,0
DA:19,18
DA:20,1
DA:21,1
DA:28,18
DA:29,17
DA:30,17
DA:31,16
DA:33,16
DA:34,16
DA:39,18
DA:54,2
LF:16
LH:15
BRDA:30,0,0,16
BRDA:30,0,1,1
BRDA:48,1,0,18
BRDA:48,1,1,18
BRF:4
BRH:4
end_of_record
TN:
SF:src/molecules/flyout/Flyout.styles.js
FNF:0
FNH:0
DA:4,2
LF:1
LH:1
BRF:0
BRH:0
end_of_record
TN:
SF:src/molecules/flyout/index.js
FNF:0
FNH:0
LF:0
LH:0
BRF:0
BRH:0
end_of_record
TN:
SF:src/molecules/flyout/mock.js
FN:35,(anonymous_0)
FNF:1
FNH:1
FNDA:18,(anonymous_0)
DA:5,2
DA:35,2
DA:36,18
LF:3
LH:3
BRF:0
BRH:0
end_of_record
TN:
SF:src/molecules/snake-bar/Icon.js
FN:6,(anonymous_0)
FNF:1
FNH:1
FNDA:2,(anonymous_0)
DA:6,2
DA:7,2
DA:8,0
DA:9,0
DA:12,2
LF:5
LH:3
BRDA:7,0,0,2
BRDA:7,0,1,0
BRDA:8,1,0,0
BRDA:8,1,1,0
BRF:4
BRH:1
end_of_record
TN:
SF:src/molecules/snake-bar/Snakebar.js
FN:7,(anonymous_0)
FN:20,(anonymous_1)
FNF:2
FNH:1
FNDA:2,(anonymous_0)
FNDA:0,(anonymous_1)
DA:7,2
DA:18,2
DA:20,2
DA:21,0
DA:22,0
DA:25,2
DA:27,2
DA:30,2
DA:31,2
DA:39,2
DA:40,2
DA:47,2
DA:66,2
DA:78,2
LF:14
LH:12
BRDA:21,0,0,0
BRDA:21,0,1,0
BRDA:25,1,0,0
BRDA:25,1,1,2
BRDA:27,2,0,0
BRDA:27,2,1,2
BRDA:30,3,0,2
BRDA:30,3,1,0
BRDA:39,4,0,2
BRDA:39,4,1,0
BRDA:49,5,0,0
BRDA:49,5,1,2
BRDA:56,6,0,2
BRDA:56,6,1,2
BRF:14
BRH:7
end_of_record
TN:
SF:src/molecules/snake-bar/Snakebar.styles.js
FNF:0
FNH:0
DA:4,2
LF:1
LH:1
BRF:0
BRH:0
end_of_record
TN:
SF:src/molecules/snake-bar/index.js
FNF:0
FNH:0
LF:0
LH:0
BRF:0
BRH:0
end_of_record
TN:
SF:src/organisms/index.js
FNF:0
FNH:0
LF:0
LH:0
BRF:0
BRH:0
end_of_record
TN:
SF:src/organisms/header/Header.js
FN:9,(anonymous_0)
FNF:1
FNH:1
FNDA:1,(anonymous_0)
DA:9,1
DA:10,1
DA:28,1
LF:3
LH:3
BRDA:9,0,0,0
BRF:1
BRH:0
end_of_record
TN:
SF:src/organisms/header/Header.styles.js
FNF:0
FNH:0
DA:4,1
LF:1
LH:1
BRF:0
BRH:0
end_of_record
TN:
SF:src/organisms/header/Logo.js
FN:4,(anonymous_0)
FNF:1
FNH:1
FNDA:1,(anonymous_0)
DA:4,1
DA:5,1
DA:6,1
DA:13,1
LF:4
LH:4
BRDA:8,0,0,0
BRDA:8,0,1,1
BRDA:8,1,0,1
BRDA:8,1,1,0
BRF:4
BRH:2
end_of_record
TN:
SF:src/organisms/header/ProductLinks.js
FN:10,(anonymous_0)
FN:17,(anonymous_1)
FNF:2
FNH:2
FNDA:1,(anonymous_0)
FNDA:5,(anonymous_1)
DA:10,1
DA:11,1
DA:12,1
DA:14,1
DA:18,5
DA:20,1
DA:21,1
DA:23,1
DA:24,1
DA:26,1
DA:27,1
DA:29,1
DA:30,1
DA:32,1
DA:33,1
DA:35,0
DA:37,5
DA:53,1
LF:18
LH:17
BRDA:16,0,0,1
BRDA:16,0,1,1
BRDA:18,1,0,1
BRDA:18,1,1,1
BRDA:18,1,2,1
BRDA:18,1,3,1
BRDA:18,1,4,1
BRDA:18,1,5,0
BRDA:39,2,0,1
BRDA:39,2,1,4
BRF:10
BRH:9
end_of_record
TN:
SF:src/organisms/header/index.js
FNF:0
FNH:0
LF:0
LH:0
BRF:0
BRH:0
end_of_record
TN:
SF:src/organisms/header/mock.js
FNF:0
FNH:0
DA:1,1
DA:30,1
LF:2
LH:2
BRF:0
BRH:0
end_of_record
TN:
SF:src/organisms/header/notification/Item.js
FN:6,(anonymous_0)
FN:22,(anonymous_1)
FNF:2
FNH:1
FNDA:4,(anonymous_0)
FNDA:0,(anonymous_1)
DA:6,1
DA:7,4
DA:31,1
LF:3
LH:3
BRF:0
BRH:0
end_of_record
TN:
SF:src/organisms/header/notification/ItemGroup.js
FN:6,(anonymous_0)
FNF:1
FNH:1
FNDA:2,(anonymous_0)
DA:6,1
DA:7,2
DA:14,1
LF:3
LH:3
BRF:0
BRH:0
end_of_record
TN:
SF:src/organisms/header/notification/Notification.js
FN:9,(anonymous_0)
FN:21,(anonymous_1)
FNF:2
FNH:2
FNDA:1,(anonymous_0)
FNDA:1,(anonymous_1)
DA:9,1
DA:10,1
DA:17,1
DA:21,1
DA:22,1
DA:50,1
LF:6
LH:6
BRDA:11,0,0,1
BRDA:11,0,1,0
BRF:2
BRH:1
end_of_record
TN:
SF:src/organisms/header/notification/index.js
FNF:0
FNH:0
LF:0
LH:0
BRF:0
BRH:0
end_of_record
TN:
SF:src/organisms/header/notification/styles.js
FNF:0
FNH:0
DA:4,1
DA:57,1
DA:59,1
DA:68,1
LF:4
LH:4
BRF:0
BRH:0
end_of_record
TN:
SF:src/organisms/header/profile/UserActions.js
FN:6,(anonymous_0)
FN:19,(anonymous_1)
FNF:2
FNH:2
FNDA:1,(anonymous_0)
FNDA:1,(anonymous_1)
DA:6,1
DA:7,1
DA:15,1
DA:19,1
DA:20,1
DA:55,1
LF:6
LH:6
BRF:0
BRH:0
end_of_record
TN:
SF:src/organisms/header/profile/index.js
FNF:0
FNH:0
LF:0
LH:0
BRF:0
BRH:0
end_of_record
TN:
SF:src/organisms/header/profile/styles.js
FNF:0
FNH:0
DA:4,1
DA:40,1
LF:2
LH:2
BRF:0
BRH:0
end_of_record
TN:
SF:src/organisms/modal/Modal.js
FN:6,(anonymous_0)
FNF:1
FNH:1
FNDA:3,(anonymous_0)
DA:6,1
DA:7,3
DA:35,1
DA:40,1
LF:4
LH:4
BRDA:7,0,0,3
BRDA:7,0,1,0
BRDA:20,1,0,3
BRDA:20,1,1,0
BRF:4
BRH:2
end_of_record
TN:
SF:src/organisms/modal/ModalFooter.js
FN:5,(anonymous_0)
FNF:1
FNH:0
FNDA:0,(anonymous_0)
DA:5,1
DA:6,0
DA:26,1
LF:3
LH:2
BRF:0
BRH:0
end_of_record
TN:
SF:src/organisms/modal/ModalHeader.js
FN:5,(anonymous_0)
FNF:1
FNH:1
FNDA:3,(anonymous_0)
DA:5,1
DA:6,3
DA:27,1
LF:3
LH:3
BRF:0
BRH:0
end_of_record
TN:
SF:src/organisms/modal/index.js
FNF:0
FNH:0
LF:0
LH:0
BRF:0
BRH:0
end_of_record
TN:
SF:src/organisms/modal/mock.js
FNF:0
FNH:0
LF:0
LH:0
BRF:0
BRH:0
end_of_record
TN:
SF:src/organisms/modal/styles.js
FN:57,(anonymous_0)
FN:68,(anonymous_1)
FNF:2
FNH:2
FNDA:3,(anonymous_0)
FNDA:3,(anonymous_1)
DA:4,1
DA:7,1
DA:10,1
DA:13,1
DA:14,1
DA:15,1
DA:16,1
DA:18,1
DA:28,1
DA:34,1
DA:40,1
DA:57,3
DA:68,3
LF:13
LH:13
BRF:0
BRH:0
end_of_record
TN:
SF:src/organisms/modal/use-modal.js
FN:3,(anonymous_0)
FN:6,toggle
FNF:2
FNH:0
FNDA:0,(anonymous_0)
FNDA:0,toggle
DA:3,1
DA:4,0
DA:7,0
DA:10,0
LF:4
LH:1
BRF:0
BRH:0
end_of_record
TN:
SF:src/organisms/tables/FabricTable.js
FN:6,(anonymous_0)
FN:18,(anonymous_1)
FN:19,(anonymous_2)
FN:20,(anonymous_3)
FN:21,(anonymous_4)
FN:22,(anonymous_5)
FN:23,(anonymous_6)
FNF:7
FNH:6
FNDA:4,(anonymous_0)
FNDA:4,(anonymous_1)
FNDA:5,(anonymous_2)
FNDA:0,(anonymous_3)
FNDA:21,(anonymous_4)
FNDA:129,(anonymous_5)
FNDA:32,(anonymous_6)
DA:6,1
DA:7,4
DA:14,1
DA:18,4
DA:19,5
DA:20,1
DA:21,21
DA:22,129
DA:23,1
DA:24,32
LF:10
LH:10
BRDA:23,0,0,32
BRF:1
BRH:1
end_of_record
TN:
SF:src/organisms/tables/MoreBtnWrapper.js
FN:8,(anonymous_0)
FN:14,(anonymous_1)
FN:25,(anonymous_2)
FNF:3
FNH:2
FNDA:17,(anonymous_0)
FNDA:0,(anonymous_1)
FNDA:1,(anonymous_2)
DA:8,1
DA:9,17
DA:10,17
DA:12,17
DA:15,0
DA:19,17
DA:26,1
DA:44,1
LF:8
LH:7
BRF:0
BRH:0
end_of_record
TN:
SF:src/organisms/tables/Table.js
FN:9,(anonymous_0)
FN:22,(anonymous_1)
FN:23,(anonymous_2)
FN:27,(anonymous_3)
FN:56,(anonymous_4)
FN:60,(anonymous_5)
FN:100,(anonymous_6)
FNF:7
FNH:7
FNDA:4,(anonymous_0)
FNDA:4,(anonymous_1)
FNDA:32,(anonymous_2)
FNDA:1,(anonymous_3)
FNDA:6,(anonymous_4)
FNDA:18,(anonymous_5)
FNDA:6,(anonymous_6)
DA:9,1
DA:15,4
DA:22,4
DA:23,4
DA:24,32
DA:27,1
DA:56,4
DA:57,6
DA:72,18
DA:110,6
DA:143,4
DA:158,1
LF:12
LH:12
BRDA:12,0,0,0
BRDA:29,1,0,1
BRDA:29,1,1,31
BRDA:35,2,0,0
BRDA:35,2,1,32
BRDA:35,3,0,32
BRDA:35,3,1,1
BRDA:41,4,0,32
BRDA:41,4,1,24
BRDA:41,4,2,21
BRDA:44,5,0,1
BRDA:44,5,1,20
BRDA:58,6,0,6
BRDA:58,6,1,6
BRDA:82,7,0,18
BRDA:82,7,1,18
BRDA:97,8,0,18
BRDA:97,8,1,6
BRDA:97,8,2,6
BRDA:119,9,0,6
BRDA:119,9,1,6
BRDA:145,10,0,4
BRDA:145,10,1,0
BRF:23
BRH:20
end_of_record
TN:
SF:src/organisms/tables/index.js
FNF:0
FNH:0
LF:0
LH:0
BRF:0
BRH:0
end_of_record
TN:
SF:src/organisms/tables/mock.js
FNF:0
FNH:0
DA:1,1
LF:1
LH:1
BRF:0
BRH:0
end_of_record
TN:
SF:src/organisms/tables/styles.js
FNF:0
FNH:0
DA:4,1
LF:1
LH:1
BRF:0
BRH:0
end_of_record
TN:
SF:src/organisms/tables/use-tables.js
FN:3,(anonymous_0)
FN:13,sortBy
FN:17,(anonymous_2)
FN:28,(anonymous_3)
FNF:4
FNH:3
FNDA:4,(anonymous_0)
FNDA:1,sortBy
FNDA:2,(anonymous_2)
FNDA:0,(anonymous_3)
DA:3,1
DA:9,4
DA:10,4
DA:11,4
DA:14,1
DA:15,1
DA:16,1
DA:17,1
DA:18,2
DA:26,1
DA:27,0
DA:28,0
DA:29,0
DA:37,0
DA:39,1
DA:40,1
DA:44,4
LF:17
LH:13
BRDA:14,0,0,1
BRDA:14,0,1,0
BRDA:14,1,0,1
BRDA:14,1,1,1
BRDA:16,2,0,1
BRDA:16,2,1,0
BRDA:27,3,0,0
BRDA:27,3,1,0
BRF:8
BRH:4
end_of_record
TN:
SF:src/svg/icon-loading.js
FN:3,(anonymous_0)
FNF:1
FNH:1
FNDA:1,(anonymous_0)
DA:4,1
LF:1
LH:1
BRF:0
BRH:0
end_of_record
TN:
SF:src/templates/index.js
FNF:0
FNH:0
LF:0
LH:0
BRF:0
BRH:0
end_of_record
